[INFO] Scanning for projects...
[INFO] ------------------------------------------------------------------------
[INFO] Reactor Build Order:
[INFO] 
[INFO] Keycloak BOM Parent                                                [pom]
[INFO] Keycloak BOM for adapters                                          [pom]
[INFO] Keycloak BOM for server extensions                                 [pom]
[INFO] Keycloak BOM utilities for the quickstarts                         [pom]
[INFO] Keycloak                                                           [pom]
[INFO] Keycloak Common                                                    [jar]
[INFO] Keycloak Core                                                      [jar]
[INFO] Keycloak Server SPI                                                [jar]
[INFO] Keycloak Server Private SPI                                        [jar]
[INFO] Keycloak Kerberos Federation                                       [jar]
[INFO] Keycloak LDAP UserStoreProvider                                    [jar]
[INFO] Keycloak SAML Core Public API                                      [jar]
[INFO] Keycloak SAML Core                                                 [jar]
[INFO] Keycloak REST Services                                             [jar]
[INFO] Keycloak JS Integration                                            [jar]
[INFO] Keycloak Themes                                                    [jar]
[INFO] Keycloak Dependencies Parent                                       [pom]
[INFO] Keycloak Dependencies Server Min                                   [pom]
[INFO] Keycloak Model Parent                                              [pom]
[INFO] Keycloak Model JPA                                                 [jar]
[INFO] Keycloak Model Java Annotations and Processor                      [jar]
[INFO] Keycloak Model Map                                                 [jar]
[INFO] Keycloak Model Infinispan                                          [jar]
[INFO] Keycloak Model Hot Rod                                             [jar]
[INFO] Keycloak SSSD Federation                                           [jar]
[INFO] KeyCloak Authz: Parent                                             [pom]
[INFO] KeyCloak AuthZ: Provider Parent                                    [pom]
[INFO] KeyCloak AuthZ: Common Policy Providers                            [jar]
[INFO] Keycloak Dependencies Server All                                   [pom]
[INFO] Keycloak Federation                                                [pom]
[INFO] Keycloak Util Embedded LDAP                                        [jar]
[INFO] Keycloak Util Parent                                               [pom]
[INFO] Keycloak WildFly Integration                                       [pom]
[INFO] Keycloak WildFly Add User Script                                   [jar]
[INFO] Keycloak WildFly Extensions                                        [jar]
[INFO] Keycloak WildFly Server Subsystem                                  [jar]
[INFO] Keycloak Integration                                               [pom]
[INFO] Keycloak Admin REST Client                                         [jar]
[INFO] Keycloak Client Registration API                                   [jar]
[INFO] Keycloak Client CLI                                                [pom]
[INFO] Keycloak Client Registration CLI                                   [jar]
[INFO] Keycloak Admin CLI                                                 [jar]
[INFO] Keycloak Client CLI Distribution                                   [pom]
[INFO] Keycloak Adapter SPI                                               [jar]
[INFO] Keycloak Tomcat Adapter SPI                                        [jar]
[INFO] Keycloak Undertow Integration SPI                                  [jar]
[INFO] Keycloak Servlet Integration                                       [jar]
[INFO] Common JBoss/Wildfly Core Classes                                  [jar]
[INFO] Keycloak Jetty Adapter SPI                                         [jar]
[INFO] Keycloak Client Adapter SPI Modules                                [pom]
[INFO] Keycloak SAML Client Adapter Public API                            [jar]
[INFO] Keycloak SAML Client Adapter Core                                  [jar]
[INFO] Keycloak Undertow SAML Adapter                                     [jar]
[INFO] Keycloak SAML Tomcat Integration                                   [pom]
[INFO] Keycloak Tomcat Core SAML Integration                              [jar]
[INFO] Keycloak Tomcat SAML Integration                                   [jar]
[INFO] Keycloak Tomcat 7 SAML Integration                                 [jar]
[INFO] Keycloak Wildfly SAML Adapter                                      [jar]
[INFO] KeyCloak Authz: Client API                                         [jar]
[INFO] Keycloak Adapter Core                                              [jar]
[INFO] Keycloak WildFly Elytron SAML Adapter                              [jar]
[INFO] Keycloak Wildfly SAML Adapter Subsystem                            [jar]
[INFO] Keycloak SAML Wildfly Integration                                  [pom]
[INFO] Keycloak SAML Servlet Filter                                       [jar]
[INFO] Keycloak Jetty Core SAML Integration                               [jar]
[INFO] Keycloak Jetty 9.2.x SAML Integration                              [jar]
[INFO] Keycloak Jetty 9.3.x SAML Integration                              [jar]
[INFO] Keycloak Jetty 9.4.x SAML Integration                              [jar]
[INFO] Keycloak SAML Jetty Integration                                    [pom]
[INFO] Keycloak AS7 / JBoss EAP 6 Integration                             [pom]
[INFO] Keycloak AS7 SPI                                                   [jar]
[INFO] Keycloak SAML EAP Integration                                      [pom]
[INFO] Keycloak SAML AS7 Integration                                      [jar]
[INFO] Keycloak SAML AS7 Subsystem                                        [jar]
[INFO] Keycloak SAML Client Adapter Modules                               [pom]
[INFO] Keycloak Installed Application                                     [jar]
[INFO] Keycloak Undertow Integration                                      [jar]
[INFO] Keycloak Fuse 7.0 Integration                                      [pom]
[INFO] Keycloak Fuse 7.0 Adapter - Camel + Undertow                    [bundle]
[INFO] Keycloak OSGI Adapter                                              [jar]
[INFO] Keycloak Fuse 7.0 Adapter - Undertow                            [bundle]
[INFO] Keycloak Jetty Core Integration                                    [jar]
[INFO] Keycloak Jetty 9.4.x Integration                                   [jar]
[INFO] Keycloak Fuse 7.0 Adapter - Jetty 9.4                           [bundle]
[INFO] Keycloak Tomcat Integration                                        [pom]
[INFO] Keycloak Tomcat Core Integration                                   [jar]
[INFO] Keycloak Tomcat Integration                                        [jar]
[INFO] Keycloak Fuse 7.0 Adapter - Tomcat 8                            [bundle]
[INFO] Keycloak CLI SSO Framework                                         [jar]
[INFO] Keycloak JAX-RS OAuth Client                                       [jar]
[INFO] Keycloak Jetty 9.2.x Integration                                   [jar]
[INFO] Keycloak Jetty 9.3.x Integration                                   [jar]
[INFO] Keycloak Jetty Integration                                         [pom]
[INFO] Keycloak Servlet Filter Adapter Integration                        [jar]
[INFO] spring-boot-container-bundle                                       [jar]
[INFO] spring-boot-legacy-container-bundle                                [jar]
[INFO] Keycloak Spring Security Integration                               [jar]
[INFO] Keycloak Spring Boot Adapter Core                                  [jar]
[INFO] Keycloak Spring Boot Integration                                   [jar]
[INFO] Keycloak Spring Boot 2 Integration                                 [jar]
[INFO] Keycloak Tomcat 7 Integration                                      [jar]
[INFO] Keycloak Wildfly Integration                                       [jar]
[INFO] Keycloak Wildfly Elytron OIDC Adapter                              [jar]
[INFO] Keycloak Wildfly Adapter Subsystem                                 [jar]
[INFO] Keycloak WildFly Integration                                       [pom]
[INFO] Keycloak AS7 Integration                                           [jar]
[INFO] Keycloak AS7 Subsystem                                             [jar]
[INFO] Keycloak OIDC Client Adapter Modules                               [pom]
[INFO] Keycloak Adapters                                                  [pom]
[INFO] Keycloak Misc                                                      [pom]
[INFO] Keycloak :: Spring :: Boot                                         [pom]
[INFO] Keycloak :: Spring :: Boot :: Default ::  Starter                  [jar]
[INFO] Keycloak :: Spring :: Boot                                         [pom]
[INFO] Keycloak :: Legacy :: Spring :: Boot :: Default ::  Starter        [jar]
[INFO] keycloak-test-helper                                               [jar]
[INFO] Keycloak TestSuite                                                 [pom]
[INFO] DB Allocator Plugin                                       [maven-plugin]
[INFO] Keycloak Arquillian Integration TestSuite                          [pom]
[INFO] Test apps                                                          [pom]
[INFO] Test apps distribution                                             [jar]
[INFO] Keycloak Authz: PhotoZ  Test Parent                                [pom]
[INFO] Keycloak Authz Test: Photoz RESTful API                            [war]
[INFO] Keycloak Authz Tests: Photoz HTML5 Client                          [war]
[INFO] Keycloak Authz Tests: Hello World Example                          [war]
[INFO] Keycloak Authz: Servlet Authorization Test                         [war]
[INFO] Keycloak Authz: Simple Servlet App with Policy Enforcer            [war]
[INFO] integration-arquillian-test-apps-servlets                          [jar]
[INFO] Keycloak Test App Profile JEE                                      [war]
[INFO] integration-arquillian-test-apps-cors-parent                       [pom]
[INFO] Angular Product Portal JS                                          [war]
[INFO] JAX-RS Database Service Using OAuth Bearer Tokens                  [war]
[INFO] Fuse Test Applications                                             [pom]
[INFO] Customer Portal - Secured in Karaf/Fuse                            [war]
[INFO] CXF JAXRS Example - Secured in Karaf/Fuse                       [bundle]
[INFO] CXF JAXRS Example - Secured in Karaf/Fuse 7 on Undertow         [bundle]
[INFO] CXF JAXWS Example - Secured in Karaf/Fuse                       [bundle]
[INFO] CXF JAXWS Example - Secured in Karaf/Fuse 7 on Undertow         [bundle]
[INFO] Product Portal - Secured in Karaf/Fuse                          [bundle]
[INFO] Product Portal - Secured in Karaf/Fuse 7 on Undertow            [bundle]
[INFO] Camel endpoint example - Secured in Karaf/Fuse                  [bundle]
[INFO] Camel endpoint example - Secured in Karaf/Fuse 7.0 on Undertow  [bundle]
[INFO] Keycloak Fuse Example - Features                                   [jar]
[INFO] Keycloak Examples - External Config                                [war]
[INFO] spring-boot-adapter-app                                            [jar]
[INFO] Servers                                                            [pom]
[INFO] Auth Server                                                        [pom]
[INFO] Auth Server Services                                               [pom]
[INFO] Auth Server Services - Testsuite Providers                         [jar]
[INFO] Auth Server - JBoss                                                [pom]
[INFO] Keycloak TestSuite Utils                                           [jar]
[INFO] Test Util                                                          [jar]
[INFO] Auth Server - Undertow                                             [jar]
[INFO] App Server                                                         [pom]
[INFO] App Server - SPI                                                   [jar]
[INFO] App Server - JBoss                                                 [pom]
[INFO] App Server - Karaf                                                 [pom]
[INFO] App Server - Tomcat                                                [pom]
[INFO] App Server - Undertow                                              [jar]
[INFO] App Server - Jetty Parent                                          [pom]
[INFO] Keycloak Arquillian Integration TestSuite - Cache Server           [pom]
[INFO] Keycloak Arquillian Integration TestSuite - Cache Server - Infinispan [pom]
[INFO] Keycloak Arquillian Integration TestSuite - Cache Server - Legacy  [pom]
[INFO] Tests                                                              [pom]
[INFO] Base TestSuite                                                     [jar]
[INFO] Other Tests Modules                                                [pom]
[INFO] Adapter Tests                                                      [pom]
[INFO] Adapter Tests - JBoss                                              [pom]
[INFO] Adapter Tests - Karaf                                              [pom]
[INFO] Adapter Tests - WAS                                                [pom]
[INFO] Adapter Tests - WLS                                                [pom]
[INFO] SSSD tests                                                         [jar]
[INFO] Tests for logical storage layer                                    [jar]
[INFO] Keycloak Examples                                                  [pom]
[INFO] Keycloak Examples - Admin Client                                   [war]
[INFO] Broker Examples                                                    [pom]
[INFO] Keycloak Broker Examples - Facebook Authentication                 [war]
[INFO] Keycloak Broker Examples - Google Authentication                   [war]
[INFO] Keycloak Broker Examples - SAML Identity Provider Brokering        [war]
[INFO] Keycloak Broker Examples - Twitter Authentication                  [war]
[INFO] Keycloak Examples - CORS                                           [pom]
[INFO] Angular Product Portal JS                                          [war]
[INFO] JAX-RS Database Service Using OAuth Bearer Tokens                  [war]
[INFO] Provider Examples                                                  [pom]
[INFO] REST Example                                                       [jar]
[INFO] Domain Extension Example                                           [jar]
[INFO] Authenticator Example                                              [jar]
[INFO] JS Console                                                         [war]
[INFO] Keycloak Examples - Kerberos Credential Delegation                 [war]
[INFO] Themes Examples                                                    [jar]
[INFO] SAML Examples                                                      [pom]
[INFO] Keycloak SAML Adapter as a Servlet Filter                          [war]
[INFO] LDAP Demo Application                                              [war]
[INFO] 
[INFO] ----------------< org.keycloak.bom:keycloak-bom-parent >----------------
[INFO] Building Keycloak BOM Parent 16.0.0-SNAPSHOT                     [1/192]
[INFO] --------------------------------[ pom ]---------------------------------
[INFO] 
[INFO] --- maven-enforcer-plugin:3.0.0-M2:enforce (enforce-java-version) @ keycloak-bom-parent ---
[INFO] 
[INFO] --- maven-enforcer-plugin:3.0.0-M2:enforce (enforce-maven-version) @ keycloak-bom-parent ---
[INFO] 
[INFO] --- buildnumber-maven-plugin:1.4:create (get-scm-revision) @ keycloak-bom-parent ---
[INFO] Executing: /bin/sh -c cd '/home/target/boms' && 'git' 'rev-parse' '--verify' 'HEAD'
[INFO] Working directory: /home/target/boms
[INFO] Storing buildNumber: 58d403cf24e6d57d2776d6b85f914db3eecf331d at timestamp: 1641671623588
[INFO] Storing buildScmBranch: main
[INFO] 
[INFO] ---------------< org.keycloak.bom:keycloak-adapter-bom >----------------
[INFO] Building Keycloak BOM for adapters 16.0.0-SNAPSHOT               [2/192]
[INFO] --------------------------------[ pom ]---------------------------------
[INFO] 
[INFO] --- maven-enforcer-plugin:3.0.0-M2:enforce (enforce-java-version) @ keycloak-adapter-bom ---
[INFO] 
[INFO] --- maven-enforcer-plugin:3.0.0-M2:enforce (enforce-maven-version) @ keycloak-adapter-bom ---
[INFO] 
[INFO] --- buildnumber-maven-plugin:1.4:create (get-scm-revision) @ keycloak-adapter-bom ---
[INFO] 
[INFO] -----------------< org.keycloak.bom:keycloak-spi-bom >------------------
[INFO] Building Keycloak BOM for server extensions 16.0.0-SNAPSHOT      [3/192]
[INFO] --------------------------------[ pom ]---------------------------------
[INFO] 
[INFO] --- maven-enforcer-plugin:3.0.0-M2:enforce (enforce-java-version) @ keycloak-spi-bom ---
[INFO] 
[INFO] --- maven-enforcer-plugin:3.0.0-M2:enforce (enforce-maven-version) @ keycloak-spi-bom ---
[INFO] 
[INFO] --- buildnumber-maven-plugin:1.4:create (get-scm-revision) @ keycloak-spi-bom ---
[INFO] 
[INFO] -----------------< org.keycloak.bom:keycloak-misc-bom >-----------------
[INFO] Building Keycloak BOM utilities for the quickstarts 16.0.0-SNAPSHOT [4/192]
[INFO] --------------------------------[ pom ]---------------------------------
[INFO] 
[INFO] --- maven-enforcer-plugin:3.0.0-M2:enforce (enforce-java-version) @ keycloak-misc-bom ---
[INFO] 
[INFO] --- maven-enforcer-plugin:3.0.0-M2:enforce (enforce-maven-version) @ keycloak-misc-bom ---
[INFO] 
[INFO] --- buildnumber-maven-plugin:1.4:create (get-scm-revision) @ keycloak-misc-bom ---
[INFO] 
[INFO] --------------------< org.keycloak:keycloak-parent >--------------------
[INFO] Building Keycloak 16.0.0-SNAPSHOT                                [5/192]
[INFO] --------------------------------[ pom ]---------------------------------
[INFO] 
[INFO] --- maven-enforcer-plugin:3.0.0-M2:enforce (enforce-java-version) @ keycloak-parent ---
[INFO] 
[INFO] --- maven-enforcer-plugin:3.0.0-M2:enforce (enforce-maven-version) @ keycloak-parent ---
[INFO] 
[INFO] --- buildnumber-maven-plugin:1.4:create (get-scm-revision) @ keycloak-parent ---
[INFO] 
[INFO] --------------------< org.keycloak:keycloak-common >--------------------
[INFO] Building Keycloak Common 16.0.0-SNAPSHOT                         [6/192]
[INFO] --------------------------------[ jar ]---------------------------------
[INFO] 
[INFO] --- maven-enforcer-plugin:3.0.0-M2:enforce (enforce-java-version) @ keycloak-common ---
[INFO] 
[INFO] --- maven-enforcer-plugin:3.0.0-M2:enforce (enforce-maven-version) @ keycloak-common ---
[INFO] 
[INFO] --- buildnumber-maven-plugin:1.4:create (get-scm-revision) @ keycloak-common ---
[INFO] 
[INFO] --- maven-resources-plugin:3.1.0:resources (default-resources) @ keycloak-common ---
[INFO] Using 'UTF-8' encoding to copy filtered resources.
[INFO] Copying 1 resource
[INFO] 
[INFO] --- maven-compiler-plugin:3.8.1-jboss-1:compile (default-compile) @ keycloak-common ---
[INFO] Nothing to compile - all classes are up to date
[INFO] 
[INFO] --- maven-bundle-plugin:2.3.7:manifest (bundle-manifest) @ keycloak-common ---
[INFO] 
[INFO] --- maven-resources-plugin:3.1.0:testResources (default-testResources) @ keycloak-common ---
[INFO] Using 'UTF-8' encoding to copy filtered resources.
[INFO] skip non existing resourceDirectory /home/target/common/src/test/resources
[INFO] 
[INFO] --- maven-compiler-plugin:3.8.1-jboss-1:testCompile (default-testCompile) @ keycloak-common ---
[INFO] Nothing to compile - all classes are up to date
[INFO] 
[INFO] --- maven-surefire-plugin:3.0.0-M5:test (default-test) @ keycloak-common ---
[INFO] 
[INFO] -------------------------------------------------------
[INFO]  T E S T S
[INFO] -------------------------------------------------------
[INFO] Running org.keycloak.common.ProfileTest
Feb 26, 2022 7:00:36 AM org.keycloak.common.Profile <init>
INFO: Preview feature enabled: admin_fine_grained_authz
Feb 27, 2022 6:59:21 AM org.keycloak.common.Profile <init>
INFO: Preview feature enabled: openshift_integration
Feb 27, 2022 7:06:52 AM org.keycloak.common.Profile <init>
INFO: Preview feature enabled: scripts
Feb 27, 2022 5:55:15 PM org.keycloak.common.Profile <init>
INFO: Preview feature enabled: token_exchange
Feb 27, 2022 5:57:26 PM org.keycloak.common.Profile <init>
WARN: Deprecated feature enabled: upload_scripts
Feb 27, 2022 5:57:44 PM org.keycloak.common.Profile <init>
WARN: Preview feature enabled: scripts
Feb 27, 2022 7:49:14 PM org.keycloak.common.Profile <init>
INFO: Preview feature enabled: declarative_user_profile
Feb 27, 2022 8:15:32 PM org.keycloak.common.Profile <init>
INFO: Preview feature enabled: admin_fine_grained_authz
Feb 27, 2022 8:15:42 PM org.keycloak.common.Profile <init>
INFO: Preview feature enabled: openshift_integration
Feb 27, 2022 8:15:51 PM org.keycloak.common.Profile <init>
INFO: Preview feature enabled: scripts
Feb 27, 2022 8:16:04 PM org.keycloak.common.Profile <init>
INFO: Preview feature enabled: token_exchange
Feb 27, 2022 8:20:21 PM org.keycloak.common.Profile <init>
WARN: Deprecated feature enabled: upload_scripts
Feb 27, 2022 8:25:21 PM org.keycloak.common.Profile <init>
WARN: Preview feature enabled: scripts
Feb 27, 2022 8:30:17 PM org.keycloak.common.Profile <init>
INFO: Preview feature enabled: declarative_user_profile
[INFO] Tests run: 4, Failures: 0, Errors: 0, Skipped: 0, Time elapsed: 344,142 s - in org.keycloak.common.ProfileTest
[INFO] Running org.keycloak.common.util.CollectionUtilTest
[INFO] Tests run: 4, Failures: 0, Errors: 0, Skipped: 0, Time elapsed: 217 s - in org.keycloak.common.util.CollectionUtilTest
[INFO] Running org.keycloak.common.util.HtmlUtilsTest
[INFO] Tests run: 1, Failures: 0, Errors: 0, Skipped: 0, Time elapsed: 276 s - in org.keycloak.common.util.HtmlUtilsTest
[INFO] Running org.keycloak.common.util.KeyUtilsTest
[INFO] Tests run: 1, Failures: 0, Errors: 0, Skipped: 0, Time elapsed: 7 s - in org.keycloak.common.util.KeyUtilsTest
[INFO] Running org.keycloak.common.util.KeycloakUriBuilderTest
[INFO] Tests run: 1, Failures: 0, Errors: 0, Skipped: 0, Time elapsed: 14 s - in org.keycloak.common.util.KeycloakUriBuilderTest
[INFO] Running org.keycloak.common.util.MultivaluedHashMapTest
[INFO] Tests run: 5, Failures: 0, Errors: 0, Skipped: 0, Time elapsed: 68,578 s - in org.keycloak.common.util.MultivaluedHashMapTest
[INFO] Running org.keycloak.common.util.PathMatcherTest
[INFO] Tests run: 1, Failures: 0, Errors: 0, Skipped: 0, Time elapsed: 174 s - in org.keycloak.common.util.PathMatcherTest
[INFO] Running org.keycloak.common.util.PemUtilsTest
[INFO] Tests run: 4, Failures: 0, Errors: 0, Skipped: 0, Time elapsed: 2,129,477 s - in org.keycloak.common.util.PemUtilsTest
[INFO] Running org.keycloak.common.util.StringPropertyReplacerTest
[INFO] Tests run: 1, Failures: 0, Errors: 0, Skipped: 0, Time elapsed: 190 s - in org.keycloak.common.util.StringPropertyReplacerTest
[INFO] Running org.keycloak.common.util.StringSerializationTest
[INFO] Tests run: 3, Failures: 0, Errors: 0, Skipped: 0, Time elapsed: 158 s - in org.keycloak.common.util.StringSerializationTest
[INFO] 
[INFO] Results:
[INFO] 
[INFO] Tests run: 25, Failures: 0, Errors: 0, Skipped: 0
[INFO] 
[INFO] 
[INFO] ---------------------< org.keycloak:keycloak-core >---------------------
[INFO] Building Keycloak Core 16.0.0-SNAPSHOT                           [7/192]
[INFO] --------------------------------[ jar ]---------------------------------
[INFO] 
[INFO] --- maven-enforcer-plugin:3.0.0-M2:enforce (enforce-java-version) @ keycloak-core ---
[INFO] 
[INFO] --- maven-enforcer-plugin:3.0.0-M2:enforce (enforce-maven-version) @ keycloak-core ---
[INFO] 
[INFO] --- buildnumber-maven-plugin:1.4:create (get-scm-revision) @ keycloak-core ---
[INFO] 
[INFO] --- maven-resources-plugin:3.1.0:resources (default-resources) @ keycloak-core ---
[INFO] Using 'UTF-8' encoding to copy filtered resources.
[INFO] skip non existing resourceDirectory /home/target/core/src/main/resources
[INFO] 
[INFO] --- maven-compiler-plugin:3.8.1-jboss-1:compile (default-compile) @ keycloak-core ---
[INFO] Nothing to compile - all classes are up to date
[INFO] 
[INFO] --- maven-bundle-plugin:2.3.7:manifest (bundle-manifest) @ keycloak-core ---
[INFO] 
[INFO] --- maven-resources-plugin:3.1.0:testResources (default-testResources) @ keycloak-core ---
[INFO] Using 'UTF-8' encoding to copy filtered resources.
[INFO] Copying 2 resources
[INFO] 
[INFO] --- maven-compiler-plugin:3.8.1-jboss-1:testCompile (default-testCompile) @ keycloak-core ---
[INFO] Nothing to compile - all classes are up to date
[INFO] 
[INFO] --- maven-surefire-plugin:3.0.0-M5:test (default-test) @ keycloak-core ---
[INFO] 
[INFO] -------------------------------------------------------
[INFO]  T E S T S
[INFO] -------------------------------------------------------
[INFO] Running org.keycloak.AtHashTest
[INFO] Tests run: 2, Failures: 0, Errors: 0, Skipped: 0, Time elapsed: 1,220,010 s - in org.keycloak.AtHashTest
[INFO] Running org.keycloak.JsonParserTest
GROUP: ALIAS
GROUP: CRAP
ALIAS.CRAP
.pdf no match
foo.txt matches
java.lang.Double
java.lang.Boolean
java.lang.Integer
java.util.ArrayList
{
  "email_verified" : "true",
  "yo" : "true",
  "phone_number" : "978-666-0000",
  "nested" : {
    "foo" : "bar"
  }
}
email_verified property: true
property: 978-666-0000
map: null
[INFO] Tests run: 10, Failures: 0, Errors: 0, Skipped: 0, Time elapsed: -1,629,054.296 s - in org.keycloak.JsonParserTest
[INFO] Running org.keycloak.KeyPairVerifierTest
[INFO] Tests run: 1, Failures: 0, Errors: 0, Skipped: 0, Time elapsed: 180 s - in org.keycloak.KeyPairVerifierTest
[INFO] Running org.keycloak.RSAVerifierTest
-----BEGIN PUBLIC KEY-----
MIIBIjANBgkqhkiG9w0BAQEFAAOCAQ8AMIIBCgKCAQEA3M1mAdyvMtW9Zf2piyby
atH++3TKPvxPGleGM+HGUGms3UH5zt/nGb1e9vLiZoBR1hSQpILY/UAHsfmSMDgL
6pN6MrT4LEdbYp8av/bqjYtVxDns/Wq3hxskxKu8gBb1CJlWQGgs2HLJW/mAcK4v
3XxembfxVcfUUNsUuu7fW6/lEXW5twZCDmWJ26ia6s3MTujbcVSjoiDDZM2DCexl
cBg5omw53fuWYrbRw78Z8dM/9o6S9iUQiKbPjgCdOs5sDOE6m2H+1OS956yLVkJM
HXxhG/kLpvwLsVFczJsEH7eBf+n3bKcmqkMpHxqrSVmb6JFfxSYvoMZ8RZ80Y5o8
hQIDAQAB
-----END PUBLIC KEY-----

token size: 580
Expected audience not available in the token
Missing expectedAudience
encoded size: 531[ERROR] Tests run: 9, Failures: 1, Errors: 1, Skipped: 0, Time elapsed: -159,847.296 s <<< FAILURE! - in org.keycloak.RSAVerifierTest
[ERROR] org.keycloak.RSAVerifierTest.testExpirationGood  Time elapsed: 140,038 s  <<< ERROR!
org.keycloak.exceptions.TokenNotActiveException: Token is not active
	at org.keycloak.TokenVerifier$2.test(TokenVerifier.java:86)
	at org.keycloak.TokenVerifier.verify(TokenVerifier.java:473)
	at org.keycloak.RSATokenVerifier.verify(RSATokenVerifier.java:90)
	at org.keycloak.RSATokenVerifier.verifyToken(RSATokenVerifier.java:44)
	at org.keycloak.RSAVerifierTest.verifySkeletonKeyToken(RSAVerifierTest.java:158)
	at org.keycloak.RSAVerifierTest.testExpirationGood(RSAVerifierTest.java:243)
	at sun.reflect.NativeMethodAccessorImpl.invoke0(Native Method)
	at sun.reflect.NativeMethodAccessorImpl.invoke(NativeMethodAccessorImpl.java:62)
	at sun.reflect.DelegatingMethodAccessorImpl.invoke(DelegatingMethodAccessorImpl.java:43)
	at java.lang.reflect.Method.invoke(Method.java:498)
	at org.junit.runners.model.FrameworkMethod$1.runReflectiveCall(FrameworkMethod.java:59)
	at org.junit.internal.runners.model.ReflectiveCallable.run(ReflectiveCallable.java:12)
	at org.junit.runners.model.FrameworkMethod.invokeExplosively(FrameworkMethod.java:56)
	at org.junit.internal.runners.statements.InvokeMethod.evaluate(InvokeMethod.java:17)
	at org.junit.internal.runners.statements.RunBefores.evaluate(RunBefores.java:26)
	at org.junit.runners.ParentRunner$3.evaluate(ParentRunner.java:306)
	at org.junit.runners.BlockJUnit4ClassRunner$1.evaluate(BlockJUnit4ClassRunner.java:100)
	at org.junit.runners.ParentRunner.runLeaf(ParentRunner.java:366)
	at org.junit.runners.BlockJUnit4ClassRunner.runChild(BlockJUnit4ClassRunner.java:103)
	at org.junit.runners.BlockJUnit4ClassRunner.runChild(BlockJUnit4ClassRunner.java:63)
	at org.junit.runners.ParentRunner$4.run(ParentRunner.java:331)
	at org.junit.runners.ParentRunner$1.schedule(ParentRunner.java:79)
	at org.junit.runners.ParentRunner.runChildren(ParentRunner.java:329)
	at org.junit.runners.ParentRunner.access$100(ParentRunner.java:66)
	at org.junit.runners.ParentRunner$2.evaluate(ParentRunner.java:293)
	at org.junit.internal.runners.statements.RunBefores.evaluate(RunBefores.java:26)
	at org.junit.runners.ParentRunner$3.evaluate(ParentRunner.java:306)
	at org.junit.runners.ParentRunner.run(ParentRunner.java:413)
	at org.apache.maven.surefire.junit4.JUnit4Provider.execute(JUnit4Provider.java:364)
	at org.apache.maven.surefire.junit4.JUnit4Provider.executeWithRerun(JUnit4Provider.java:272)
	at org.apache.maven.surefire.junit4.JUnit4Provider.executeTestSet(JUnit4Provider.java:237)
	at org.apache.maven.surefire.junit4.JUnit4Provider.invoke(JUnit4Provider.java:158)
	at org.apache.maven.surefire.booter.ForkedBooter.runSuitesInProcess(ForkedBooter.java:428)
	at org.apache.maven.surefire.booter.ForkedBooter.execute(ForkedBooter.java:162)
	at org.apache.maven.surefire.booter.ForkedBooter.run(ForkedBooter.java:562)
	at org.apache.maven.surefire.booter.ForkedBooter.main(ForkedBooter.java:548)

[ERROR] org.keycloak.RSAVerifierTest.testNotBeforeBad  Time elapsed: 1 s  <<< FAILURE!
junit.framework.AssertionFailedError
	at junit.framework.Assert.fail(Assert.java:55)
	at junit.framework.Assert.fail(Assert.java:64)
	at org.keycloak.RSAVerifierTest.testNotBeforeBad(RSAVerifierTest.java:227)
	at sun.reflect.NativeMethodAccessorImpl.invoke0(Native Method)
	at sun.reflect.NativeMethodAccessorImpl.invoke(NativeMethodAccessorImpl.java:62)
	at sun.reflect.DelegatingMethodAccessorImpl.invoke(DelegatingMethodAccessorImpl.java:43)
	at java.lang.reflect.Method.invoke(Method.java:498)
	at org.junit.runners.model.FrameworkMethod$1.runReflectiveCall(FrameworkMethod.java:59)
	at org.junit.internal.runners.model.ReflectiveCallable.run(ReflectiveCallable.java:12)
	at org.junit.runners.model.FrameworkMethod.invokeExplosively(FrameworkMethod.java:56)
	at org.junit.internal.runners.statements.InvokeMethod.evaluate(InvokeMethod.java:17)
	at org.junit.internal.runners.statements.RunBefores.evaluate(RunBefores.java:26)
	at org.junit.runners.ParentRunner$3.evaluate(ParentRunner.java:306)
	at org.junit.runners.BlockJUnit4ClassRunner$1.evaluate(BlockJUnit4ClassRunner.java:100)
	at org.junit.runners.ParentRunner.runLeaf(ParentRunner.java:366)
	at org.junit.runners.BlockJUnit4ClassRunner.runChild(BlockJUnit4ClassRunner.java:103)
	at org.junit.runners.BlockJUnit4ClassRunner.runChild(BlockJUnit4ClassRunner.java:63)
	at org.junit.runners.ParentRunner$4.run(ParentRunner.java:331)
	at org.junit.runners.ParentRunner$1.schedule(ParentRunner.java:79)
	at org.junit.runners.ParentRunner.runChildren(ParentRunner.java:329)
	at org.junit.runners.ParentRunner.access$100(ParentRunner.java:66)
	at org.junit.runners.ParentRunner$2.evaluate(ParentRunner.java:293)
	at org.junit.internal.runners.statements.RunBefores.evaluate(RunBefores.java:26)
	at org.junit.runners.ParentRunner$3.evaluate(ParentRunner.java:306)
	at org.junit.runners.ParentRunner.run(ParentRunner.java:413)
	at org.apache.maven.surefire.junit4.JUnit4Provider.execute(JUnit4Provider.java:364)
	at org.apache.maven.surefire.junit4.JUnit4Provider.executeWithRerun(JUnit4Provider.java:272)
	at org.apache.maven.surefire.junit4.JUnit4Provider.executeTestSet(JUnit4Provider.java:237)
	at org.apache.maven.surefire.junit4.JUnit4Provider.invoke(JUnit4Provider.java:158)
	at org.apache.maven.surefire.booter.ForkedBooter.runSuitesInProcess(ForkedBooter.java:428)
	at org.apache.maven.surefire.booter.ForkedBooter.execute(ForkedBooter.java:162)
	at org.apache.maven.surefire.booter.ForkedBooter.run(ForkedBooter.java:562)
	at org.apache.maven.surefire.booter.ForkedBooter.main(ForkedBooter.java:548)

[INFO] Running org.keycloak.SkeletonKeyTokenTest
Sep 03, 2022 12:15:38 PM org.keycloak.common.util.DelegatingSerializationFilter createOnJava6To8Adapter
INFO: Using OnJava6To8 serialization filter adapter
Sep 03, 2022 1:15:55 PM org.keycloak.common.util.DelegatingSerializationFilter$OnJava6To8 setObjectInputFilter
WARN: Could not set ObjectFilter: null
Sep 03, 2022 1:24:12 PM org.keycloak.common.util.DelegatingSerializationFilter$OnJava6To8 setObjectInputFilter
WARN: Could not set ObjectFilter: null
Size of serialized principal: 1162
[INFO] Tests run: 5, Failures: 0, Errors: 0, Skipped: 0, Time elapsed: 913,957 s - in org.keycloak.SkeletonKeyTokenTest
[INFO] Running org.keycloak.jose.HmacTest
length: 92
[INFO] Tests run: 1, Failures: 0, Errors: 0, Skipped: 0, Time elapsed: 18 s - in org.keycloak.jose.HmacTest
[INFO] Running org.keycloak.jose.JWETest
Encoded content: eyJhbGciOiJSU0EtT0FFUC0yNTYiLCJlbmMiOiJBMTI4R0NNIn0.hWVwe8mXQFoZ7YbtowSrF0zuS4vcIn8VinlyoxXteSmtLX0XoRHlrR5NrtU_BYhc1m9vKQyWq6_HSxGDth03VgOWsJdJ_pmSwNckwhXuqYdBK5-yNNHq-zH7OY9LwvgLvUNZcbSHk5seNRq6VSxSQ78G8XBDym26Tw8ID-nidIDfDdAAGpMxA510McAZwLQKEuDtlQhgkKX25eS3L62ONzdOcHSJNFlzoDgEW406lTdrUhVj29VzS4FkCeO-iEO7TeGy8zblKgXsyOox_3wNeUxOCs9KpZckTIWtVlW4_K2AXvsLO5UzuaqaZOV44p0idKAN3RtTppyVHEoobwur5A.Cu0jv1pg48ESTTIL.4xNOZSKS-LpCwHlW4H77-edil8V8qgPjOfVMw1vj_yA20RgnYYIgWQL6V_PexwTXJkMeMRJBoBTEuTGirJJim6vLM_65Yvl6Q6Bz-kiap8iIKvo4fw2zJOfmzlMspEAj5OsKfPVxiyTabqrbATjU8T5xIPf7_NzIYnRVCjvmhqGY6BRPREc.YnurNut1qqYMEZHhuCM0pA
Encoded content length: 614
Decoded content: Hello world! How are you man? I hope you are fine. This is some quite a long text, which is much longer than just simple 'Hello World'
Decoded content length: 134
Encoded content: eyJhbGciOiJBMTI4S1ciLCJlbmMiOiJBMTI4Q0JDLUhTMjU2In0.TQ_p6Tq8Q_zAq0gQRtSYQkIWTBuocRoFNcrZJUw93vo6hCUKg9-Xyg.PvBr9ALgd3XwqbATduGxVw.8mQWJvSpf_CFGk44u3W8uZEdv_ItNOW_891xWdRYyHfBza2gv9iZnG8PP0usMHUW79t_RB4NJMzYU1GvgGVPomMM47Bz52Vc_ij7pSnrWVRguvTKium8kj95Asno3yNjVpoHaBCgAQiyjUnvcjuBWetqZjdX8L8KXBUGSFEKXjKvbQEgKkhZNRUABZlHkdru.25Hb8fAiqivh9jyPyURgPA
Encoded content length: 345
new byte[] = {-125,-90,-68,-111,-8,-93,-17,57,Encoded content: eyJhbGciOiJSU0ExXzUiLCJlbmMiOiJBMTI4R0NNIn0.Nq5Y9_VhfauDofneoT5B885tSi7DVRSaFxj75rjUbGo96wO-QCuOFdpRxXjoLMldng6QBjYOhtwke9r4e_8ari-EK1f57lii5VaftY5QGpNDQnWnOXhjq3KVzgbPhnYrbFlGwWm_plr1XBQ3dzlovbQxSrgR0Ew84jgMzKl2DUKb6tu6yJNzl39vQ01UmwtVeq0mAon7UbgG0AFtIuHDptEHWSiYwJjGWK9TQGVyTcu-KfTCWKdmDFCTKrie_uX_01ESK3_hD2KwVlPZslcjZ9Rml65ex5Tz5n0JohHJEEllc4LKQ_WceAbO9O44o9-UgqC6NJhsMssBIEsYZkr4VQ.xqZ87FQ3SKtz8gDz.f9WYpoWWJvkTVDSAEmuIJSeaHqetSf-dUE0iTqrw8Chib9vH1f3JUk0GaLOQ64WCpm2kMAdwtwxIFiNJajflD_cl-9Jm2XH2vieJBToo_C33U6jYOea7Q9mVIROfXNYOlWR-D0i-vEK7OaemIoJWdH9nXWCLWGkqtOeK-l7qqdTcAtbHfO0.kR6XsFHWnYJ_ion34Uw8Kg
Encoded content length: 606
Decoded content: Hello world! How are you man? I hope you are fine. This is some quite a long text, which is much longer than just simple 'Hello World'
Decoded content length: 134
Encoded content: eyJhbGciOiJSU0EtT0FFUCIsImVuYyI6IkExMjhDQkMtSFMyNTYifQ.WIKLBZiz4h9nk-zHHGAxeqRcdOTUnhlsVGBMXIUalI4D1DyitzpNDYynpGLUzKpx_iB8J_wrwJtss4RD3xA_OsUdGgS-bbX-ElKK6dTrlP4xHoSMPZemrq_8esFZ9kYLgbIpf5Pv93Xwm4a4x4Gjhe9u9WoOg5K0gwdt46_tGjehIdAYBWNYSIMuUolhYAf7cLtQQC_RzaFtux_WFJzKROEhq4n6rv4JxnC3O-ojNDfm2nQ6oNZpOjcDr83rcfyeM_JujpaNAFUFaBNiOD5sOKiu97TcUHdNaaVUGw9CfsvltcHfqxraQKDeMHJrxqp45Jfq7MU1XqgWs8JPuMYBoA.I8bLX4jIG_1nQE6FuTp1ew.R46psUC0UU40d5OpRtmfcpD0TZJQVueMmD2UhuGAZ3zP0mA3f3WCq62R8ZzwLg6qB9qk_1CDlnoJoMt3SNCIb-fpz4U5O1cTy-0oCWjjaDCDAEnoB7Qq6uWMfEHwpHa0QLYsRUMtYNnmqGWtrFDwWo1zjkDs_h0zTkgzRRK7Nxx9jMwrWiHPCN5gKpKvBmxZ.IHnaT1_qBJnRcHQvQMvNWQ
Encoded content length: 636
Decoded content: Hello world! How are you man? I hope you are fine. This is some quite a long text, which is much longer than just simple 'Hello World'
Decoded content length: 134
Encoded content: eyJhbGciOiJkaXIiLCJlbmMiOiJBMTI4Q0JDLUhTMjU2In0..9Sh_9sERVpvmRKRCaGNaBA.Mho6RSbOLXrxP8Tp6-pOyCtoNVhCpqoghv3eNoukobHlLE77lt-XaRQ499LJwV5bEMMC0kJMWAu5Bt46xR03T722OhI5k9JaOYeYqPF4Z3MVXFyyEke33m-50lc53hwJ3xADStgTPVCyT_-kXONnIuj2WQ-FZVVhmOO4-rSKmAWDXY6WHgxbN3UvxjyGqi9h.HeCZ6eLrapmT4LBMMt6z3g
Encoded content length: 287
Encoded content: eyJhbGciOiJSU0ExXzUiLCJlbmMiOiJBMTI4Q0JDLUhTMjU2In0.ILYzG9tPUAtwmfpt5Ll3jXbd5-BwlP-KFxXUIcA9fmjD9-Qm8vIV16inZSLkosvVneAThYOytN-OPUVFh4BZmG9lknDYLkPotXAqh6Iw1cJoEmgTi5F2tDrSnrjBAWYwouo94cJpVFYyLXO7sUNU_B_UUtdSeeY-_8HbaLdHtOITbJEGUA2Uc88g_vWl4KqvfU5Bp5LKS1TcPgij5e0w8UIHN0oecC7U9FNSWeCTP1MYrbsKOgJ6o59Fh7e1eHbBy1EY-dcIKZijF-ee1VV5Ire3z_-gdy24NknqQK3cY9sawB2esFoTxpnGs9s4uL5u2PYGMrtks_y05PZku9sSjg.TGffsWT6aTFjV9prNTQXQw.LCuUiI6eWFGmFW8oRflyFjwl1JMEevCFigY6SP8IoSg5f_m6VjtbhP96oDgLn-WnklWWI6vRMbyBA3nARkeaSRlsHM7mYcdHDlpBNBdA8QuBVy8XhShEqptK0XRZhckbkNEHG8bObQ0o0lqPmo98bnWnPB6pUrJyRAPRXb3YBBe5LD4ESU9MVPLyzH5yvjXb.s69041A9l8yQ7ENcRStDkg
Encoded content length: 633
Decoded content: Hello world! How are you man? I hope you are fine. This is some quite a long text, which is much longer than just simple 'Hello World'
Decoded content length: 134
External encoded content length: 287
Encoded content: eyJhbGciOiJSU0EtT0FFUCIsImVuYyI6IkExMjhHQ00ifQ.X_Lo-YJarGJqFvxxUqpS7Wx_RM6PNdeDox6LBTG2vHsGBArSLgZi24ozyYEEoWfFFQD4OwrFIOYx-s3oFHjd12XadCA-Ygmc85r8nWihaqZdUjaVELq743hIGvs9IrhnlB2RYwt-ITEqQmvxmuDKbJx2Adq06qSW6P_35A3Jx9bcuCsewyw5O_RhDeiau5AX0MHahccw_ZLJjdB2Vn-W-hQ9hqYW9gPpRgF_Y-N-Rw7SNAOmkEv6Xdu8GfEk6n1zc_Z_Vmx3M5T3lghz-Zrm-5AZ63CoJZWfBb0yvIBoTFjg3xUEPLHRtEuemL1uKGH7iAMWf9d5l79JHom_tPjYhg.iRt9jCBAaUWwKpzk.ouM3oSYBeMaq94_446ZHUdqBgAXnmvJ7iqqTDnhMLwWsDk8IA2NbX7qsy8G4p1trCJkRBamySlTyC5UieW1__vP7MZmXZ9FEbQGhFPK2lvmUepJmQ7KT4Z-omc-v9bnFdVb0b87ZhFMTUa-JiNR8iZVojZmz7rBDzSrISuPoksdhV_SQMoA.9WZw_mGKyWcx9TAMhQc9sg
Encoded content length: 609
Decoded content: Hello world! How are you man? I hope you are fine. This is some quite a long text, which is much longer than just simple 'Hello World'
Decoded content length: 134
Encoded content: eyJhbGciOiJSU0EtT0FFUC0yNTYiLCJlbmMiOiJBMTI4Q0JDLUhTMjU2In0.RgWSAsSwJtKMbj3pZEZPQ8lkDTj09IpJms3N6_i7qlV7uM058Y3EVgVgWF1X8kTd0nwtRV4g3epDiQWS-fHadf9H6UtdoPMBtJoZLfbzebjyqIbS0x7E1NaB8kF8_aNJzS7Xde-_46tY66R6aLAwK6mMdavba218fdjmy8adxX5G3PvLB7F_1_qfiFrc19pLVQzLoGhql6tBfoZsBNitWsqg-F8YSaNxUqf5MvNFV55ZkpsBvK0tOcBWgNKKF6pvOLyq-u2rIaKFJldsh_3p5NMmnwIotsk8P1CEj8MU-xoBNCoUvhEY-PvnzR57QcCfSxGmzHvRSlvYhGP-5nLVNQ.8AqJCg3mzYaeSTgQrZAZmQ.99nbRbdTgz9sm_lLzBjShwH_NRmNCxm0VdrFQbPf4RaZ4JkTxY4ydnTzdcTM702CLrfuxVqlHJt5nH34Lr9Yyktr6oUiIYWN6C0Lkcm8ikTCiKInZM2loAXtMIWkDHcGmUDtfQdMAE42EDvVF1yToxac2MbheK6GI1XDE2OPnzIhkchPf33gXZpwPfU4lPPo.y72k3ol7dvgYFfh3gBwPhg
Encoded content length: 641
Decoded content: Hello world! How are you man? I hope you are fine. This is some quite a long text, which is much longer than just simple 'Hello World'
Decoded content length: 134
[WARNING] Tests run: 15, Failures: 0, Errors: 0, Skipped: 3, Time elapsed: -1,005,772.296 s - in org.keycloak.jose.JWETest
[INFO] Running org.keycloak.jose.JsonWebTokenTest
[INFO] Tests run: 9, Failures: 0, Errors: 0, Skipped: 0, Time elapsed: 315 s - in org.keycloak.jose.JsonWebTokenTest
[INFO] Running org.keycloak.jose.jwk.JWKTest
[INFO] Tests run: 4, Failures: 0, Errors: 0, Skipped: 0, Time elapsed: -1,852,924.296 s - in org.keycloak.jose.jwk.JWKTest
[INFO] Running org.keycloak.json.StringListMapDeserializerTest
[INFO] Tests run: 4, Failures: 0, Errors: 0, Skipped: 0, Time elapsed: 103,094 s - in org.keycloak.json.StringListMapDeserializerTest
[INFO] Running org.keycloak.util.JWKSUtilsTest
[INFO] Tests run: 1, Failures: 0, Errors: 0, Skipped: 0, Time elapsed: 81,322 s - in org.keycloak.util.JWKSUtilsTest
[INFO] Running org.keycloak.util.UriUtilsTest
[INFO] Tests run: 2, Failures: 0, Errors: 0, Skipped: 0, Time elapsed: 193 s - in org.keycloak.util.UriUtilsTest
[INFO] 
[INFO] Results:
[INFO] 
[ERROR] Failures: 
[ERROR]   RSAVerifierTest.testNotBeforeBad:227
[ERROR] Errors: 
[ERROR]   RSAVerifierTest.testExpirationGood:243->verifySkeletonKeyToken:158 Â» TokenNotActive
[INFO] 
[ERROR] Tests run: 63, Failures: 1, Errors: 1, Skipped: 3
[INFO] 
[INFO] 
[INFO] ------------------------------------------------------------------------
[INFO] Skipping Keycloak Server SPI
[INFO] This project has been banned from the build due to previous failures.
[INFO] ------------------------------------------------------------------------
[INFO] 
[INFO] ------------------------------------------------------------------------
[INFO] Skipping Keycloak Server Private SPI
[INFO] This project has been banned from the build due to previous failures.
[INFO] ------------------------------------------------------------------------
[INFO] 
[INFO] ------------------------------------------------------------------------
[INFO] Skipping Keycloak Kerberos Federation
[INFO] This project has been banned from the build due to previous failures.
[INFO] ------------------------------------------------------------------------
[INFO] 
[INFO] ------------------------------------------------------------------------
[INFO] Skipping Keycloak LDAP UserStoreProvider
[INFO] This project has been banned from the build due to previous failures.
[INFO] ------------------------------------------------------------------------
[INFO] 
[INFO] ---------------< org.keycloak:keycloak-saml-core-public >---------------
[INFO] Building Keycloak SAML Core Public API 16.0.0-SNAPSHOT           [8/192]
[INFO] --------------------------------[ jar ]---------------------------------
[INFO] 
[INFO] --- maven-enforcer-plugin:3.0.0-M2:enforce (enforce-java-version) @ keycloak-saml-core-public ---
[INFO] 
[INFO] --- maven-enforcer-plugin:3.0.0-M2:enforce (enforce-maven-version) @ keycloak-saml-core-public ---
[INFO] 
[INFO] --- buildnumber-maven-plugin:1.4:create (get-scm-revision) @ keycloak-saml-core-public ---
[INFO] 
[INFO] --- maven-resources-plugin:3.1.0:resources (default-resources) @ keycloak-saml-core-public ---
[INFO] Using 'UTF-8' encoding to copy filtered resources.
[INFO] skip non existing resourceDirectory /home/target/saml-core-api/src/main/resources
[INFO] 
[INFO] --- maven-compiler-plugin:3.8.1-jboss-1:compile (default-compile) @ keycloak-saml-core-public ---
[INFO] Changes detected - recompiling the module!
[INFO] Compiling 271 source files to /home/target/saml-core-api/target/classes
[WARNING] bootstrap class path not set in conjunction with -source 1.7
[INFO] 
[INFO] --- maven-resources-plugin:3.1.0:testResources (default-testResources) @ keycloak-saml-core-public ---
[INFO] Using 'UTF-8' encoding to copy filtered resources.
[INFO] skip non existing resourceDirectory /home/target/saml-core-api/src/test/resources
[INFO] 
[INFO] --- maven-compiler-plugin:3.8.1-jboss-1:testCompile (default-testCompile) @ keycloak-saml-core-public ---
[INFO] No sources to compile
[INFO] 
[INFO] --- maven-surefire-plugin:3.0.0-M5:test (default-test) @ keycloak-saml-core-public ---
[INFO] No tests to run.
[INFO] 
[INFO] ------------------< org.keycloak:keycloak-saml-core >-------------------
[INFO] Building Keycloak SAML Core 16.0.0-SNAPSHOT                      [9/192]
[INFO] --------------------------------[ jar ]---------------------------------
[INFO] 
[INFO] --- maven-enforcer-plugin:3.0.0-M2:enforce (enforce-java-version) @ keycloak-saml-core ---
[INFO] 
[INFO] --- maven-enforcer-plugin:3.0.0-M2:enforce (enforce-maven-version) @ keycloak-saml-core ---
[INFO] 
[INFO] --- buildnumber-maven-plugin:1.4:create (get-scm-revision) @ keycloak-saml-core ---
[INFO] 
[INFO] --- maven-resources-plugin:3.1.0:resources (default-resources) @ keycloak-saml-core ---
[INFO] Using 'UTF-8' encoding to copy filtered resources.
[INFO] Copying 50 resources
[INFO] 
[INFO] --- maven-compiler-plugin:3.8.1-jboss-1:compile (default-compile) @ keycloak-saml-core ---
[INFO] Nothing to compile - all classes are up to date
[INFO] 
[INFO] --- maven-resources-plugin:3.1.0:testResources (default-testResources) @ keycloak-saml-core ---
[INFO] Using 'UTF-8' encoding to copy filtered resources.
[INFO] Copying 57 resources
[INFO] 
[INFO] --- maven-compiler-plugin:3.8.1-jboss-1:testCompile (default-testCompile) @ keycloak-saml-core ---
[INFO] Nothing to compile - all classes are up to date
[INFO] 
[INFO] --- maven-surefire-plugin:3.0.0-M5:test (default-test) @ keycloak-saml-core ---
[INFO] 
[INFO] -------------------------------------------------------
[INFO]  T E S T S
[INFO] -------------------------------------------------------
[INFO] Running org.keycloak.saml.common.util.SecurityActionsTest
[INFO] Tests run: 3, Failures: 0, Errors: 0, Skipped: 0, Time elapsed: 154,394 s - in org.keycloak.saml.common.util.SecurityActionsTest
[INFO] Running org.keycloak.saml.common.util.StaxParserUtilTest
[INFO] Tests run: 8, Failures: 0, Errors: 0, Skipped: 0, Time elapsed: 425,129 s - in org.keycloak.saml.common.util.StaxParserUtilTest
[INFO] Running org.keycloak.saml.processing.core.parsers.saml.SAMLAttributeParserTest
[INFO] Tests run: 3, Failures: 0, Errors: 0, Skipped: 0, Time elapsed: 208 s - in org.keycloak.saml.processing.core.parsers.saml.SAMLAttributeParserTest
[INFO] Running org.keycloak.saml.processing.core.parsers.saml.SAMLAttributeQueryParserTest
[INFO] Tests run: 2, Failures: 0, Errors: 0, Skipped: 0, Time elapsed: 541,971 s - in org.keycloak.saml.processing.core.parsers.saml.SAMLAttributeQueryParserTest
[INFO] Running org.keycloak.saml.processing.core.parsers.saml.SAMLAttributeValueParserTest
[INFO] Tests run: 2, Failures: 0, Errors: 0, Skipped: 0, Time elapsed: 19 s - in org.keycloak.saml.processing.core.parsers.saml.SAMLAttributeValueParserTest
[INFO] Running org.keycloak.saml.processing.core.parsers.saml.SAMLAuthNRequestParserTest
[INFO] Tests run: 2, Failures: 0, Errors: 0, Skipped: 0, Time elapsed: 60,541 s - in org.keycloak.saml.processing.core.parsers.saml.SAMLAuthNRequestParserTest
[INFO] Running org.keycloak.saml.processing.core.parsers.saml.SAMLParserTest
SLF4J: Failed to load class "org.slf4j.impl.StaticLoggerBinder".
SLF4J: Defaulting to no-operation (NOP) logger implementation
SLF4J: See http://www.slf4j.org/codes.html#StaticLoggerBinder for further details.
ERROR:  'org.xml.sax.SAXParseException; lineNumber: 1; columnNumber: 214; cvc-complex-type.2.4.a: Invalid content was found starting with element 'saml:Issuer'. One of '{"http://www.w3.org/2000/09/xmldsig#":Signature, "urn:oasis:names:tc:SAML:2.0:protocol":Extensions, "urn:oasis:names:tc:SAML:2.0:assertion":Subject, "urn:oasis:names:tc:SAML:2.0:protocol":NameIDPolicy, "urn:oasis:names:tc:SAML:2.0:assertion":Conditions, "urn:oasis:names:tc:SAML:2.0:protocol":RequestedAuthnContext, "urn:oasis:names:tc:SAML:2.0:protocol":Scoping}' is expected.'
[INFO] Tests run: 55, Failures: 0, Errors: 0, Skipped: 0, Time elapsed: 509,837.704 s - in org.keycloak.saml.processing.core.parsers.saml.SAMLParserTest
[INFO] Running org.keycloak.saml.processing.core.parsers.saml.SAMLSloRequestParserTest
[INFO] Tests run: 1, Failures: 0, Errors: 0, Skipped: 0, Time elapsed: 93,052 s - in org.keycloak.saml.processing.core.parsers.saml.SAMLSloRequestParserTest
[INFO] Running org.keycloak.saml.processing.core.saml.v2.util.AssertionUtilTest
[INFO] Tests run: 2, Failures: 0, Errors: 0, Skipped: 0, Time elapsed: 918,046 s - in org.keycloak.saml.processing.core.saml.v2.util.AssertionUtilTest
[INFO] Running org.keycloak.saml.processing.core.saml.v2.writers.SAMLAssertionWriterTest
[INFO] Tests run: 1, Failures: 0, Errors: 0, Skipped: 0, Time elapsed: 3,344 s - in org.keycloak.saml.processing.core.saml.v2.writers.SAMLAssertionWriterTest
[INFO] Running org.keycloak.saml.processing.core.saml.v2.writers.XUATokenWriterTest
[INFO] Tests run: 1, Failures: 0, Errors: 0, Skipped: 0, Time elapsed: 115,364 s - in org.keycloak.saml.processing.core.saml.v2.writers.XUATokenWriterTest
[INFO] Running org.keycloak.saml.processing.core.util.IDFedLSInputResolverTest
[INFO] Tests run: 1, Failures: 0, Errors: 0, Skipped: 0, Time elapsed: 854,433 s - in org.keycloak.saml.processing.core.util.IDFedLSInputResolverTest
[INFO] Running org.keycloak.saml.processing.core.util.JAXPValidationUtilTest
ERROR:  'org.xml.sax.SAXParseException; lineNumber: 1; columnNumber: 191; cvc-elt.1: Cannot find the declaration of element 'samlp:InvalidAuthnRequest'.'
ERROR:  'ParseError at [row,col]:[1,233]
Message: The entity "heh" was referenced, but not declared.'
ERROR:  'ParseError at [row,col]:[1,233]
Message: The entity "heh" was referenced, but not declared.'
ERROR:  'org.xml.sax.SAXParseException; lineNumber: 1; columnNumber: 102; cvc-elt.1: Cannot find the declaration of element 'AuthnRequest'.'
[INFO] Tests run: 1, Failures: 0, Errors: 0, Skipped: 0, Time elapsed: 45,285 s - in org.keycloak.saml.processing.core.util.JAXPValidationUtilTest
[INFO] 
[INFO] Results:
[INFO] 
[INFO] Tests run: 82, Failures: 0, Errors: 0, Skipped: 0
[INFO] 
[INFO] 
[INFO] --- maven-surefire-plugin:3.0.0-M5:test (without-security-manager) @ keycloak-saml-core ---
[INFO] Skipping execution of surefire because it has already been run for this configuration
[INFO] 
[INFO] --- maven-surefire-plugin:3.0.0-M5:test (with-security-manager-all-permissions) @ keycloak-saml-core ---
[INFO] Tests are skipped.
[INFO] 
[INFO] --- maven-surefire-plugin:3.0.0-M5:test (with-security-manager-named-permissions) @ keycloak-saml-core ---
[INFO] Tests are skipped.
[INFO] 
[INFO] ------------------------------------------------------------------------
[INFO] Skipping Keycloak REST Services
[INFO] This project has been banned from the build due to previous failures.
[INFO] ------------------------------------------------------------------------
[INFO] 
[INFO] ------------------< org.keycloak:keycloak-js-adapter >------------------
[INFO] Building Keycloak JS Integration 16.0.0-SNAPSHOT                [10/192]
[INFO] --------------------------------[ jar ]---------------------------------
[INFO] 
[INFO] --- maven-enforcer-plugin:3.0.0-M2:enforce (enforce-java-version) @ keycloak-js-adapter ---
[INFO] 
[INFO] --- maven-enforcer-plugin:3.0.0-M2:enforce (enforce-maven-version) @ keycloak-js-adapter ---
[INFO] 
[INFO] --- buildnumber-maven-plugin:1.4:create (get-scm-revision) @ keycloak-js-adapter ---
[INFO] 
[INFO] --- maven-resources-plugin:3.1.0:resources (default-resources) @ keycloak-js-adapter ---
[INFO] Using 'UTF-8' encoding to copy filtered resources.
[INFO] Copying 7 resources
[INFO] 
[INFO] --- maven-compiler-plugin:3.8.1-jboss-1:compile (default-compile) @ keycloak-js-adapter ---
[INFO] No sources to compile
[INFO] 
[INFO] --- minify-maven-plugin:1.7.6:minify (min-js) @ keycloak-js-adapter ---
[WARNING] The source file [keycloak.js] has the same name as the final file.
[INFO] Starting JavaScript task:
[INFO] Processing source file [keycloak.js].
[INFO] Creating the merged file [keycloak.js].
[INFO] Creating the minified file [keycloak.min.js].
[INFO] Creating the minified file map [keycloak.min.js.map].
[INFO] Uncompressed size: 86322 bytes.
[INFO] Compressed size: 39052 bytes minified (12651 bytes gzipped).
[INFO] 
[INFO] Starting CSS task:
[INFO] 
[INFO] --- minify-maven-plugin:1.7.6:minify (min-authz-js) @ keycloak-js-adapter ---
[WARNING] The source file [keycloak-authz.js] has the same name as the final file.
[INFO] Starting CSS task:
[INFO] Starting JavaScript task:
[INFO] Processing source file [keycloak-authz.js].
[INFO] Creating the merged file [keycloak-authz.js].
[INFO] Creating the minified file [keycloak-authz.min.js].
[INFO] Creating the minified file map [keycloak-authz.min.js.map].
[INFO] Uncompressed size: 9417 bytes.
[INFO] Compressed size: 3176 bytes minified (1197 bytes gzipped).
[INFO] 
[INFO] 
[INFO] --- maven-resources-plugin:3.1.0:testResources (default-testResources) @ keycloak-js-adapter ---
[INFO] Using 'UTF-8' encoding to copy filtered resources.
[INFO] skip non existing resourceDirectory /home/target/adapters/oidc/js/src/test/resources
[INFO] 
[INFO] --- maven-compiler-plugin:3.8.1-jboss-1:testCompile (default-testCompile) @ keycloak-js-adapter ---
[INFO] No sources to compile
[INFO] 
[INFO] --- maven-surefire-plugin:3.0.0-M5:test (default-test) @ keycloak-js-adapter ---
[INFO] No tests to run.
[INFO] 
[INFO] --------------------< org.keycloak:keycloak-themes >--------------------
[INFO] Building Keycloak Themes 16.0.0-SNAPSHOT                        [11/192]
[INFO] --------------------------------[ jar ]---------------------------------
Downloading from github: https://keycloak-packages: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@maven.pkg.github.com/keycloak/keycloak-admin-ui/org/keycloak/keycloak-admin-ui/16.0.0-SNAPSHOT/maven-metadata.xml
[WARNING] Could not transfer metadata org.keycloak:keycloak-admin-ui:16.0.0-SNAPSHOT/maven-metadata.xml from/to github (https://keycloak-packages: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@maven.pkg.github.com/keycloak/keycloak-admin-ui): transfer failed for https://maven.pkg.github.com/keycloak/keycloak-admin-ui/org/keycloak/keycloak-admin-ui/16.0.0-SNAPSHOT/maven-metadata.xml
[WARNING] org.keycloak:keycloak-admin-ui:16.0.0-SNAPSHOT/maven-metadata.xmlfailed to transfer from https://keycloak-packages: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@maven.pkg.github.com/keycloak/keycloak-admin-ui during a previous attempt. This failure was cached in the local repository and resolution will not be reattempted until the update interval of github has elapsed or updates are forced. Original error: Could not transfer metadata org.keycloak:keycloak-admin-ui:16.0.0-SNAPSHOT/maven-metadata.xml from/to github (https://keycloak-packages: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@maven.pkg.github.com/keycloak/keycloak-admin-ui): transfer failed for https://maven.pkg.github.com/keycloak/keycloak-admin-ui/org/keycloak/keycloak-admin-ui/16.0.0-SNAPSHOT/maven-metadata.xml
[INFO] 
[INFO] --- maven-enforcer-plugin:3.0.0-M2:enforce (enforce-java-version) @ keycloak-themes ---
[INFO] 
[INFO] --- maven-enforcer-plugin:3.0.0-M2:enforce (enforce-maven-version) @ keycloak-themes ---
[INFO] 
[INFO] --- buildnumber-maven-plugin:1.4:create (get-scm-revision) @ keycloak-themes ---
[INFO] 
[INFO] --- frontend-maven-plugin:1.8.0:install-node-and-npm (setup-node) @ keycloak-themes ---
[INFO] Node v12.13.0 is already installed.
[INFO] NPM 6.9.0 is already installed.
[INFO] 
[INFO] --- frontend-maven-plugin:1.8.0:npm (npm-install-account2) @ keycloak-themes ---
[INFO] Running 'npm ci --no-optional --ignore-scripts' in /home/target/themes/src/main/resources/theme/keycloak.v2/account/src
[INFO] npm WARN prepare removing existing node_modules/ before installation
[INFO] added 1066 packages in 12014411s
[INFO] 
[INFO] --- frontend-maven-plugin:1.8.0:npm (compile-account2) @ keycloak-themes ---
[INFO] Running 'npm run build --scripts-prepend-node-path' in /home/target/themes/src/main/resources/theme/keycloak.v2/account/src
[INFO] 
[INFO] > keycloak.v2@1.0.0 build /home/target/themes/src/main/resources/theme/keycloak.v2/account/src
[INFO] > snowpack --optimize && npm run check-types && npm run babel && npm run move-web_modules && npm run copy-pf-resources
[INFO] 
[INFO] - snowpack installing... 
[INFO] A plugin is directly adding properties to the bundle object in the "generateBundle" hook. This is deprecated and will be removed in a future Rollup version, please use "this.emitFile" instead.
[INFO] â snowpack installed: @patternfly/react-core, @patternfly/react-icons, @patternfly/react-styles, react, react-dom, react-router-dom. [18557860.00s]
[INFO] 
[INFO] > keycloak.v2@1.0.0 check-types /home/target/themes/src/main/resources/theme/keycloak.v2/account/src
[INFO] > tsc --noImplicitAny --strictNullChecks --jsx react -p ./
[INFO] 
[INFO] 
[INFO] > keycloak.v2@1.0.0 babel /home/target/themes/src/main/resources/theme/keycloak.v2/account/src
[INFO] > babel --source-maps --extensions ".js,.ts,.tsx" app/ --out-dir ../resources/
[INFO] 
[INFO] Successfully compiled 41 files with Babel.
[INFO] 
[INFO] > keycloak.v2@1.0.0 move-web_modules /home/target/themes/src/main/resources/theme/keycloak.v2/account/src
[INFO] > shx mv web_modules ../../../keycloak/common/resources
[INFO] 
[INFO] 
[INFO] > keycloak.v2@1.0.0 copy-pf-resources /home/target/themes/src/main/resources/theme/keycloak.v2/account/src
[INFO] > npm run move-app-css && npm run copy-base-css && npm run copy-fonts && npm run copy-pficon
[INFO] 
[INFO] 
[INFO] > keycloak.v2@1.0.0 move-app-css /home/target/themes/src/main/resources/theme/keycloak.v2/account/src
[INFO] > shx mkdir -p ../../../keycloak/common/resources/web_modules/@patternfly/react-core/dist/styles && shx mv app.css ../../../keycloak/common/resources/web_modules/@patternfly/react-core/dist/styles
[INFO] 
[INFO] 
[INFO] > keycloak.v2@1.0.0 copy-base-css /home/target/themes/src/main/resources/theme/keycloak.v2/account/src
[INFO] > shx mkdir -p ../../../keycloak/common/resources/web_modules/@patternfly/react-core/dist/styles && shx cp node_modules/@patternfly/react-core/dist/styles/base.css ../../../keycloak/common/resources/web_modules/@patternfly/react-core/dist/styles
[INFO] 
[INFO] 
[INFO] > keycloak.v2@1.0.0 copy-fonts /home/target/themes/src/main/resources/theme/keycloak.v2/account/src
[INFO] > shx mkdir -p ../../../keycloak/common/resources/web_modules/@patternfly/react-core/dist/styles/assets/fonts/overpass-webfont && shx cp node_modules/@patternfly/react-core/dist/styles/assets/fonts/overpass-webfont/overpass*.woff2 ../../../keycloak/common/resources/web_modules/@patternfly/react-core/dist/styles/assets/fonts/overpass-webfont
[INFO] 
[INFO] 
[INFO] > keycloak.v2@1.0.0 copy-pficon /home/target/themes/src/main/resources/theme/keycloak.v2/account/src
[INFO] > shx mkdir -p ../../../keycloak/common/resources/web_modules/@patternfly/react-core/dist/styles/assets/pficon && shx cp node_modules/@patternfly/react-core/dist/styles/assets/pficon/pficon.woff2 ../../../keycloak/common/resources/web_modules/@patternfly/react-core/dist/styles/assets/pficon
[INFO] 
[INFO] 
[INFO] --- maven-resources-plugin:3.1.0:resources (default-resources) @ keycloak-themes ---
[INFO] Using 'UTF-8' encoding to copy filtered resources.
[INFO] Copying 875 resources
[INFO] Copying 111 resources
[INFO] 
[INFO] --- maven-compiler-plugin:3.8.1-jboss-1:compile (default-compile) @ keycloak-themes ---
[INFO] No sources to compile
[INFO] 
[INFO] --- maven-dependency-plugin:3.1.2:unpack (unpack) @ keycloak-themes ---
[INFO] Configured Artifact: org.keycloak:keycloak-admin-ui:?:jar
[INFO] Unpacking /root/.m2/repository/org/keycloak/keycloak-admin-ui/16.0.0-SNAPSHOT/keycloak-admin-ui-16.0.0-SNAPSHOT.jar to /home/target/themes/target/classes/theme/keycloak.v2 with includes "" and excludes ""
[INFO] 
[INFO] --- maven-resources-plugin:3.1.0:testResources (default-testResources) @ keycloak-themes ---
[INFO] Using 'UTF-8' encoding to copy filtered resources.
[INFO] skip non existing resourceDirectory /home/target/themes/src/test/resources
[INFO] 
[INFO] --- maven-compiler-plugin:3.8.1-jboss-1:testCompile (default-testCompile) @ keycloak-themes ---
[INFO] No sources to compile
[INFO] 
[INFO] --- maven-surefire-plugin:3.0.0-M5:test (default-test) @ keycloak-themes ---
[INFO] No tests to run.
[INFO] 
[INFO] -------------< org.keycloak:keycloak-dependencies-parent >--------------
[INFO] Building Keycloak Dependencies Parent 16.0.0-SNAPSHOT           [12/192]
[INFO] --------------------------------[ pom ]---------------------------------
[INFO] 
[INFO] --- maven-enforcer-plugin:3.0.0-M2:enforce (enforce-java-version) @ keycloak-dependencies-parent ---
[INFO] 
[INFO] --- maven-enforcer-plugin:3.0.0-M2:enforce (enforce-maven-version) @ keycloak-dependencies-parent ---
[INFO] 
[INFO] --- buildnumber-maven-plugin:1.4:create (get-scm-revision) @ keycloak-dependencies-parent ---
[INFO] 
[INFO] ------------------------------------------------------------------------
[INFO] Skipping Keycloak Dependencies Server Min
[INFO] This project has been banned from the build due to previous failures.
[INFO] ------------------------------------------------------------------------
[INFO] 
[INFO] ------------------< org.keycloak:keycloak-model-pom >-------------------
[INFO] Building Keycloak Model Parent 16.0.0-SNAPSHOT                  [13/192]
[INFO] --------------------------------[ pom ]---------------------------------
[INFO] 
[INFO] --- maven-enforcer-plugin:3.0.0-M2:enforce (enforce-java-version) @ keycloak-model-pom ---
[INFO] 
[INFO] --- maven-enforcer-plugin:3.0.0-M2:enforce (enforce-maven-version) @ keycloak-model-pom ---
[INFO] 
[INFO] --- buildnumber-maven-plugin:1.4:create (get-scm-revision) @ keycloak-model-pom ---
[INFO] 
[INFO] ------------------------------------------------------------------------
[INFO] Skipping Keycloak Model JPA
[INFO] This project has been banned from the build due to previous failures.
[INFO] ------------------------------------------------------------------------
[INFO] 
[INFO] ------------< org.keycloak:keycloak-model-build-processor >-------------
[INFO] Building Keycloak Model Java Annotations and Processor 16.0.0-SNAPSHOT [14/192]
[INFO] --------------------------------[ jar ]---------------------------------
[INFO] 
[INFO] --- maven-enforcer-plugin:3.0.0-M2:enforce (enforce-java-version) @ keycloak-model-build-processor ---
[INFO] 
[INFO] --- maven-enforcer-plugin:3.0.0-M2:enforce (enforce-maven-version) @ keycloak-model-build-processor ---
[INFO] 
[INFO] --- buildnumber-maven-plugin:1.4:create (get-scm-revision) @ keycloak-model-build-processor ---
[INFO] 
[INFO] --- maven-resources-plugin:3.1.0:resources (default-resources) @ keycloak-model-build-processor ---
[INFO] Using 'UTF-8' encoding to copy filtered resources.
[INFO] skip non existing resourceDirectory /home/target/model/build-processor/src/main/resources
[INFO] 
[INFO] --- maven-compiler-plugin:3.8.1-jboss-1:compile (default-compile) @ keycloak-model-build-processor ---
[INFO] Nothing to compile - all classes are up to date
[INFO] 
[INFO] --- maven-resources-plugin:3.1.0:testResources (default-testResources) @ keycloak-model-build-processor ---
[INFO] Using 'UTF-8' encoding to copy filtered resources.
[INFO] skip non existing resourceDirectory /home/target/model/build-processor/src/test/resources
[INFO] 
[INFO] --- maven-compiler-plugin:3.8.1-jboss-1:testCompile (default-testCompile) @ keycloak-model-build-processor ---
[INFO] No sources to compile
[INFO] 
[INFO] --- maven-surefire-plugin:3.0.0-M5:test (default-test) @ keycloak-model-build-processor ---
[INFO] No tests to run.
[INFO] 
[INFO] ------------------------------------------------------------------------
[INFO] Skipping Keycloak Model Map
[INFO] This project has been banned from the build due to previous failures.
[INFO] ------------------------------------------------------------------------
[INFO] 
[INFO] ------------------------------------------------------------------------
[INFO] Skipping Keycloak Model Infinispan
[INFO] This project has been banned from the build due to previous failures.
[INFO] ------------------------------------------------------------------------
[INFO] 
[INFO] ------------------------------------------------------------------------
[INFO] Skipping Keycloak Model Hot Rod
[INFO] This project has been banned from the build due to previous failures.
[INFO] ------------------------------------------------------------------------
[INFO] 
[INFO] ------------------------------------------------------------------------
[INFO] Skipping Keycloak SSSD Federation
[INFO] This project has been banned from the build due to previous failures.
[INFO] ------------------------------------------------------------------------
[INFO] 
[INFO] -----------------< org.keycloak:keycloak-authz-parent >-----------------
[INFO] Building KeyCloak Authz: Parent 16.0.0-SNAPSHOT                 [15/192]
[INFO] --------------------------------[ pom ]---------------------------------
[INFO] 
[INFO] --- maven-enforcer-plugin:3.0.0-M2:enforce (enforce-java-version) @ keycloak-authz-parent ---
[INFO] 
[INFO] --- maven-enforcer-plugin:3.0.0-M2:enforce (enforce-maven-version) @ keycloak-authz-parent ---
[INFO] 
[INFO] --- buildnumber-maven-plugin:1.4:create (get-scm-revision) @ keycloak-authz-parent ---
[INFO] 
[INFO] ------------< org.keycloak:keycloak-authz-provider-parent >-------------
[INFO] Building KeyCloak AuthZ: Provider Parent 16.0.0-SNAPSHOT        [16/192]
[INFO] --------------------------------[ pom ]---------------------------------
[INFO] 
[INFO] --- maven-enforcer-plugin:3.0.0-M2:enforce (enforce-java-version) @ keycloak-authz-provider-parent ---
[INFO] 
[INFO] --- maven-enforcer-plugin:3.0.0-M2:enforce (enforce-maven-version) @ keycloak-authz-provider-parent ---
[INFO] 
[INFO] --- buildnumber-maven-plugin:1.4:create (get-scm-revision) @ keycloak-authz-provider-parent ---
[INFO] 
[INFO] ------------------------------------------------------------------------
[INFO] Skipping KeyCloak AuthZ: Common Policy Providers
[INFO] This project has been banned from the build due to previous failures.
[INFO] ------------------------------------------------------------------------
[INFO] 
[INFO] ------------------------------------------------------------------------
[INFO] Skipping Keycloak Dependencies Server All
[INFO] This project has been banned from the build due to previous failures.
[INFO] ------------------------------------------------------------------------
[INFO] 
[INFO] --------------< org.keycloak:keycloak-federation-parent >---------------
[INFO] Building Keycloak Federation 16.0.0-SNAPSHOT                    [17/192]
[INFO] --------------------------------[ pom ]---------------------------------
[INFO] 
[INFO] --- maven-enforcer-plugin:3.0.0-M2:enforce (enforce-java-version) @ keycloak-federation-parent ---
[INFO] 
[INFO] --- maven-enforcer-plugin:3.0.0-M2:enforce (enforce-maven-version) @ keycloak-federation-parent ---
[INFO] 
[INFO] --- buildnumber-maven-plugin:1.4:create (get-scm-revision) @ keycloak-federation-parent ---
[INFO] 
[INFO] ------------------------------------------------------------------------
[INFO] Skipping Keycloak Util Embedded LDAP
[INFO] This project has been banned from the build due to previous failures.
[INFO] ------------------------------------------------------------------------
[INFO] 
[INFO] -----------------< org.keycloak:keycloak-util-parent >------------------
[INFO] Building Keycloak Util Parent 16.0.0-SNAPSHOT                   [18/192]
[INFO] --------------------------------[ pom ]---------------------------------
[INFO] 
[INFO] --- maven-enforcer-plugin:3.0.0-M2:enforce (enforce-java-version) @ keycloak-util-parent ---
[INFO] 
[INFO] --- maven-enforcer-plugin:3.0.0-M2:enforce (enforce-maven-version) @ keycloak-util-parent ---
[INFO] 
[INFO] --- buildnumber-maven-plugin:1.4:create (get-scm-revision) @ keycloak-util-parent ---
[INFO] 
[INFO] ----------------< org.keycloak:keycloak-wildfly-parent >----------------
[INFO] Building Keycloak WildFly Integration 16.0.0-SNAPSHOT           [19/192]
[INFO] --------------------------------[ pom ]---------------------------------
[INFO] 
[INFO] --- maven-enforcer-plugin:3.0.0-M2:enforce (enforce-java-version) @ keycloak-wildfly-parent ---
[INFO] 
[INFO] --- maven-enforcer-plugin:3.0.0-M2:enforce (enforce-maven-version) @ keycloak-wildfly-parent ---
[INFO] 
[INFO] --- buildnumber-maven-plugin:1.4:create (get-scm-revision) @ keycloak-wildfly-parent ---
[INFO] 
[INFO] ------------------------------------------------------------------------
[INFO] Skipping Keycloak WildFly Add User Script
[INFO] This project has been banned from the build due to previous failures.
[INFO] ------------------------------------------------------------------------
[INFO] 
[INFO] ------------------------------------------------------------------------
[INFO] Skipping Keycloak WildFly Extensions
[INFO] This project has been banned from the build due to previous failures.
[INFO] ------------------------------------------------------------------------
[INFO] 
[INFO] ------------------------------------------------------------------------
[INFO] Skipping Keycloak WildFly Server Subsystem
[INFO] This project has been banned from the build due to previous failures.
[INFO] ------------------------------------------------------------------------
[INFO] 
[INFO] --------------< org.keycloak:keycloak-integration-parent >--------------
[INFO] Building Keycloak Integration 16.0.0-SNAPSHOT                   [20/192]
[INFO] --------------------------------[ pom ]---------------------------------
[INFO] 
[INFO] --- maven-enforcer-plugin:3.0.0-M2:enforce (enforce-java-version) @ keycloak-integration-parent ---
[INFO] 
[INFO] --- maven-enforcer-plugin:3.0.0-M2:enforce (enforce-maven-version) @ keycloak-integration-parent ---
[INFO] 
[INFO] --- buildnumber-maven-plugin:1.4:create (get-scm-revision) @ keycloak-integration-parent ---
[INFO] 
[INFO] ------------------------------------------------------------------------
[INFO] Skipping Keycloak Admin REST Client
[INFO] This project has been banned from the build due to previous failures.
[INFO] ------------------------------------------------------------------------
[INFO] 
[INFO] ------------------------------------------------------------------------
[INFO] Skipping Keycloak Client Registration API
[INFO] This project has been banned from the build due to previous failures.
[INFO] ------------------------------------------------------------------------
[INFO] 
[INFO] --------------< org.keycloak:keycloak-client-cli-parent >---------------
[INFO] Building Keycloak Client CLI 16.0.0-SNAPSHOT                    [21/192]
[INFO] --------------------------------[ pom ]---------------------------------
[INFO] 
[INFO] --- maven-enforcer-plugin:3.0.0-M2:enforce (enforce-java-version) @ keycloak-client-cli-parent ---
[INFO] 
[INFO] --- maven-enforcer-plugin:3.0.0-M2:enforce (enforce-maven-version) @ keycloak-client-cli-parent ---
[INFO] 
[INFO] --- buildnumber-maven-plugin:1.4:create (get-scm-revision) @ keycloak-client-cli-parent ---
[INFO] 
[INFO] ------------------------------------------------------------------------
[INFO] Skipping Keycloak Client Registration CLI
[INFO] This project has been banned from the build due to previous failures.
[INFO] ------------------------------------------------------------------------
[INFO] 
[INFO] ------------------------------------------------------------------------
[INFO] Skipping Keycloak Admin CLI
[INFO] This project has been banned from the build due to previous failures.
[INFO] ------------------------------------------------------------------------
[INFO] 
[INFO] ------------------------------------------------------------------------
[INFO] Skipping Keycloak Client CLI Distribution
[INFO] This project has been banned from the build due to previous failures.
[INFO] ------------------------------------------------------------------------
[INFO] 
[INFO] -----------------< org.keycloak:keycloak-adapter-spi >------------------
[INFO] Building Keycloak Adapter SPI 16.0.0-SNAPSHOT                   [22/192]
[INFO] --------------------------------[ jar ]---------------------------------
[INFO] 
[INFO] --- maven-enforcer-plugin:3.0.0-M2:enforce (enforce-java-version) @ keycloak-adapter-spi ---
[INFO] 
[INFO] --- maven-enforcer-plugin:3.0.0-M2:enforce (enforce-maven-version) @ keycloak-adapter-spi ---
[INFO] 
[INFO] --- buildnumber-maven-plugin:1.4:create (get-scm-revision) @ keycloak-adapter-spi ---
[INFO] 
[INFO] --- maven-resources-plugin:3.1.0:resources (default-resources) @ keycloak-adapter-spi ---
[INFO] Using 'UTF-8' encoding to copy filtered resources.
[INFO] skip non existing resourceDirectory /home/target/adapters/spi/adapter-spi/src/main/resources
[INFO] 
[INFO] --- maven-compiler-plugin:3.8.1-jboss-1:compile (default-compile) @ keycloak-adapter-spi ---
[INFO] Nothing to compile - all classes are up to date
[INFO] 
[INFO] --- maven-bundle-plugin:2.3.7:manifest (bundle-manifest) @ keycloak-adapter-spi ---
[WARNING] Manifest org.keycloak:keycloak-adapter-spi:jar:16.0.0-SNAPSHOT : Did not find matching referal for org.keycloak.*
[INFO] 
[INFO] --- maven-resources-plugin:3.1.0:testResources (default-testResources) @ keycloak-adapter-spi ---
[INFO] Using 'UTF-8' encoding to copy filtered resources.
[INFO] skip non existing resourceDirectory /home/target/adapters/spi/adapter-spi/src/test/resources
[INFO] 
[INFO] --- maven-compiler-plugin:3.8.1-jboss-1:testCompile (default-testCompile) @ keycloak-adapter-spi ---
[INFO] No sources to compile
[INFO] 
[INFO] --- maven-surefire-plugin:3.0.0-M5:test (default-test) @ keycloak-adapter-spi ---
[INFO] No tests to run.
[INFO] 
[INFO] --------------< org.keycloak:keycloak-tomcat-adapter-spi >--------------
[INFO] Building Keycloak Tomcat Adapter SPI 16.0.0-SNAPSHOT            [23/192]
[INFO] --------------------------------[ jar ]---------------------------------
[INFO] 
[INFO] --- maven-enforcer-plugin:3.0.0-M2:enforce (enforce-java-version) @ keycloak-tomcat-adapter-spi ---
[INFO] 
[INFO] --- maven-enforcer-plugin:3.0.0-M2:enforce (enforce-maven-version) @ keycloak-tomcat-adapter-spi ---
[INFO] 
[INFO] --- buildnumber-maven-plugin:1.4:create (get-scm-revision) @ keycloak-tomcat-adapter-spi ---
[INFO] 
[INFO] --- maven-resources-plugin:3.1.0:resources (default-resources) @ keycloak-tomcat-adapter-spi ---
[INFO] Using 'UTF-8' encoding to copy filtered resources.
[INFO] skip non existing resourceDirectory /home/target/adapters/spi/tomcat-adapter-spi/src/main/resources
[INFO] 
[INFO] --- maven-compiler-plugin:3.8.1-jboss-1:compile (default-compile) @ keycloak-tomcat-adapter-spi ---
[INFO] Nothing to compile - all classes are up to date
[INFO] 
[INFO] --- maven-resources-plugin:3.1.0:testResources (default-testResources) @ keycloak-tomcat-adapter-spi ---
[INFO] Using 'UTF-8' encoding to copy filtered resources.
[INFO] skip non existing resourceDirectory /home/target/adapters/spi/tomcat-adapter-spi/src/test/resources
[INFO] 
[INFO] --- maven-compiler-plugin:3.8.1-jboss-1:testCompile (default-testCompile) @ keycloak-tomcat-adapter-spi ---
[INFO] No sources to compile
[INFO] 
[INFO] --- maven-surefire-plugin:3.0.0-M5:test (default-test) @ keycloak-tomcat-adapter-spi ---
[INFO] No tests to run.
[INFO] 
[INFO] -------------< org.keycloak:keycloak-undertow-adapter-spi >-------------
[INFO] Building Keycloak Undertow Integration SPI 16.0.0-SNAPSHOT      [24/192]
[INFO] --------------------------------[ jar ]---------------------------------
[INFO] 
[INFO] --- maven-enforcer-plugin:3.0.0-M2:enforce (enforce-java-version) @ keycloak-undertow-adapter-spi ---
[INFO] 
[INFO] --- maven-enforcer-plugin:3.0.0-M2:enforce (enforce-maven-version) @ keycloak-undertow-adapter-spi ---
[INFO] 
[INFO] --- buildnumber-maven-plugin:1.4:create (get-scm-revision) @ keycloak-undertow-adapter-spi ---
[INFO] 
[INFO] --- maven-resources-plugin:3.1.0:resources (default-resources) @ keycloak-undertow-adapter-spi ---
[INFO] Using 'UTF-8' encoding to copy filtered resources.
[INFO] skip non existing resourceDirectory /home/target/adapters/spi/undertow-adapter-spi/src/main/resources
[INFO] 
[INFO] --- maven-compiler-plugin:3.8.1-jboss-1:compile (default-compile) @ keycloak-undertow-adapter-spi ---
[INFO] Nothing to compile - all classes are up to date
[INFO] 
[INFO] --- maven-bundle-plugin:2.3.7:manifest (bundle-manifest) @ keycloak-undertow-adapter-spi ---
[INFO] 
[INFO] --- maven-resources-plugin:3.1.0:testResources (default-testResources) @ keycloak-undertow-adapter-spi ---
[INFO] Using 'UTF-8' encoding to copy filtered resources.
[INFO] skip non existing resourceDirectory /home/target/adapters/spi/undertow-adapter-spi/src/test/resources
[INFO] 
[INFO] --- maven-compiler-plugin:3.8.1-jboss-1:testCompile (default-testCompile) @ keycloak-undertow-adapter-spi ---
[INFO] No sources to compile
[INFO] 
[INFO] --- maven-surefire-plugin:3.0.0-M5:test (default-test) @ keycloak-undertow-adapter-spi ---
[INFO] No tests to run.
[INFO] 
[INFO] -------------< org.keycloak:keycloak-servlet-adapter-spi >--------------
[INFO] Building Keycloak Servlet Integration 16.0.0-SNAPSHOT           [25/192]
[INFO] --------------------------------[ jar ]---------------------------------
[INFO] 
[INFO] --- maven-enforcer-plugin:3.0.0-M2:enforce (enforce-java-version) @ keycloak-servlet-adapter-spi ---
[INFO] 
[INFO] --- maven-enforcer-plugin:3.0.0-M2:enforce (enforce-maven-version) @ keycloak-servlet-adapter-spi ---
[INFO] 
[INFO] --- buildnumber-maven-plugin:1.4:create (get-scm-revision) @ keycloak-servlet-adapter-spi ---
[INFO] 
[INFO] --- maven-resources-plugin:3.1.0:resources (default-resources) @ keycloak-servlet-adapter-spi ---
[INFO] Using 'UTF-8' encoding to copy filtered resources.
[INFO] skip non existing resourceDirectory /home/target/adapters/spi/servlet-adapter-spi/src/main/resources
[INFO] 
[INFO] --- maven-compiler-plugin:3.8.1-jboss-1:compile (default-compile) @ keycloak-servlet-adapter-spi ---
[INFO] Nothing to compile - all classes are up to date
[INFO] 
[INFO] --- maven-bundle-plugin:2.3.7:manifest (bundle-manifest) @ keycloak-servlet-adapter-spi ---
[INFO] 
[INFO] --- maven-resources-plugin:3.1.0:testResources (default-testResources) @ keycloak-servlet-adapter-spi ---
[INFO] Using 'UTF-8' encoding to copy filtered resources.
[INFO] skip non existing resourceDirectory /home/target/adapters/spi/servlet-adapter-spi/src/test/resources
[INFO] 
[INFO] --- maven-compiler-plugin:3.8.1-jboss-1:testCompile (default-testCompile) @ keycloak-servlet-adapter-spi ---
[INFO] No sources to compile
[INFO] 
[INFO] --- maven-surefire-plugin:3.0.0-M5:test (default-test) @ keycloak-servlet-adapter-spi ---
[INFO] No tests to run.
[INFO] 
[INFO] --------------< org.keycloak:keycloak-jboss-adapter-core >--------------
[INFO] Building Common JBoss/Wildfly Core Classes 16.0.0-SNAPSHOT      [26/192]
[INFO] --------------------------------[ jar ]---------------------------------
[INFO] 
[INFO] --- maven-enforcer-plugin:3.0.0-M2:enforce (enforce-java-version) @ keycloak-jboss-adapter-core ---
[INFO] 
[INFO] --- maven-enforcer-plugin:3.0.0-M2:enforce (enforce-maven-version) @ keycloak-jboss-adapter-core ---
[INFO] 
[INFO] --- buildnumber-maven-plugin:1.4:create (get-scm-revision) @ keycloak-jboss-adapter-core ---
[INFO] 
[INFO] --- maven-resources-plugin:3.1.0:resources (default-resources) @ keycloak-jboss-adapter-core ---
[INFO] Using 'UTF-8' encoding to copy filtered resources.
[INFO] skip non existing resourceDirectory /home/target/adapters/spi/jboss-adapter-core/src/main/resources
[INFO] 
[INFO] --- maven-compiler-plugin:3.8.1-jboss-1:compile (default-compile) @ keycloak-jboss-adapter-core ---
[INFO] Nothing to compile - all classes are up to date
[INFO] 
[INFO] --- maven-resources-plugin:3.1.0:testResources (default-testResources) @ keycloak-jboss-adapter-core ---
[INFO] Using 'UTF-8' encoding to copy filtered resources.
[INFO] skip non existing resourceDirectory /home/target/adapters/spi/jboss-adapter-core/src/test/resources
[INFO] 
[INFO] --- maven-compiler-plugin:3.8.1-jboss-1:testCompile (default-testCompile) @ keycloak-jboss-adapter-core ---
[INFO] No sources to compile
[INFO] 
[INFO] --- maven-surefire-plugin:3.0.0-M5:test (default-test) @ keycloak-jboss-adapter-core ---
[INFO] No tests to run.
[INFO] 
[INFO] --------------< org.keycloak:keycloak-jetty-adapter-spi >---------------
[INFO] Building Keycloak Jetty Adapter SPI 16.0.0-SNAPSHOT             [27/192]
[INFO] --------------------------------[ jar ]---------------------------------
[INFO] 
[INFO] --- maven-enforcer-plugin:3.0.0-M2:enforce (enforce-java-version) @ keycloak-jetty-adapter-spi ---
[INFO] 
[INFO] --- maven-enforcer-plugin:3.0.0-M2:enforce (enforce-maven-version) @ keycloak-jetty-adapter-spi ---
[INFO] 
[INFO] --- buildnumber-maven-plugin:1.4:create (get-scm-revision) @ keycloak-jetty-adapter-spi ---
[INFO] 
[INFO] --- maven-resources-plugin:3.1.0:resources (default-resources) @ keycloak-jetty-adapter-spi ---
[INFO] Using 'UTF-8' encoding to copy filtered resources.
[INFO] skip non existing resourceDirectory /home/target/adapters/spi/jetty-adapter-spi/src/main/resources
[INFO] 
[INFO] --- maven-compiler-plugin:3.8.1-jboss-1:compile (default-compile) @ keycloak-jetty-adapter-spi ---
[INFO] Nothing to compile - all classes are up to date
[INFO] 
[INFO] --- maven-bundle-plugin:2.3.7:manifest (bundle-manifest) @ keycloak-jetty-adapter-spi ---
[INFO] 
[INFO] --- maven-resources-plugin:3.1.0:testResources (default-testResources) @ keycloak-jetty-adapter-spi ---
[INFO] Using 'UTF-8' encoding to copy filtered resources.
[INFO] skip non existing resourceDirectory /home/target/adapters/spi/jetty-adapter-spi/src/test/resources
[INFO] 
[INFO] --- maven-compiler-plugin:3.8.1-jboss-1:testCompile (default-testCompile) @ keycloak-jetty-adapter-spi ---
[INFO] No sources to compile
[INFO] 
[INFO] --- maven-surefire-plugin:3.0.0-M5:test (default-test) @ keycloak-jetty-adapter-spi ---
[INFO] No tests to run.
[INFO] 
[INFO] ------------< org.keycloak:keycloak-client-adapter-spi-pom >------------
[INFO] Building Keycloak Client Adapter SPI Modules 16.0.0-SNAPSHOT    [28/192]
[INFO] --------------------------------[ pom ]---------------------------------
[INFO] 
[INFO] --- maven-enforcer-plugin:3.0.0-M2:enforce (enforce-java-version) @ keycloak-client-adapter-spi-pom ---
[INFO] 
[INFO] --- maven-enforcer-plugin:3.0.0-M2:enforce (enforce-maven-version) @ keycloak-client-adapter-spi-pom ---
[INFO] 
[INFO] --- buildnumber-maven-plugin:1.4:create (get-scm-revision) @ keycloak-client-adapter-spi-pom ---
[INFO] 
[INFO] -----------< org.keycloak:keycloak-saml-adapter-api-public >------------
[INFO] Building Keycloak SAML Client Adapter Public API 16.0.0-SNAPSHOT [29/192]
[INFO] --------------------------------[ jar ]---------------------------------
[INFO] 
[INFO] --- maven-enforcer-plugin:3.0.0-M2:enforce (enforce-java-version) @ keycloak-saml-adapter-api-public ---
[INFO] 
[INFO] --- maven-enforcer-plugin:3.0.0-M2:enforce (enforce-maven-version) @ keycloak-saml-adapter-api-public ---
[INFO] 
[INFO] --- buildnumber-maven-plugin:1.4:create (get-scm-revision) @ keycloak-saml-adapter-api-public ---
[INFO] 
[INFO] --- maven-resources-plugin:3.1.0:resources (default-resources) @ keycloak-saml-adapter-api-public ---
[INFO] Using 'UTF-8' encoding to copy filtered resources.
[INFO] skip non existing resourceDirectory /home/target/adapters/saml/core-public/src/main/resources
[INFO] 
[INFO] --- maven-compiler-plugin:3.8.1-jboss-1:compile (default-compile) @ keycloak-saml-adapter-api-public ---
[INFO] Nothing to compile - all classes are up to date
[INFO] 
[INFO] --- maven-resources-plugin:3.1.0:testResources (default-testResources) @ keycloak-saml-adapter-api-public ---
[INFO] Using 'UTF-8' encoding to copy filtered resources.
[INFO] skip non existing resourceDirectory /home/target/adapters/saml/core-public/src/test/resources
[INFO] 
[INFO] --- maven-compiler-plugin:3.8.1-jboss-1:testCompile (default-testCompile) @ keycloak-saml-adapter-api-public ---
[INFO] No sources to compile
[INFO] 
[INFO] --- maven-surefire-plugin:3.0.0-M5:test (default-test) @ keycloak-saml-adapter-api-public ---
[INFO] No tests to run.
[INFO] 
[INFO] --------------< org.keycloak:keycloak-saml-adapter-core >---------------
[INFO] Building Keycloak SAML Client Adapter Core 16.0.0-SNAPSHOT      [30/192]
[INFO] --------------------------------[ jar ]---------------------------------
[INFO] 
[INFO] --- maven-enforcer-plugin:3.0.0-M2:enforce (enforce-java-version) @ keycloak-saml-adapter-core ---
[INFO] 
[INFO] --- maven-enforcer-plugin:3.0.0-M2:enforce (enforce-maven-version) @ keycloak-saml-adapter-core ---
[INFO] 
[INFO] --- buildnumber-maven-plugin:1.4:create (get-scm-revision) @ keycloak-saml-adapter-core ---
[INFO] 
[INFO] --- maven-resources-plugin:3.1.0:resources (default-resources) @ keycloak-saml-adapter-core ---
[INFO] Using 'UTF-8' encoding to copy filtered resources.
[INFO] Copying 9 resources
[INFO] 
[INFO] --- maven-compiler-plugin:3.8.1-jboss-1:compile (default-compile) @ keycloak-saml-adapter-core ---
[INFO] Nothing to compile - all classes are up to date
[INFO] 
[INFO] --- maven-resources-plugin:3.1.0:testResources (default-testResources) @ keycloak-saml-adapter-core ---
[INFO] Using 'UTF-8' encoding to copy filtered resources.
[INFO] Copying 15 resources
[INFO] 
[INFO] --- maven-compiler-plugin:3.8.1-jboss-1:testCompile (default-testCompile) @ keycloak-saml-adapter-core ---
[INFO] Nothing to compile - all classes are up to date
[INFO] 
[INFO] --- maven-surefire-plugin:3.0.0-M5:test (default-test) @ keycloak-saml-adapter-core ---
[INFO] 
[INFO] -------------------------------------------------------
[INFO]  T E S T S
[INFO] -------------------------------------------------------
[INFO] Running org.keycloak.adapters.cloned.HttpAdapterUtilsTest
[INFO] Tests run: 1, Failures: 0, Errors: 0, Skipped: 0, Time elapsed: 692,910 s - in org.keycloak.adapters.cloned.HttpAdapterUtilsTest
[INFO] Running org.keycloak.adapters.saml.PropertiesBasedRoleMapperTest
[INFO] Tests run: 1, Failures: 0, Errors: 0, Skipped: 0, Time elapsed: 839,219 s - in org.keycloak.adapters.saml.PropertiesBasedRoleMapperTest
[INFO] Running org.keycloak.adapters.saml.config.parsers.KeycloakSamlAdapterXMLParserTest
ERROR:  'org.xml.sax.SAXParseException; lineNumber: 16; columnNumber: 6; cvc-complex-type.3.2.2: Attribute 'signatureCanonicalizationMethod' is not allowed to appear in element 'SP'.'
[INFO] Tests run: 18, Failures: 0, Errors: 0, Skipped: 0, Time elapsed: 852,850 s - in org.keycloak.adapters.saml.config.parsers.KeycloakSamlAdapterXMLParserTest
[INFO] Running org.keycloak.adapters.saml.descriptor.parsers.SamlDescriptorIDPKeysExtractorTest
[INFO] Tests run: 2, Failures: 0, Errors: 0, Skipped: 0, Time elapsed: 220,087 s - in org.keycloak.adapters.saml.descriptor.parsers.SamlDescriptorIDPKeysExtractorTest
[INFO] 
[INFO] Results:
[INFO] 
[INFO] Tests run: 22, Failures: 0, Errors: 0, Skipped: 0
[INFO] 
[INFO] 
[INFO] ------------< org.keycloak:keycloak-saml-undertow-adapter >-------------
[INFO] Building Keycloak Undertow SAML Adapter 16.0.0-SNAPSHOT         [31/192]
[INFO] --------------------------------[ jar ]---------------------------------
[INFO] 
[INFO] --- maven-enforcer-plugin:3.0.0-M2:enforce (enforce-java-version) @ keycloak-saml-undertow-adapter ---
[INFO] 
[INFO] --- maven-enforcer-plugin:3.0.0-M2:enforce (enforce-maven-version) @ keycloak-saml-undertow-adapter ---
[INFO] 
[INFO] --- buildnumber-maven-plugin:1.4:create (get-scm-revision) @ keycloak-saml-undertow-adapter ---
[INFO] 
[INFO] --- maven-resources-plugin:3.1.0:resources (default-resources) @ keycloak-saml-undertow-adapter ---
[INFO] Using 'UTF-8' encoding to copy filtered resources.
[INFO] Copying 1 resource
[INFO] 
[INFO] --- maven-compiler-plugin:3.8.1-jboss-1:compile (default-compile) @ keycloak-saml-undertow-adapter ---
[INFO] Nothing to compile - all classes are up to date
[INFO] 
[INFO] --- maven-resources-plugin:3.1.0:testResources (default-testResources) @ keycloak-saml-undertow-adapter ---
[INFO] Using 'UTF-8' encoding to copy filtered resources.
[INFO] skip non existing resourceDirectory /home/target/adapters/saml/undertow/src/test/resources
[INFO] 
[INFO] --- maven-compiler-plugin:3.8.1-jboss-1:testCompile (default-testCompile) @ keycloak-saml-undertow-adapter ---
[INFO] No sources to compile
[INFO] 
[INFO] --- maven-surefire-plugin:3.0.0-M5:test (default-test) @ keycloak-saml-undertow-adapter ---
[INFO] No tests to run.
[INFO] 
[INFO] ---------< org.keycloak:keycloak-saml-tomcat-integration-pom >----------
[INFO] Building Keycloak SAML Tomcat Integration 16.0.0-SNAPSHOT       [32/192]
[INFO] --------------------------------[ pom ]---------------------------------
[INFO] 
[INFO] --- maven-enforcer-plugin:3.0.0-M2:enforce (enforce-java-version) @ keycloak-saml-tomcat-integration-pom ---
[INFO] 
[INFO] --- maven-enforcer-plugin:3.0.0-M2:enforce (enforce-maven-version) @ keycloak-saml-tomcat-integration-pom ---
[INFO] 
[INFO] --- buildnumber-maven-plugin:1.4:create (get-scm-revision) @ keycloak-saml-tomcat-integration-pom ---
[INFO] 
[INFO] -----------< org.keycloak:keycloak-saml-tomcat-adapter-core >-----------
[INFO] Building Keycloak Tomcat Core SAML Integration 16.0.0-SNAPSHOT  [33/192]
[INFO] --------------------------------[ jar ]---------------------------------
[INFO] 
[INFO] --- maven-enforcer-plugin:3.0.0-M2:enforce (enforce-java-version) @ keycloak-saml-tomcat-adapter-core ---
[INFO] 
[INFO] --- maven-enforcer-plugin:3.0.0-M2:enforce (enforce-maven-version) @ keycloak-saml-tomcat-adapter-core ---
[INFO] 
[INFO] --- buildnumber-maven-plugin:1.4:create (get-scm-revision) @ keycloak-saml-tomcat-adapter-core ---
[INFO] 
[INFO] --- maven-resources-plugin:3.1.0:resources (default-resources) @ keycloak-saml-tomcat-adapter-core ---
[INFO] Using 'UTF-8' encoding to copy filtered resources.
[INFO] skip non existing resourceDirectory /home/target/adapters/saml/tomcat/tomcat-core/src/main/resources
[INFO] 
[INFO] --- maven-compiler-plugin:3.8.1-jboss-1:compile (default-compile) @ keycloak-saml-tomcat-adapter-core ---
[INFO] Nothing to compile - all classes are up to date
[INFO] 
[INFO] --- maven-resources-plugin:3.1.0:testResources (default-testResources) @ keycloak-saml-tomcat-adapter-core ---
[INFO] Using 'UTF-8' encoding to copy filtered resources.
[INFO] skip non existing resourceDirectory /home/target/adapters/saml/tomcat/tomcat-core/src/test/resources
[INFO] 
[INFO] --- maven-compiler-plugin:3.8.1-jboss-1:testCompile (default-testCompile) @ keycloak-saml-tomcat-adapter-core ---
[INFO] No sources to compile
[INFO] 
[INFO] --- maven-surefire-plugin:3.0.0-M5:test (default-test) @ keycloak-saml-tomcat-adapter-core ---
[INFO] No tests to run.
[INFO] 
[INFO] -------------< org.keycloak:keycloak-saml-tomcat-adapter >--------------
[INFO] Building Keycloak Tomcat SAML Integration 16.0.0-SNAPSHOT       [34/192]
[INFO] --------------------------------[ jar ]---------------------------------
[INFO] 
[INFO] --- maven-enforcer-plugin:3.0.0-M2:enforce (enforce-java-version) @ keycloak-saml-tomcat-adapter ---
[INFO] 
[INFO] --- maven-enforcer-plugin:3.0.0-M2:enforce (enforce-maven-version) @ keycloak-saml-tomcat-adapter ---
[INFO] 
[INFO] --- buildnumber-maven-plugin:1.4:create (get-scm-revision) @ keycloak-saml-tomcat-adapter ---
[INFO] 
[INFO] --- maven-resources-plugin:3.1.0:resources (default-resources) @ keycloak-saml-tomcat-adapter ---
[INFO] Using 'UTF-8' encoding to copy filtered resources.
[INFO] skip non existing resourceDirectory /home/target/adapters/saml/tomcat/tomcat/src/main/resources
[INFO] 
[INFO] --- maven-compiler-plugin:3.8.1-jboss-1:compile (default-compile) @ keycloak-saml-tomcat-adapter ---
[INFO] Nothing to compile - all classes are up to date
[INFO] 
[INFO] --- maven-resources-plugin:3.1.0:testResources (default-testResources) @ keycloak-saml-tomcat-adapter ---
[INFO] Using 'UTF-8' encoding to copy filtered resources.
[INFO] skip non existing resourceDirectory /home/target/adapters/saml/tomcat/tomcat/src/test/resources
[INFO] 
[INFO] --- maven-compiler-plugin:3.8.1-jboss-1:testCompile (default-testCompile) @ keycloak-saml-tomcat-adapter ---
[INFO] No sources to compile
[INFO] 
[INFO] --- maven-surefire-plugin:3.0.0-M5:test (default-test) @ keycloak-saml-tomcat-adapter ---
[INFO] No tests to run.
[INFO] 
[INFO] -------------< org.keycloak:keycloak-saml-tomcat7-adapter >-------------
[INFO] Building Keycloak Tomcat 7 SAML Integration 16.0.0-SNAPSHOT     [35/192]
[INFO] --------------------------------[ jar ]---------------------------------
[INFO] 
[INFO] --- maven-enforcer-plugin:3.0.0-M2:enforce (enforce-java-version) @ keycloak-saml-tomcat7-adapter ---
[INFO] 
[INFO] --- maven-enforcer-plugin:3.0.0-M2:enforce (enforce-maven-version) @ keycloak-saml-tomcat7-adapter ---
[INFO] 
[INFO] --- buildnumber-maven-plugin:1.4:create (get-scm-revision) @ keycloak-saml-tomcat7-adapter ---
[INFO] 
[INFO] --- maven-resources-plugin:3.1.0:resources (default-resources) @ keycloak-saml-tomcat7-adapter ---
[INFO] Using 'UTF-8' encoding to copy filtered resources.
[INFO] skip non existing resourceDirectory /home/target/adapters/saml/tomcat/tomcat7/src/main/resources
[INFO] 
[INFO] --- maven-compiler-plugin:3.8.1-jboss-1:compile (default-compile) @ keycloak-saml-tomcat7-adapter ---
[INFO] Nothing to compile - all classes are up to date
[INFO] 
[INFO] --- maven-resources-plugin:3.1.0:testResources (default-testResources) @ keycloak-saml-tomcat7-adapter ---
[INFO] Using 'UTF-8' encoding to copy filtered resources.
[INFO] skip non existing resourceDirectory /home/target/adapters/saml/tomcat/tomcat7/src/test/resources
[INFO] 
[INFO] --- maven-compiler-plugin:3.8.1-jboss-1:testCompile (default-testCompile) @ keycloak-saml-tomcat7-adapter ---
[INFO] No sources to compile
[INFO] 
[INFO] --- maven-surefire-plugin:3.0.0-M5:test (default-test) @ keycloak-saml-tomcat7-adapter ---
[INFO] No tests to run.
[INFO] 
[INFO] -------------< org.keycloak:keycloak-saml-wildfly-adapter >-------------
[INFO] Building Keycloak Wildfly SAML Adapter 16.0.0-SNAPSHOT          [36/192]
[INFO] --------------------------------[ jar ]---------------------------------
[INFO] 
[INFO] --- maven-enforcer-plugin:3.0.0-M2:enforce (enforce-java-version) @ keycloak-saml-wildfly-adapter ---
[INFO] 
[INFO] --- maven-enforcer-plugin:3.0.0-M2:enforce (enforce-maven-version) @ keycloak-saml-wildfly-adapter ---
[INFO] 
[INFO] --- buildnumber-maven-plugin:1.4:create (get-scm-revision) @ keycloak-saml-wildfly-adapter ---
[INFO] 
[INFO] --- maven-resources-plugin:3.1.0:resources (default-resources) @ keycloak-saml-wildfly-adapter ---
[INFO] Using 'UTF-8' encoding to copy filtered resources.
[INFO] Copying 1 resource
[INFO] 
[INFO] --- maven-compiler-plugin:3.8.1-jboss-1:compile (default-compile) @ keycloak-saml-wildfly-adapter ---
[INFO] Nothing to compile - all classes are up to date
[INFO] 
[INFO] --- maven-resources-plugin:3.1.0:testResources (default-testResources) @ keycloak-saml-wildfly-adapter ---
[INFO] Using 'UTF-8' encoding to copy filtered resources.
[INFO] skip non existing resourceDirectory /home/target/adapters/saml/wildfly/wildfly-adapter/src/test/resources
[INFO] 
[INFO] --- maven-compiler-plugin:3.8.1-jboss-1:testCompile (default-testCompile) @ keycloak-saml-wildfly-adapter ---
[INFO] No sources to compile
[INFO] 
[INFO] --- maven-surefire-plugin:3.0.0-M5:test (default-test) @ keycloak-saml-wildfly-adapter ---
[INFO] No tests to run.
[INFO] 
[INFO] ------------------------------------------------------------------------
[INFO] Skipping KeyCloak Authz: Client API
[INFO] This project has been banned from the build due to previous failures.
[INFO] ------------------------------------------------------------------------
[INFO] 
[INFO] ------------------------------------------------------------------------
[INFO] Skipping Keycloak Adapter Core
[INFO] This project has been banned from the build due to previous failures.
[INFO] ------------------------------------------------------------------------
[INFO] 
[INFO] ------------------------------------------------------------------------
[INFO] Skipping Keycloak WildFly Elytron SAML Adapter
[INFO] This project has been banned from the build due to previous failures.
[INFO] ------------------------------------------------------------------------
[INFO] 
[INFO] ------------------------------------------------------------------------
[INFO] Skipping Keycloak Wildfly SAML Adapter Subsystem
[INFO] This project has been banned from the build due to previous failures.
[INFO] ------------------------------------------------------------------------
[INFO] 
[INFO] ---------< org.keycloak:keycloak-saml-wildfly-integration-pom >---------
[INFO] Building Keycloak SAML Wildfly Integration 16.0.0-SNAPSHOT      [37/192]
[INFO] --------------------------------[ pom ]---------------------------------
[INFO] 
[INFO] --- maven-enforcer-plugin:3.0.0-M2:enforce (enforce-java-version) @ keycloak-saml-wildfly-integration-pom ---
[INFO] 
[INFO] --- maven-enforcer-plugin:3.0.0-M2:enforce (enforce-maven-version) @ keycloak-saml-wildfly-integration-pom ---
[INFO] 
[INFO] --- buildnumber-maven-plugin:1.4:create (get-scm-revision) @ keycloak-saml-wildfly-integration-pom ---
[INFO] 
[INFO] ---------< org.keycloak:keycloak-saml-servlet-filter-adapter >----------
[INFO] Building Keycloak SAML Servlet Filter 16.0.0-SNAPSHOT           [38/192]
[INFO] --------------------------------[ jar ]---------------------------------
[INFO] 
[INFO] --- maven-enforcer-plugin:3.0.0-M2:enforce (enforce-java-version) @ keycloak-saml-servlet-filter-adapter ---
[INFO] 
[INFO] --- maven-enforcer-plugin:3.0.0-M2:enforce (enforce-maven-version) @ keycloak-saml-servlet-filter-adapter ---
[INFO] 
[INFO] --- buildnumber-maven-plugin:1.4:create (get-scm-revision) @ keycloak-saml-servlet-filter-adapter ---
[INFO] 
[INFO] --- maven-resources-plugin:3.1.0:resources (default-resources) @ keycloak-saml-servlet-filter-adapter ---
[INFO] Using 'UTF-8' encoding to copy filtered resources.
[INFO] skip non existing resourceDirectory /home/target/adapters/saml/servlet-filter/src/main/resources
[INFO] 
[INFO] --- maven-compiler-plugin:3.8.1-jboss-1:compile (default-compile) @ keycloak-saml-servlet-filter-adapter ---
[INFO] Nothing to compile - all classes are up to date
[INFO] 
[INFO] --- maven-resources-plugin:3.1.0:testResources (default-testResources) @ keycloak-saml-servlet-filter-adapter ---
[INFO] Using 'UTF-8' encoding to copy filtered resources.
[INFO] skip non existing resourceDirectory /home/target/adapters/saml/servlet-filter/src/test/resources
[INFO] 
[INFO] --- maven-compiler-plugin:3.8.1-jboss-1:testCompile (default-testCompile) @ keycloak-saml-servlet-filter-adapter ---
[INFO] No sources to compile
[INFO] 
[INFO] --- maven-surefire-plugin:3.0.0-M5:test (default-test) @ keycloak-saml-servlet-filter-adapter ---
[INFO] No tests to run.
[INFO] 
[INFO] -----------< org.keycloak:keycloak-saml-jetty-adapter-core >------------
[INFO] Building Keycloak Jetty Core SAML Integration 16.0.0-SNAPSHOT   [39/192]
[INFO] --------------------------------[ jar ]---------------------------------
[INFO] 
[INFO] --- maven-enforcer-plugin:3.0.0-M2:enforce (enforce-java-version) @ keycloak-saml-jetty-adapter-core ---
[INFO] 
[INFO] --- maven-enforcer-plugin:3.0.0-M2:enforce (enforce-maven-version) @ keycloak-saml-jetty-adapter-core ---
[INFO] 
[INFO] --- buildnumber-maven-plugin:1.4:create (get-scm-revision) @ keycloak-saml-jetty-adapter-core ---
[INFO] 
[INFO] --- maven-resources-plugin:3.1.0:resources (default-resources) @ keycloak-saml-jetty-adapter-core ---
[INFO] Using 'UTF-8' encoding to copy filtered resources.
[INFO] skip non existing resourceDirectory /home/target/adapters/saml/jetty/jetty-core/src/main/resources
[INFO] 
[INFO] --- maven-compiler-plugin:3.8.1-jboss-1:compile (default-compile) @ keycloak-saml-jetty-adapter-core ---
[INFO] Nothing to compile - all classes are up to date
[INFO] 
[INFO] --- maven-bundle-plugin:2.3.7:manifest (bundle-manifest) @ keycloak-saml-jetty-adapter-core ---
[WARNING] Manifest org.keycloak:keycloak-saml-jetty-adapter-core:jar:16.0.0-SNAPSHOT : Superfluous export-package instructions: [org.keycloak.adapters.jetty.core.*]
[INFO] 
[INFO] --- maven-resources-plugin:3.1.0:testResources (default-testResources) @ keycloak-saml-jetty-adapter-core ---
[INFO] Using 'UTF-8' encoding to copy filtered resources.
[INFO] skip non existing resourceDirectory /home/target/adapters/saml/jetty/jetty-core/src/test/resources
[INFO] 
[INFO] --- maven-compiler-plugin:3.8.1-jboss-1:testCompile (default-testCompile) @ keycloak-saml-jetty-adapter-core ---
[INFO] No sources to compile
[INFO] 
[INFO] --- maven-surefire-plugin:3.0.0-M5:test (default-test) @ keycloak-saml-jetty-adapter-core ---
[INFO] No tests to run.
[INFO] 
[INFO] -------------< org.keycloak:keycloak-saml-jetty92-adapter >-------------
[INFO] Building Keycloak Jetty 9.2.x SAML Integration 16.0.0-SNAPSHOT  [40/192]
[INFO] --------------------------------[ jar ]---------------------------------
[INFO] 
[INFO] --- maven-enforcer-plugin:3.0.0-M2:enforce (enforce-java-version) @ keycloak-saml-jetty92-adapter ---
[INFO] 
[INFO] --- maven-enforcer-plugin:3.0.0-M2:enforce (enforce-maven-version) @ keycloak-saml-jetty92-adapter ---
[INFO] 
[INFO] --- buildnumber-maven-plugin:1.4:create (get-scm-revision) @ keycloak-saml-jetty92-adapter ---
[INFO] 
[INFO] --- maven-resources-plugin:3.1.0:resources (default-resources) @ keycloak-saml-jetty92-adapter ---
[INFO] Using 'UTF-8' encoding to copy filtered resources.
[INFO] skip non existing resourceDirectory /home/target/adapters/saml/jetty/jetty9.2/src/main/resources
[INFO] 
[INFO] --- maven-compiler-plugin:3.8.1-jboss-1:compile (default-compile) @ keycloak-saml-jetty92-adapter ---
[INFO] Nothing to compile - all classes are up to date
[INFO] 
[INFO] --- maven-bundle-plugin:2.3.7:manifest (bundle-manifest) @ keycloak-saml-jetty92-adapter ---
[WARNING] Manifest org.keycloak:keycloak-saml-jetty92-adapter:jar:16.0.0-SNAPSHOT : Superfluous export-package instructions: [org.keycloak.adapters.jetty.*]
[INFO] 
[INFO] --- maven-resources-plugin:3.1.0:testResources (default-testResources) @ keycloak-saml-jetty92-adapter ---
[INFO] Using 'UTF-8' encoding to copy filtered resources.
[INFO] skip non existing resourceDirectory /home/target/adapters/saml/jetty/jetty9.2/src/test/resources
[INFO] 
[INFO] --- maven-compiler-plugin:3.8.1-jboss-1:testCompile (default-testCompile) @ keycloak-saml-jetty92-adapter ---
[INFO] No sources to compile
[INFO] 
[INFO] --- maven-surefire-plugin:3.0.0-M5:test (default-test) @ keycloak-saml-jetty92-adapter ---
[INFO] No tests to run.
[INFO] 
[INFO] -------------< org.keycloak:keycloak-saml-jetty93-adapter >-------------
[INFO] Building Keycloak Jetty 9.3.x SAML Integration 16.0.0-SNAPSHOT  [41/192]
[INFO] --------------------------------[ jar ]---------------------------------
[INFO] 
[INFO] --- maven-enforcer-plugin:3.0.0-M2:enforce (enforce-java-version) @ keycloak-saml-jetty93-adapter ---
[INFO] 
[INFO] --- maven-enforcer-plugin:3.0.0-M2:enforce (enforce-maven-version) @ keycloak-saml-jetty93-adapter ---
[INFO] 
[INFO] --- buildnumber-maven-plugin:1.4:create (get-scm-revision) @ keycloak-saml-jetty93-adapter ---
[INFO] 
[INFO] --- maven-resources-plugin:3.1.0:resources (default-resources) @ keycloak-saml-jetty93-adapter ---
[INFO] Using 'UTF-8' encoding to copy filtered resources.
[INFO] skip non existing resourceDirectory /home/target/adapters/saml/jetty/jetty9.3/src/main/resources
[INFO] 
[INFO] --- maven-compiler-plugin:3.8.1-jboss-1:compile (default-compile) @ keycloak-saml-jetty93-adapter ---
[INFO] Nothing to compile - all classes are up to date
[INFO] 
[INFO] --- maven-bundle-plugin:2.3.7:manifest (bundle-manifest) @ keycloak-saml-jetty93-adapter ---
[WARNING] Manifest org.keycloak:keycloak-saml-jetty93-adapter:jar:16.0.0-SNAPSHOT : Superfluous export-package instructions: [org.keycloak.adapters.jetty.*]
[INFO] 
[INFO] --- maven-resources-plugin:3.1.0:testResources (default-testResources) @ keycloak-saml-jetty93-adapter ---
[INFO] Using 'UTF-8' encoding to copy filtered resources.
[INFO] skip non existing resourceDirectory /home/target/adapters/saml/jetty/jetty9.3/src/test/resources
[INFO] 
[INFO] --- maven-compiler-plugin:3.8.1-jboss-1:testCompile (default-testCompile) @ keycloak-saml-jetty93-adapter ---
[INFO] No sources to compile
[INFO] 
[INFO] --- maven-surefire-plugin:3.0.0-M5:test (default-test) @ keycloak-saml-jetty93-adapter ---
[INFO] No tests to run.
[INFO] 
[INFO] -------------< org.keycloak:keycloak-saml-jetty94-adapter >-------------
[INFO] Building Keycloak Jetty 9.4.x SAML Integration 16.0.0-SNAPSHOT  [42/192]
[INFO] --------------------------------[ jar ]---------------------------------
[INFO] 
[INFO] --- maven-enforcer-plugin:3.0.0-M2:enforce (enforce-java-version) @ keycloak-saml-jetty94-adapter ---
[INFO] 
[INFO] --- maven-enforcer-plugin:3.0.0-M2:enforce (enforce-maven-version) @ keycloak-saml-jetty94-adapter ---
[INFO] 
[INFO] --- buildnumber-maven-plugin:1.4:create (get-scm-revision) @ keycloak-saml-jetty94-adapter ---
[INFO] 
[INFO] --- maven-resources-plugin:3.1.0:resources (default-resources) @ keycloak-saml-jetty94-adapter ---
[INFO] Using 'UTF-8' encoding to copy filtered resources.
[INFO] skip non existing resourceDirectory /home/target/adapters/saml/jetty/jetty9.4/src/main/resources
[INFO] 
[INFO] --- maven-compiler-plugin:3.8.1-jboss-1:compile (default-compile) @ keycloak-saml-jetty94-adapter ---
[INFO] Nothing to compile - all classes are up to date
[INFO] 
[INFO] --- maven-bundle-plugin:2.3.7:manifest (bundle-manifest) @ keycloak-saml-jetty94-adapter ---
[WARNING] Manifest org.keycloak:keycloak-saml-jetty94-adapter:jar:16.0.0-SNAPSHOT : Superfluous export-package instructions: [org.keycloak.adapters.jetty.*]
[INFO] 
[INFO] --- maven-resources-plugin:3.1.0:testResources (default-testResources) @ keycloak-saml-jetty94-adapter ---
[INFO] Using 'UTF-8' encoding to copy filtered resources.
[INFO] skip non existing resourceDirectory /home/target/adapters/saml/jetty/jetty9.4/src/test/resources
[INFO] 
[INFO] --- maven-compiler-plugin:3.8.1-jboss-1:testCompile (default-testCompile) @ keycloak-saml-jetty94-adapter ---
[INFO] No sources to compile
[INFO] 
[INFO] --- maven-surefire-plugin:3.0.0-M5:test (default-test) @ keycloak-saml-jetty94-adapter ---
[INFO] No tests to run.
[INFO] 
[INFO] ----------< org.keycloak:keycloak-saml-jetty-integration-pom >----------
[INFO] Building Keycloak SAML Jetty Integration 16.0.0-SNAPSHOT        [43/192]
[INFO] --------------------------------[ pom ]---------------------------------
[INFO] 
[INFO] --- maven-enforcer-plugin:3.0.0-M2:enforce (enforce-java-version) @ keycloak-saml-jetty-integration-pom ---
[INFO] 
[INFO] --- maven-enforcer-plugin:3.0.0-M2:enforce (enforce-maven-version) @ keycloak-saml-jetty-integration-pom ---
[INFO] 
[INFO] --- buildnumber-maven-plugin:1.4:create (get-scm-revision) @ keycloak-saml-jetty-integration-pom ---
[INFO] 
[INFO] -------------< org.keycloak:keycloak-as7-integration-pom >--------------
[INFO] Building Keycloak AS7 / JBoss EAP 6 Integration 16.0.0-SNAPSHOT [44/192]
[INFO] --------------------------------[ pom ]---------------------------------
[INFO] 
[INFO] --- maven-enforcer-plugin:3.0.0-M2:enforce (enforce-java-version) @ keycloak-as7-integration-pom ---
[INFO] 
[INFO] --- maven-enforcer-plugin:3.0.0-M2:enforce (enforce-maven-version) @ keycloak-as7-integration-pom ---
[INFO] 
[INFO] --- buildnumber-maven-plugin:1.4:create (get-scm-revision) @ keycloak-as7-integration-pom ---
[INFO] 
[INFO] ---------------< org.keycloak:keycloak-as7-adapter-spi >----------------
[INFO] Building Keycloak AS7 SPI 16.0.0-SNAPSHOT                       [45/192]
[INFO] --------------------------------[ jar ]---------------------------------
[INFO] 
[INFO] --- maven-enforcer-plugin:3.0.0-M2:enforce (enforce-java-version) @ keycloak-as7-adapter-spi ---
[INFO] 
[INFO] --- maven-enforcer-plugin:3.0.0-M2:enforce (enforce-maven-version) @ keycloak-as7-adapter-spi ---
[INFO] 
[INFO] --- buildnumber-maven-plugin:1.4:create (get-scm-revision) @ keycloak-as7-adapter-spi ---
[INFO] 
[INFO] --- maven-resources-plugin:3.1.0:resources (default-resources) @ keycloak-as7-adapter-spi ---
[INFO] Using 'UTF-8' encoding to copy filtered resources.
[INFO] skip non existing resourceDirectory /home/target/adapters/oidc/as7-eap6/as7-adapter-spi/src/main/resources
[INFO] 
[INFO] --- maven-compiler-plugin:3.8.1-jboss-1:compile (default-compile) @ keycloak-as7-adapter-spi ---
[INFO] Nothing to compile - all classes are up to date
[INFO] 
[INFO] --- maven-resources-plugin:3.1.0:testResources (default-testResources) @ keycloak-as7-adapter-spi ---
[INFO] Using 'UTF-8' encoding to copy filtered resources.
[INFO] skip non existing resourceDirectory /home/target/adapters/oidc/as7-eap6/as7-adapter-spi/src/test/resources
[INFO] 
[INFO] --- maven-compiler-plugin:3.8.1-jboss-1:testCompile (default-testCompile) @ keycloak-as7-adapter-spi ---
[INFO] Nothing to compile - all classes are up to date
[INFO] 
[INFO] --- maven-surefire-plugin:3.0.0-M5:test (default-test) @ keycloak-as7-adapter-spi ---
[INFO] 
[INFO] -------------------------------------------------------
[INFO]  T E S T S
[INFO] -------------------------------------------------------
[INFO] Running org.keycloak.adapters.jbossweb.JBossWebPrincipalFactoryTest
[INFO] Tests run: 1, Failures: 0, Errors: 0, Skipped: 0, Time elapsed: 261,865 s - in org.keycloak.adapters.jbossweb.JBossWebPrincipalFactoryTest
[INFO] 
[INFO] Results:
[INFO] 
[INFO] Tests run: 1, Failures: 0, Errors: 0, Skipped: 0
[INFO] 
[INFO] 
[INFO] -----------< org.keycloak:keycloak-saml-eap-integration-pom >-----------
[INFO] Building Keycloak SAML EAP Integration 16.0.0-SNAPSHOT          [46/192]
[INFO] --------------------------------[ pom ]---------------------------------
[INFO] 
[INFO] --- maven-enforcer-plugin:3.0.0-M2:enforce (enforce-java-version) @ keycloak-saml-eap-integration-pom ---
[INFO] 
[INFO] --- maven-enforcer-plugin:3.0.0-M2:enforce (enforce-maven-version) @ keycloak-saml-eap-integration-pom ---
[INFO] 
[INFO] --- buildnumber-maven-plugin:1.4:create (get-scm-revision) @ keycloak-saml-eap-integration-pom ---
[INFO] 
[INFO] ---------------< org.keycloak:keycloak-saml-as7-adapter >---------------
[INFO] Building Keycloak SAML AS7 Integration 16.0.0-SNAPSHOT          [47/192]
[INFO] --------------------------------[ jar ]---------------------------------
[INFO] 
[INFO] --- maven-enforcer-plugin:3.0.0-M2:enforce (enforce-java-version) @ keycloak-saml-as7-adapter ---
[INFO] 
[INFO] --- maven-enforcer-plugin:3.0.0-M2:enforce (enforce-maven-version) @ keycloak-saml-as7-adapter ---
[INFO] 
[INFO] --- buildnumber-maven-plugin:1.4:create (get-scm-revision) @ keycloak-saml-as7-adapter ---
[INFO] 
[INFO] --- maven-resources-plugin:3.1.0:resources (default-resources) @ keycloak-saml-as7-adapter ---
[INFO] Using 'UTF-8' encoding to copy filtered resources.
[INFO] skip non existing resourceDirectory /home/target/adapters/saml/as7-eap6/adapter/src/main/resources
[INFO] 
[INFO] --- maven-compiler-plugin:3.8.1-jboss-1:compile (default-compile) @ keycloak-saml-as7-adapter ---
[INFO] Nothing to compile - all classes are up to date
[INFO] 
[INFO] --- maven-resources-plugin:3.1.0:testResources (default-testResources) @ keycloak-saml-as7-adapter ---
[INFO] Using 'UTF-8' encoding to copy filtered resources.
[INFO] skip non existing resourceDirectory /home/target/adapters/saml/as7-eap6/adapter/src/test/resources
[INFO] 
[INFO] --- maven-compiler-plugin:3.8.1-jboss-1:testCompile (default-testCompile) @ keycloak-saml-as7-adapter ---
[INFO] No sources to compile
[INFO] 
[INFO] --- maven-surefire-plugin:3.0.0-M5:test (default-test) @ keycloak-saml-as7-adapter ---
[INFO] No tests to run.
[INFO] 
[INFO] --------------< org.keycloak:keycloak-saml-as7-subsystem >--------------
[INFO] Building Keycloak SAML AS7 Subsystem 16.0.0-SNAPSHOT            [48/192]
[INFO] --------------------------------[ jar ]---------------------------------
Downloading from central: https://repo.maven.apache.org/maven2/org/jboss/com/sun/httpserver/httpserver/1.0.1.Final/httpserver-1.0.1.Final.jar
Downloading from central: https://repo.maven.apache.org/maven2/org/jacorb/jacorb/2.3.2.jbossorg-4/jacorb-2.3.2.jbossorg-4.jar
Downloading from central: https://repo.maven.apache.org/maven2/org/jboss/security/jboss-negotiation-extras/2.2.2.Final/jboss-negotiation-extras-2.2.2.Final.jar
Downloading from central: https://repo.maven.apache.org/maven2/org/jboss/security/jboss-negotiation-common/2.2.2.Final/jboss-negotiation-common-2.2.2.Final.jar
Downloading from central: https://repo.maven.apache.org/maven2/org/jboss/security/jboss-negotiation-spnego/2.2.2.Final/jboss-negotiation-spnego-2.2.2.Final.jar
Downloading from central: https://repo.maven.apache.org/maven2/org/jboss/web/jbossweb/7.2.0.Final/jbossweb-7.2.0.Final.jar
[INFO] 
[INFO] -----------< org.keycloak:keycloak-saml-client-adapter-pom >------------
[INFO] Building Keycloak SAML Client Adapter Modules 16.0.0-SNAPSHOT   [49/192]
[INFO] --------------------------------[ pom ]---------------------------------
[INFO] 
[INFO] --- maven-enforcer-plugin:3.0.0-M2:enforce (enforce-java-version) @ keycloak-saml-client-adapter-pom ---
[INFO] 
[INFO] --- maven-enforcer-plugin:3.0.0-M2:enforce (enforce-maven-version) @ keycloak-saml-client-adapter-pom ---
[INFO] 
[INFO] --- buildnumber-maven-plugin:1.4:create (get-scm-revision) @ keycloak-saml-client-adapter-pom ---
[INFO] 
[INFO] ------------------------------------------------------------------------
[INFO] Skipping Keycloak Installed Application
[INFO] This project has been banned from the build due to previous failures.
[INFO] ------------------------------------------------------------------------
[INFO] 
[INFO] ------------------------------------------------------------------------
[INFO] Skipping Keycloak Undertow Integration
[INFO] This project has been banned from the build due to previous failures.
[INFO] ------------------------------------------------------------------------
[INFO] 
[INFO] ------------< org.keycloak:keycloak-fuse7-integration-pom >-------------
[INFO] Building Keycloak Fuse 7.0 Integration 16.0.0-SNAPSHOT          [50/192]
[INFO] --------------------------------[ pom ]---------------------------------
[INFO] 
[INFO] --- maven-enforcer-plugin:3.0.0-M2:enforce (enforce-java-version) @ keycloak-fuse7-integration-pom ---
[INFO] 
[INFO] --- maven-enforcer-plugin:3.0.0-M2:enforce (enforce-maven-version) @ keycloak-fuse7-integration-pom ---
[INFO] 
[INFO] --- buildnumber-maven-plugin:1.4:create (get-scm-revision) @ keycloak-fuse7-integration-pom ---
[INFO] 
[INFO] ------------------------------------------------------------------------
[INFO] Skipping Keycloak Fuse 7.0 Adapter - Camel + Undertow
[INFO] This project has been banned from the build due to previous failures.
[INFO] ------------------------------------------------------------------------
[INFO] 
[INFO] ------------------------------------------------------------------------
[INFO] Skipping Keycloak OSGI Adapter
[INFO] This project has been banned from the build due to previous failures.
[INFO] ------------------------------------------------------------------------
[INFO] 
[INFO] ------------------------------------------------------------------------
[INFO] Skipping Keycloak Fuse 7.0 Adapter - Undertow
[INFO] This project has been banned from the build due to previous failures.
[INFO] ------------------------------------------------------------------------
[INFO] 
[INFO] ------------------------------------------------------------------------
[INFO] Skipping Keycloak Jetty Core Integration
[INFO] This project has been banned from the build due to previous failures.
[INFO] ------------------------------------------------------------------------
[INFO] 
[INFO] ------------------------------------------------------------------------
[INFO] Skipping Keycloak Jetty 9.4.x Integration
[INFO] This project has been banned from the build due to previous failures.
[INFO] ------------------------------------------------------------------------
[INFO] 
[INFO] ------------------------------------------------------------------------
[INFO] Skipping Keycloak Fuse 7.0 Adapter - Jetty 9.4
[INFO] This project has been banned from the build due to previous failures.
[INFO] ------------------------------------------------------------------------
[INFO] 
[INFO] ------------< org.keycloak:keycloak-tomcat-integration-pom >------------
[INFO] Building Keycloak Tomcat Integration 16.0.0-SNAPSHOT            [51/192]
[INFO] --------------------------------[ pom ]---------------------------------
[INFO] 
[INFO] --- maven-enforcer-plugin:3.0.0-M2:enforce (enforce-java-version) @ keycloak-tomcat-integration-pom ---
[INFO] 
[INFO] --- maven-enforcer-plugin:3.0.0-M2:enforce (enforce-maven-version) @ keycloak-tomcat-integration-pom ---
[INFO] 
[INFO] --- buildnumber-maven-plugin:1.4:create (get-scm-revision) @ keycloak-tomcat-integration-pom ---
[INFO] 
[INFO] ------------------------------------------------------------------------
[INFO] Skipping Keycloak Tomcat Core Integration
[INFO] This project has been banned from the build due to previous failures.
[INFO] ------------------------------------------------------------------------
[INFO] 
[INFO] ------------------------------------------------------------------------
[INFO] Skipping Keycloak Tomcat Integration
[INFO] This project has been banned from the build due to previous failures.
[INFO] ------------------------------------------------------------------------
[INFO] 
[INFO] ------------------------------------------------------------------------
[INFO] Skipping Keycloak Fuse 7.0 Adapter - Tomcat 8
[INFO] This project has been banned from the build due to previous failures.
[INFO] ------------------------------------------------------------------------
[INFO] 
[INFO] ------------------------------------------------------------------------
[INFO] Skipping Keycloak CLI SSO Framework
[INFO] This project has been banned from the build due to previous failures.
[INFO] ------------------------------------------------------------------------
[INFO] 
[INFO] ------------------------------------------------------------------------
[INFO] Skipping Keycloak JAX-RS OAuth Client
[INFO] This project has been banned from the build due to previous failures.
[INFO] ------------------------------------------------------------------------
[INFO] 
[INFO] ------------------------------------------------------------------------
[INFO] Skipping Keycloak Jetty 9.2.x Integration
[INFO] This project has been banned from the build due to previous failures.
[INFO] ------------------------------------------------------------------------
[INFO] 
[INFO] ------------------------------------------------------------------------
[INFO] Skipping Keycloak Jetty 9.3.x Integration
[INFO] This project has been banned from the build due to previous failures.
[INFO] ------------------------------------------------------------------------
[INFO] 
[INFO] ------------< org.keycloak:keycloak-jetty-integration-pom >-------------
[INFO] Building Keycloak Jetty Integration 16.0.0-SNAPSHOT             [52/192]
[INFO] --------------------------------[ pom ]---------------------------------
[INFO] 
[INFO] --- maven-enforcer-plugin:3.0.0-M2:enforce (enforce-java-version) @ keycloak-jetty-integration-pom ---
[INFO] 
[INFO] --- maven-enforcer-plugin:3.0.0-M2:enforce (enforce-maven-version) @ keycloak-jetty-integration-pom ---
[INFO] 
[INFO] --- buildnumber-maven-plugin:1.4:create (get-scm-revision) @ keycloak-jetty-integration-pom ---
[INFO] 
[INFO] ------------------------------------------------------------------------
[INFO] Skipping Keycloak Servlet Filter Adapter Integration
[INFO] This project has been banned from the build due to previous failures.
[INFO] ------------------------------------------------------------------------
[INFO] 
[INFO] ------------------------------------------------------------------------
[INFO] Skipping spring-boot-container-bundle
[INFO] This project has been banned from the build due to previous failures.
[INFO] ------------------------------------------------------------------------
[INFO] 
[INFO] ------------------------------------------------------------------------
[INFO] Skipping spring-boot-legacy-container-bundle
[INFO] This project has been banned from the build due to previous failures.
[INFO] ------------------------------------------------------------------------
[INFO] 
[INFO] ------------------------------------------------------------------------
[INFO] Skipping Keycloak Spring Security Integration
[INFO] This project has been banned from the build due to previous failures.
[INFO] ------------------------------------------------------------------------
[INFO] 
[INFO] ------------------------------------------------------------------------
[INFO] Skipping Keycloak Spring Boot Adapter Core
[INFO] This project has been banned from the build due to previous failures.
[INFO] ------------------------------------------------------------------------
[INFO] 
[INFO] ------------------------------------------------------------------------
[INFO] Skipping Keycloak Spring Boot Integration
[INFO] This project has been banned from the build due to previous failures.
[INFO] ------------------------------------------------------------------------
[INFO] 
[INFO] ------------------------------------------------------------------------
[INFO] Skipping Keycloak Spring Boot 2 Integration
[INFO] This project has been banned from the build due to previous failures.
[INFO] ------------------------------------------------------------------------
[INFO] 
[INFO] ------------------------------------------------------------------------
[INFO] Skipping Keycloak Tomcat 7 Integration
[INFO] This project has been banned from the build due to previous failures.
[INFO] ------------------------------------------------------------------------
[INFO] 
[INFO] ------------------------------------------------------------------------
[INFO] Skipping Keycloak Wildfly Integration
[INFO] This project has been banned from the build due to previous failures.
[INFO] ------------------------------------------------------------------------
[INFO] 
[INFO] ------------------------------------------------------------------------
[INFO] Skipping Keycloak Wildfly Elytron OIDC Adapter
[INFO] This project has been banned from the build due to previous failures.
[INFO] ------------------------------------------------------------------------
[INFO] 
[INFO] ------------------------------------------------------------------------
[INFO] Skipping Keycloak Wildfly Adapter Subsystem
[INFO] This project has been banned from the build due to previous failures.
[INFO] ------------------------------------------------------------------------
[INFO] 
[INFO] -----------< org.keycloak:keycloak-wildfly-integration-pom >------------
[INFO] Building Keycloak WildFly Integration 16.0.0-SNAPSHOT           [53/192]
[INFO] --------------------------------[ pom ]---------------------------------
[INFO] 
[INFO] --- maven-enforcer-plugin:3.0.0-M2:enforce (enforce-java-version) @ keycloak-wildfly-integration-pom ---
[INFO] 
[INFO] --- maven-enforcer-plugin:3.0.0-M2:enforce (enforce-maven-version) @ keycloak-wildfly-integration-pom ---
[INFO] 
[INFO] --- buildnumber-maven-plugin:1.4:create (get-scm-revision) @ keycloak-wildfly-integration-pom ---
[INFO] 
[INFO] ------------------------------------------------------------------------
[INFO] Skipping Keycloak AS7 Integration
[INFO] This project has been banned from the build due to previous failures.
[INFO] ------------------------------------------------------------------------
[INFO] 
[INFO] ------------------------------------------------------------------------
[INFO] Skipping Keycloak AS7 Subsystem
[INFO] This project has been banned from the build due to previous failures.
[INFO] ------------------------------------------------------------------------
[INFO] 
[INFO] -----------< org.keycloak:keycloak-oidc-client-adapter-pom >------------
[INFO] Building Keycloak OIDC Client Adapter Modules 16.0.0-SNAPSHOT   [54/192]
[INFO] --------------------------------[ pom ]---------------------------------
[INFO] 
[INFO] --- maven-enforcer-plugin:3.0.0-M2:enforce (enforce-java-version) @ keycloak-oidc-client-adapter-pom ---
[INFO] 
[INFO] --- maven-enforcer-plugin:3.0.0-M2:enforce (enforce-maven-version) @ keycloak-oidc-client-adapter-pom ---
[INFO] 
[INFO] --- buildnumber-maven-plugin:1.4:create (get-scm-revision) @ keycloak-oidc-client-adapter-pom ---
[INFO] 
[INFO] -----------------< org.keycloak:keycloak-adapters-pom >-----------------
[INFO] Building Keycloak Adapters 16.0.0-SNAPSHOT                      [55/192]
[INFO] --------------------------------[ pom ]---------------------------------
[INFO] 
[INFO] --- maven-enforcer-plugin:3.0.0-M2:enforce (enforce-java-version) @ keycloak-adapters-pom ---
[INFO] 
[INFO] --- maven-enforcer-plugin:3.0.0-M2:enforce (enforce-maven-version) @ keycloak-adapters-pom ---
[INFO] 
[INFO] --- buildnumber-maven-plugin:1.4:create (get-scm-revision) @ keycloak-adapters-pom ---
[INFO] 
[INFO] -----------------< org.keycloak:keycloak-misc-parent >------------------
[INFO] Building Keycloak Misc 16.0.0-SNAPSHOT                          [56/192]
[INFO] --------------------------------[ pom ]---------------------------------
[INFO] 
[INFO] --- maven-enforcer-plugin:3.0.0-M2:enforce (enforce-java-version) @ keycloak-misc-parent ---
[INFO] 
[INFO] --- maven-enforcer-plugin:3.0.0-M2:enforce (enforce-maven-version) @ keycloak-misc-parent ---
[INFO] 
[INFO] --- buildnumber-maven-plugin:1.4:create (get-scm-revision) @ keycloak-misc-parent ---
[INFO] 
[INFO] ----------< org.keycloak:keycloak-spring-boot-starter-parent >----------
[INFO] Building Keycloak :: Spring :: Boot 16.0.0-SNAPSHOT             [57/192]
[INFO] --------------------------------[ pom ]---------------------------------
[INFO] 
[INFO] --- maven-enforcer-plugin:3.0.0-M2:enforce (enforce-java-version) @ keycloak-spring-boot-starter-parent ---
[INFO] 
[INFO] --- maven-enforcer-plugin:3.0.0-M2:enforce (enforce-maven-version) @ keycloak-spring-boot-starter-parent ---
[INFO] 
[INFO] --- buildnumber-maven-plugin:1.4:create (get-scm-revision) @ keycloak-spring-boot-starter-parent ---
[INFO] 
[INFO] ------------------------------------------------------------------------
[INFO] Skipping Keycloak :: Spring :: Boot :: Default ::  Starter
[INFO] This project has been banned from the build due to previous failures.
[INFO] ------------------------------------------------------------------------
[INFO] 
[INFO] ------< org.keycloak:keycloak-legacy-spring-boot-starter-parent >-------
[INFO] Building Keycloak :: Spring :: Boot 16.0.0-SNAPSHOT             [58/192]
[INFO] --------------------------------[ pom ]---------------------------------
[INFO] 
[INFO] --- maven-enforcer-plugin:3.0.0-M2:enforce (enforce-java-version) @ keycloak-legacy-spring-boot-starter-parent ---
[INFO] 
[INFO] --- maven-enforcer-plugin:3.0.0-M2:enforce (enforce-maven-version) @ keycloak-legacy-spring-boot-starter-parent ---
[INFO] 
[INFO] --- buildnumber-maven-plugin:1.4:create (get-scm-revision) @ keycloak-legacy-spring-boot-starter-parent ---
[INFO] 
[INFO] ------------------------------------------------------------------------
[INFO] Skipping Keycloak :: Legacy :: Spring :: Boot :: Default ::  Starter
[INFO] This project has been banned from the build due to previous failures.
[INFO] ------------------------------------------------------------------------
[INFO] 
[INFO] ------------------------------------------------------------------------
[INFO] Skipping keycloak-test-helper
[INFO] This project has been banned from the build due to previous failures.
[INFO] ------------------------------------------------------------------------
[INFO] 
[INFO] ----------------< org.keycloak:keycloak-testsuite-pom >-----------------
[INFO] Building Keycloak TestSuite 16.0.0-SNAPSHOT                     [59/192]
[INFO] --------------------------------[ pom ]---------------------------------
[INFO] 
[INFO] --- maven-enforcer-plugin:3.0.0-M2:enforce (enforce-java-version) @ keycloak-testsuite-pom ---
[INFO] 
[INFO] --- maven-enforcer-plugin:3.0.0-M2:enforce (enforce-maven-version) @ keycloak-testsuite-pom ---
[INFO] 
[INFO] --- buildnumber-maven-plugin:1.4:create (get-scm-revision) @ keycloak-testsuite-pom ---
[INFO] 
[INFO] ------------------< org.keycloak:db-allocator-plugin >------------------
[INFO] Building DB Allocator Plugin 16.0.0-SNAPSHOT                    [60/192]
[INFO] ----------------------------[ maven-plugin ]----------------------------
[INFO] 
[INFO] --- maven-enforcer-plugin:3.0.0-M2:enforce (enforce-java-version) @ db-allocator-plugin ---
[INFO] 
[INFO] --- maven-enforcer-plugin:3.0.0-M2:enforce (enforce-maven-version) @ db-allocator-plugin ---
[INFO] 
[INFO] --- buildnumber-maven-plugin:1.4:create (get-scm-revision) @ db-allocator-plugin ---
[INFO] 
[INFO] --- maven-resources-plugin:3.1.0:resources (default-resources) @ db-allocator-plugin ---
[INFO] Using 'UTF-8' encoding to copy filtered resources.
[INFO] skip non existing resourceDirectory /home/target/testsuite/db-allocator-plugin/src/main/resources
[INFO] 
[INFO] --- maven-compiler-plugin:3.8.1-jboss-1:compile (default-compile) @ db-allocator-plugin ---
[INFO] Nothing to compile - all classes are up to date
[INFO] 
[INFO] --- maven-plugin-plugin:3.6.0:descriptor (default-descriptor) @ db-allocator-plugin ---
[INFO] Using 'UTF-8' encoding to read mojo source files.
[INFO] java-javadoc mojo extractor found 0 mojo descriptor.
[INFO] java-annotations mojo extractor found 2 mojo descriptors.
[INFO] 
[INFO] --- maven-resources-plugin:3.1.0:testResources (default-testResources) @ db-allocator-plugin ---
[INFO] Using 'UTF-8' encoding to copy filtered resources.
[INFO] Copying 2 resources
[INFO] 
[INFO] --- maven-compiler-plugin:3.8.1-jboss-1:testCompile (default-testCompile) @ db-allocator-plugin ---
[INFO] Nothing to compile - all classes are up to date
[INFO] 
[INFO] --- maven-surefire-plugin:3.0.0-M5:test (default-test) @ db-allocator-plugin ---
[INFO] 
[INFO] -------------------------------------------------------
[INFO]  T E S T S
[INFO] -------------------------------------------------------
[INFO] Running org.keycloak.testsuite.dballocator.client.DBAllocatorServiceClientTest
Nov 02, 2025 12:03:31 PM org.keycloak.testsuite.dballocator.client.DBAllocatorServiceClient allocate
INFO: Calling http://localhost:8080/test
Nov 03, 2025 11:35:07 PM org.keycloak.testsuite.dballocator.client.DBAllocatorServiceClient allocate
INFO: Calling http://localhost:8080/test
[INFO] Tests run: 2, Failures: 0, Errors: 0, Skipped: 0, Time elapsed: -2,003,932.296 s - in org.keycloak.testsuite.dballocator.client.DBAllocatorServiceClientTest
[INFO] Running org.keycloak.testsuite.dballocator.client.retry.IncrementalBackoffRetryPolicyTest
Nov 04, 2025 10:27:46 AM org.keycloak.testsuite.dballocator.client.retry.IncrementalBackoffRetryPolicy retryTillHttpOk
INFO: Response status: 500
Nov 04, 2025 10:38:20 AM org.keycloak.testsuite.dballocator.client.retry.IncrementalBackoffRetryPolicy retryTillHttpOk
INFO: retryCount: 1, totalRetries: 2
Nov 04, 2025 10:46:48 AM org.keycloak.testsuite.dballocator.client.retry.IncrementalBackoffRetryPolicy retryTillHttpOk
INFO: backoffTime * retryCount: 0
Nov 04, 2025 10:55:57 AM org.keycloak.testsuite.dballocator.client.retry.IncrementalBackoffRetryPolicy retryTillHttpOk
INFO: Response status: 500
Nov 04, 2025 11:04:06 AM org.keycloak.testsuite.dballocator.client.retry.IncrementalBackoffRetryPolicy retryTillHttpOk
INFO: retryCount: 2, totalRetries: 2
Nov 04, 2025 11:12:05 AM org.keycloak.testsuite.dballocator.client.retry.IncrementalBackoffRetryPolicy retryTillHttpOk
INFO: backoffTime * retryCount: 0
Nov 04, 2025 11:19:31 AM org.keycloak.testsuite.dballocator.client.retry.IncrementalBackoffRetryPolicy retryTillHttpOk
INFO: Response status: 500
Nov 04, 2025 11:27:32 AM org.keycloak.testsuite.dballocator.client.retry.IncrementalBackoffRetryPolicy retryTillHttpOk
INFO: retryCount: 3, totalRetries: 2
Nov 04, 2025 11:35:43 AM org.keycloak.testsuite.dballocator.client.retry.IncrementalBackoffRetryPolicy retryTillHttpOk
INFO: retryCount exceeded: 3
Nov 04, 2025 11:51:45 AM org.keycloak.testsuite.dballocator.client.retry.IncrementalBackoffRetryPolicy retryTillHttpOk
INFO: Response status: 200
[INFO] Tests run: 2, Failures: 0, Errors: 0, Skipped: 0, Time elapsed: 27,970 s - in org.keycloak.testsuite.dballocator.client.retry.IncrementalBackoffRetryPolicyTest
[INFO] 
[INFO] Results:
[INFO] 
[INFO] Tests run: 4, Failures: 0, Errors: 0, Skipped: 0
[INFO] 
[INFO] 
[INFO] -----------< org.keycloak.testsuite:integration-arquillian >------------
[INFO] Building Keycloak Arquillian Integration TestSuite 16.0.0-SNAPSHOT [61/192]
[INFO] --------------------------------[ pom ]---------------------------------
[INFO] 
[INFO] --- maven-enforcer-plugin:3.0.0-M2:enforce (enforce-java-version) @ integration-arquillian ---
[INFO] 
[INFO] --- maven-enforcer-plugin:3.0.0-M2:enforce (enforce-maven-version) @ integration-arquillian ---
[INFO] 
[INFO] --- maven-enforcer-plugin:3.0.0-M2:enforce (enforce-maven) @ integration-arquillian ---
[INFO] 
[INFO] --- buildnumber-maven-plugin:1.4:create (get-scm-revision) @ integration-arquillian ---
[INFO] 
[INFO] ------< org.keycloak.testsuite:integration-arquillian-test-apps >-------
[INFO] Building Test apps 16.0.0-SNAPSHOT                              [62/192]
[INFO] --------------------------------[ pom ]---------------------------------
[INFO] 
[INFO] --- maven-enforcer-plugin:3.0.0-M2:enforce (enforce-java-version) @ integration-arquillian-test-apps ---
[INFO] 
[INFO] --- maven-enforcer-plugin:3.0.0-M2:enforce (enforce-maven-version) @ integration-arquillian-test-apps ---
[INFO] 
[INFO] --- maven-enforcer-plugin:3.0.0-M2:enforce (enforce-maven) @ integration-arquillian-test-apps ---
[INFO] 
[INFO] --- buildnumber-maven-plugin:1.4:create (get-scm-revision) @ integration-arquillian-test-apps ---
[INFO] 
[INFO] ----< org.keycloak.testsuite:integration-arquillian-test-apps-dist >----
[INFO] Building Test apps distribution 16.0.0-SNAPSHOT                 [63/192]
[INFO] --------------------------------[ jar ]---------------------------------
[INFO] 
[INFO] --- maven-enforcer-plugin:3.0.0-M2:enforce (enforce-java-version) @ integration-arquillian-test-apps-dist ---
[INFO] 
[INFO] --- maven-enforcer-plugin:3.0.0-M2:enforce (enforce-maven-version) @ integration-arquillian-test-apps-dist ---
[INFO] 
[INFO] --- maven-enforcer-plugin:3.0.0-M2:enforce (enforce-maven) @ integration-arquillian-test-apps-dist ---
[INFO] 
[INFO] --- buildnumber-maven-plugin:1.4:create (get-scm-revision) @ integration-arquillian-test-apps-dist ---
[INFO] 
[INFO] --- maven-resources-plugin:3.0.1:resources (default-resources) @ integration-arquillian-test-apps-dist ---
[INFO] Using 'UTF-8' encoding to copy filtered resources.
[INFO] skip non existing resourceDirectory /home/target/testsuite/integration-arquillian/test-apps/test-apps-dist/src/main/resources
[INFO] 
[INFO] --- maven-compiler-plugin:3.8.1-jboss-1:compile (default-compile) @ integration-arquillian-test-apps-dist ---
[INFO] No sources to compile
[INFO] 
[INFO] --- maven-antrun-plugin:1.8:run (build-test-apps) @ integration-arquillian-test-apps-dist ---
[INFO] Executing tasks

main:

all:
   [delete] Deleting directory /home/target/testsuite/integration-arquillian/test-apps/test-apps-dist/target/test-apps
     [copy] Copying 27 files to /home/target/testsuite/integration-arquillian/test-apps/test-apps-dist/target/test-apps/photoz
     [copy] Copying 8 files to /home/target/testsuite/integration-arquillian/test-apps/test-apps-dist/target/test-apps/hello-world-authz-service
     [copy] Copying 31 files to /home/target/testsuite/integration-arquillian/test-apps/test-apps-dist/target/test-apps/servlet-authz-app
     [copy] Copying 9 files to /home/target/testsuite/integration-arquillian/test-apps/test-apps-dist/target/test-apps/servlet-policy-enforcer
     [copy] Copying 28 files to /home/target/testsuite/integration-arquillian/test-apps/test-apps-dist/target/test-apps/cors
     [copy] Copying 72 files to /home/target/testsuite/integration-arquillian/test-apps/test-apps-dist/target/test-apps/fuse
[INFO] Executed tasks
[INFO] 
[INFO] --- maven-resources-plugin:3.0.1:testResources (default-testResources) @ integration-arquillian-test-apps-dist ---
[INFO] Using 'UTF-8' encoding to copy filtered resources.
[INFO] skip non existing resourceDirectory /home/target/testsuite/integration-arquillian/test-apps/test-apps-dist/src/test/resources
[INFO] 
[INFO] --- maven-compiler-plugin:3.8.1-jboss-1:testCompile (default-testCompile) @ integration-arquillian-test-apps-dist ---
[INFO] No sources to compile
[INFO] 
[INFO] --- maven-surefire-plugin:3.0.0-M5:test (default-test) @ integration-arquillian-test-apps-dist ---
[INFO] No tests to run.
[INFO] 
[INFO] --< org.keycloak.testsuite:integration-arquillian-test-apps-photoz-parent >--
[INFO] Building Keycloak Authz: PhotoZ  Test Parent 16.0.0-SNAPSHOT    [64/192]
[INFO] --------------------------------[ pom ]---------------------------------
[INFO] 
[INFO] --- maven-enforcer-plugin:3.0.0-M2:enforce (enforce-java-version) @ integration-arquillian-test-apps-photoz-parent ---
[INFO] 
[INFO] --- maven-enforcer-plugin:3.0.0-M2:enforce (enforce-maven-version) @ integration-arquillian-test-apps-photoz-parent ---
[INFO] 
[INFO] --- maven-enforcer-plugin:3.0.0-M2:enforce (enforce-maven) @ integration-arquillian-test-apps-photoz-parent ---
[INFO] 
[INFO] --- buildnumber-maven-plugin:1.4:create (get-scm-revision) @ integration-arquillian-test-apps-photoz-parent ---
[INFO] 
[INFO] ------------------------------------------------------------------------
[INFO] Skipping Keycloak Authz Test: Photoz RESTful API
[INFO] This project has been banned from the build due to previous failures.
[INFO] ------------------------------------------------------------------------
[INFO] 
[INFO] -------------< org.keycloak.testsuite:photoz-html5-client >-------------
[INFO] Building Keycloak Authz Tests: Photoz HTML5 Client 16.0.0-SNAPSHOT [65/192]
[INFO] --------------------------------[ war ]---------------------------------
[INFO] 
[INFO] --- maven-enforcer-plugin:3.0.0-M2:enforce (enforce-java-version) @ photoz-html5-client ---
[INFO] 
[INFO] --- maven-enforcer-plugin:3.0.0-M2:enforce (enforce-maven-version) @ photoz-html5-client ---
[INFO] 
[INFO] --- maven-enforcer-plugin:3.0.0-M2:enforce (enforce-maven) @ photoz-html5-client ---
[INFO] 
[INFO] --- buildnumber-maven-plugin:1.4:create (get-scm-revision) @ photoz-html5-client ---
[INFO] 
[INFO] --- maven-resources-plugin:3.0.1:resources (default-resources) @ photoz-html5-client ---
[INFO] Using 'UTF-8' encoding to copy filtered resources.
[INFO] skip non existing resourceDirectory /home/target/testsuite/integration-arquillian/test-apps/photoz/photoz-html5-client/src/main/resources
[INFO] 
[INFO] --- maven-compiler-plugin:3.8.1-jboss-1:compile (default-compile) @ photoz-html5-client ---
[INFO] No sources to compile
[INFO] 
[INFO] --- maven-resources-plugin:3.0.1:testResources (default-testResources) @ photoz-html5-client ---
[INFO] Using 'UTF-8' encoding to copy filtered resources.
[INFO] skip non existing resourceDirectory /home/target/testsuite/integration-arquillian/test-apps/photoz/photoz-html5-client/src/test/resources
[INFO] 
[INFO] --- maven-compiler-plugin:3.8.1-jboss-1:testCompile (default-testCompile) @ photoz-html5-client ---
[INFO] No sources to compile
[INFO] 
[INFO] --- maven-surefire-plugin:3.0.0-M5:test (default-test) @ photoz-html5-client ---
[INFO] No tests to run.
[INFO] 
[INFO] ----------< org.keycloak.testsuite:hello-world-authz-service >----------
[INFO] Building Keycloak Authz Tests: Hello World Example 16.0.0-SNAPSHOT [66/192]
[INFO] --------------------------------[ war ]---------------------------------
[INFO] 
[INFO] --- maven-enforcer-plugin:3.0.0-M2:enforce (enforce-java-version) @ hello-world-authz-service ---
[INFO] 
[INFO] --- maven-enforcer-plugin:3.0.0-M2:enforce (enforce-maven-version) @ hello-world-authz-service ---
[INFO] 
[INFO] --- maven-enforcer-plugin:3.0.0-M2:enforce (enforce-maven) @ hello-world-authz-service ---
[INFO] 
[INFO] --- buildnumber-maven-plugin:1.4:create (get-scm-revision) @ hello-world-authz-service ---
[INFO] 
[INFO] --- maven-resources-plugin:3.0.1:resources (default-resources) @ hello-world-authz-service ---
[INFO] Using 'UTF-8' encoding to copy filtered resources.
[INFO] skip non existing resourceDirectory /home/target/testsuite/integration-arquillian/test-apps/hello-world-authz-service/src/main/resources
[INFO] 
[INFO] --- maven-compiler-plugin:3.8.1-jboss-1:compile (default-compile) @ hello-world-authz-service ---
[INFO] No sources to compile
[INFO] 
[INFO] --- maven-resources-plugin:3.0.1:testResources (default-testResources) @ hello-world-authz-service ---
[INFO] Using 'UTF-8' encoding to copy filtered resources.
[INFO] skip non existing resourceDirectory /home/target/testsuite/integration-arquillian/test-apps/hello-world-authz-service/src/test/resources
[INFO] 
[INFO] --- maven-compiler-plugin:3.8.1-jboss-1:testCompile (default-testCompile) @ hello-world-authz-service ---
[INFO] No sources to compile
[INFO] 
[INFO] --- maven-surefire-plugin:3.0.0-M5:test (default-test) @ hello-world-authz-service ---
[INFO] No tests to run.
[INFO] 
[INFO] ------------------------------------------------------------------------
[INFO] Skipping Keycloak Authz: Servlet Authorization Test
[INFO] This project has been banned from the build due to previous failures.
[INFO] ------------------------------------------------------------------------
[INFO] 
[INFO] -----------< org.keycloak.testsuite:servlet-policy-enforcer >-----------
[INFO] Building Keycloak Authz: Simple Servlet App with Policy Enforcer 16.0.0-SNAPSHOT [67/192]
[INFO] --------------------------------[ war ]---------------------------------
[INFO] 
[INFO] --- maven-enforcer-plugin:3.0.0-M2:enforce (enforce-java-version) @ servlet-policy-enforcer ---
[INFO] 
[INFO] --- maven-enforcer-plugin:3.0.0-M2:enforce (enforce-maven-version) @ servlet-policy-enforcer ---
[INFO] 
[INFO] --- maven-enforcer-plugin:3.0.0-M2:enforce (enforce-maven) @ servlet-policy-enforcer ---
[INFO] 
[INFO] --- buildnumber-maven-plugin:1.4:create (get-scm-revision) @ servlet-policy-enforcer ---
[INFO] 
[INFO] --- maven-resources-plugin:3.0.1:resources (default-resources) @ servlet-policy-enforcer ---
[INFO] Using 'UTF-8' encoding to copy filtered resources.
[INFO] skip non existing resourceDirectory /home/target/testsuite/integration-arquillian/test-apps/servlet-policy-enforcer/src/main/resources
[INFO] 
[INFO] --- maven-compiler-plugin:3.8.1-jboss-1:compile (default-compile) @ servlet-policy-enforcer ---
[INFO] No sources to compile
[INFO] 
[INFO] --- maven-resources-plugin:3.0.1:testResources (default-testResources) @ servlet-policy-enforcer ---
[INFO] Using 'UTF-8' encoding to copy filtered resources.
[INFO] skip non existing resourceDirectory /home/target/testsuite/integration-arquillian/test-apps/servlet-policy-enforcer/src/test/resources
[INFO] 
[INFO] --- maven-compiler-plugin:3.8.1-jboss-1:testCompile (default-testCompile) @ servlet-policy-enforcer ---
[INFO] No sources to compile
[INFO] 
[INFO] --- maven-surefire-plugin:3.0.0-M5:test (default-test) @ servlet-policy-enforcer ---
[INFO] No tests to run.
[INFO] 
[INFO] ------------------------------------------------------------------------
[INFO] Skipping integration-arquillian-test-apps-servlets
[INFO] This project has been banned from the build due to previous failures.
[INFO] ------------------------------------------------------------------------
[INFO] 
[INFO] ------------------------------------------------------------------------
[INFO] Skipping Keycloak Test App Profile JEE
[INFO] This project has been banned from the build due to previous failures.
[INFO] ------------------------------------------------------------------------
[INFO] 
[INFO] --< org.keycloak.testsuite:integration-arquillian-test-apps-cors-parent >--
[INFO] Building integration-arquillian-test-apps-cors-parent 16.0.0-SNAPSHOT [68/192]
[INFO] --------------------------------[ pom ]---------------------------------
[INFO] 
[INFO] --- maven-enforcer-plugin:3.0.0-M2:enforce (enforce-java-version) @ integration-arquillian-test-apps-cors-parent ---
[INFO] 
[INFO] --- maven-enforcer-plugin:3.0.0-M2:enforce (enforce-maven-version) @ integration-arquillian-test-apps-cors-parent ---
[INFO] 
[INFO] --- maven-enforcer-plugin:3.0.0-M2:enforce (enforce-maven) @ integration-arquillian-test-apps-cors-parent ---
[INFO] 
[INFO] --- buildnumber-maven-plugin:1.4:create (get-scm-revision) @ integration-arquillian-test-apps-cors-parent ---
[INFO] 
[INFO] --< org.keycloak.testsuite:integration-arquillian-test-apps-cors-angular-product >--
[INFO] Building Angular Product Portal JS 16.0.0-SNAPSHOT              [69/192]
[INFO] --------------------------------[ war ]---------------------------------
[INFO] 
[INFO] --- maven-enforcer-plugin:3.0.0-M2:enforce (enforce-java-version) @ integration-arquillian-test-apps-cors-angular-product ---
[INFO] 
[INFO] --- maven-enforcer-plugin:3.0.0-M2:enforce (enforce-maven-version) @ integration-arquillian-test-apps-cors-angular-product ---
[INFO] 
[INFO] --- maven-enforcer-plugin:3.0.0-M2:enforce (enforce-maven) @ integration-arquillian-test-apps-cors-angular-product ---
[INFO] 
[INFO] --- buildnumber-maven-plugin:1.4:create (get-scm-revision) @ integration-arquillian-test-apps-cors-angular-product ---
[INFO] 
[INFO] --- maven-dependency-plugin:3.1.2:unpack (unpack-javascript-adapter) @ integration-arquillian-test-apps-cors-angular-product ---
[INFO] Configured Artifact: org.keycloak:keycloak-js-adapter:16.0.0-SNAPSHOT:jar
[INFO] Unpacking /home/target/adapters/oidc/js/target/classes to /home/target/testsuite/integration-arquillian/test-apps/cors/angular-product/target/angular-cors-product/js with includes "**/keycloak.js" and excludes ""
[INFO] 
[INFO] ------------------------------------------------------------------------
[INFO] Skipping JAX-RS Database Service Using OAuth Bearer Tokens
[INFO] This project has been banned from the build due to previous failures.
[INFO] ------------------------------------------------------------------------
[INFO] 
[INFO] --< org.keycloak.testsuite:integration-arquillian-test-apps-fuse-parent >--
[INFO] Building Fuse Test Applications 16.0.0-SNAPSHOT                 [70/192]
[INFO] --------------------------------[ pom ]---------------------------------
[INFO] 
[INFO] --- maven-enforcer-plugin:3.0.0-M2:enforce (enforce-java-version) @ integration-arquillian-test-apps-fuse-parent ---
[INFO] 
[INFO] --- maven-enforcer-plugin:3.0.0-M2:enforce (enforce-maven-version) @ integration-arquillian-test-apps-fuse-parent ---
[INFO] 
[INFO] --- maven-enforcer-plugin:3.0.0-M2:enforce (enforce-maven) @ integration-arquillian-test-apps-fuse-parent ---
[INFO] 
[INFO] --- buildnumber-maven-plugin:1.4:create (get-scm-revision) @ integration-arquillian-test-apps-fuse-parent ---
[INFO] 
[INFO] ------------------------------------------------------------------------
[INFO] Skipping Customer Portal - Secured in Karaf/Fuse
[INFO] This project has been banned from the build due to previous failures.
[INFO] ------------------------------------------------------------------------
[INFO] 
[INFO] -----------< org.keycloak.testsuite:fuse-example-cxf-jaxrs >------------
[INFO] Building CXF JAXRS Example - Secured in Karaf/Fuse 16.0.0-SNAPSHOT [71/192]
[INFO] -------------------------------[ bundle ]-------------------------------
[INFO] 
[INFO] --- maven-enforcer-plugin:3.0.0-M2:enforce (enforce-java-version) @ fuse-example-cxf-jaxrs ---
[INFO] 
[INFO] --- maven-enforcer-plugin:3.0.0-M2:enforce (enforce-maven-version) @ fuse-example-cxf-jaxrs ---
[INFO] 
[INFO] --- maven-enforcer-plugin:3.0.0-M2:enforce (enforce-maven) @ fuse-example-cxf-jaxrs ---
[INFO] 
[INFO] --- buildnumber-maven-plugin:1.4:create (get-scm-revision) @ fuse-example-cxf-jaxrs ---
[INFO] 
[INFO] --- maven-resources-plugin:3.0.1:resources (default-resources) @ fuse-example-cxf-jaxrs ---
[INFO] Using 'UTF-8' encoding to copy filtered resources.
[INFO] Copying 4 resources
[INFO] 
[INFO] --- maven-compiler-plugin:3.8.1-jboss-1:compile (default-compile) @ fuse-example-cxf-jaxrs ---
[INFO] Nothing to compile - all classes are up to date
[INFO] 
[INFO] --- maven-resources-plugin:3.0.1:testResources (default-testResources) @ fuse-example-cxf-jaxrs ---
[INFO] Using 'UTF-8' encoding to copy filtered resources.
[INFO] skip non existing resourceDirectory /home/target/testsuite/integration-arquillian/test-apps/fuse/cxf-jaxrs/src/test/resources
[INFO] 
[INFO] --- maven-compiler-plugin:3.8.1-jboss-1:testCompile (default-testCompile) @ fuse-example-cxf-jaxrs ---
[INFO] No sources to compile
[INFO] 
[INFO] --- maven-surefire-plugin:3.0.0-M5:test (default-test) @ fuse-example-cxf-jaxrs ---
[INFO] No tests to run.
[INFO] 
[INFO] ----< org.keycloak.testsuite:fuse-example-cxf-jaxrs-fuse7-undertow >----
[INFO] Building CXF JAXRS Example - Secured in Karaf/Fuse 7 on Undertow 16.0.0-SNAPSHOT [72/192]
[INFO] -------------------------------[ bundle ]-------------------------------
[INFO] 
[INFO] --- maven-enforcer-plugin:3.0.0-M2:enforce (enforce-java-version) @ fuse-example-cxf-jaxrs-fuse7-undertow ---
[INFO] 
[INFO] --- maven-enforcer-plugin:3.0.0-M2:enforce (enforce-maven-version) @ fuse-example-cxf-jaxrs-fuse7-undertow ---
[INFO] 
[INFO] --- maven-enforcer-plugin:3.0.0-M2:enforce (enforce-maven) @ fuse-example-cxf-jaxrs-fuse7-undertow ---
[INFO] 
[INFO] --- buildnumber-maven-plugin:1.4:create (get-scm-revision) @ fuse-example-cxf-jaxrs-fuse7-undertow ---
[INFO] 
[INFO] --- maven-resources-plugin:3.0.1:resources (default-resources) @ fuse-example-cxf-jaxrs-fuse7-undertow ---
[INFO] Using 'UTF-8' encoding to copy filtered resources.
[INFO] Copying 3 resources
[INFO] 
[INFO] --- maven-compiler-plugin:3.8.1-jboss-1:compile (default-compile) @ fuse-example-cxf-jaxrs-fuse7-undertow ---
[INFO] Nothing to compile - all classes are up to date
[INFO] 
[INFO] --- maven-resources-plugin:3.0.1:testResources (default-testResources) @ fuse-example-cxf-jaxrs-fuse7-undertow ---
[INFO] Using 'UTF-8' encoding to copy filtered resources.
[INFO] skip non existing resourceDirectory /home/target/testsuite/integration-arquillian/test-apps/fuse/cxf-jaxrs-fuse7-undertow/src/test/resources
[INFO] 
[INFO] --- maven-compiler-plugin:3.8.1-jboss-1:testCompile (default-testCompile) @ fuse-example-cxf-jaxrs-fuse7-undertow ---
[INFO] No sources to compile
[INFO] 
[INFO] --- maven-surefire-plugin:3.0.0-M5:test (default-test) @ fuse-example-cxf-jaxrs-fuse7-undertow ---
[INFO] No tests to run.
[INFO] 
[INFO] -----------< org.keycloak.testsuite:fuse-example-cxf-jaxws >------------
[INFO] Building CXF JAXWS Example - Secured in Karaf/Fuse 16.0.0-SNAPSHOT [73/192]
[INFO] -------------------------------[ bundle ]-------------------------------
[INFO] 
[INFO] --- maven-enforcer-plugin:3.0.0-M2:enforce (enforce-java-version) @ fuse-example-cxf-jaxws ---
[INFO] 
[INFO] --- maven-enforcer-plugin:3.0.0-M2:enforce (enforce-maven-version) @ fuse-example-cxf-jaxws ---
[INFO] 
[INFO] --- maven-enforcer-plugin:3.0.0-M2:enforce (enforce-maven) @ fuse-example-cxf-jaxws ---
[INFO] 
[INFO] --- buildnumber-maven-plugin:1.4:create (get-scm-revision) @ fuse-example-cxf-jaxws ---
[INFO] 
[INFO] --- maven-resources-plugin:3.0.1:resources (default-resources) @ fuse-example-cxf-jaxws ---
[INFO] Using 'UTF-8' encoding to copy filtered resources.
[INFO] Copying 1 resource
[INFO] 
[INFO] --- maven-compiler-plugin:3.8.1-jboss-1:compile (default-compile) @ fuse-example-cxf-jaxws ---
[INFO] Changes detected - recompiling the module!
[INFO] Compiling 8 source files to /home/target/testsuite/integration-arquillian/test-apps/fuse/cxf-jaxws/target/classes
[WARNING] bootstrap class path not set in conjunction with -source 1.7
[INFO] 
[INFO] --- maven-resources-plugin:3.0.1:testResources (default-testResources) @ fuse-example-cxf-jaxws ---
[INFO] Using 'UTF-8' encoding to copy filtered resources.
[INFO] skip non existing resourceDirectory /home/target/testsuite/integration-arquillian/test-apps/fuse/cxf-jaxws/src/test/resources
[INFO] 
[INFO] --- maven-compiler-plugin:3.8.1-jboss-1:testCompile (default-testCompile) @ fuse-example-cxf-jaxws ---
[INFO] No sources to compile
[INFO] 
[INFO] --- maven-surefire-plugin:3.0.0-M5:test (default-test) @ fuse-example-cxf-jaxws ---
[INFO] No tests to run.
[INFO] 
[INFO] ----< org.keycloak.testsuite:fuse-example-cxf-jaxws-fuse7-undertow >----
[INFO] Building CXF JAXWS Example - Secured in Karaf/Fuse 7 on Undertow 16.0.0-SNAPSHOT [74/192]
[INFO] -------------------------------[ bundle ]-------------------------------
[INFO] 
[INFO] --- maven-enforcer-plugin:3.0.0-M2:enforce (enforce-java-version) @ fuse-example-cxf-jaxws-fuse7-undertow ---
[INFO] 
[INFO] --- maven-enforcer-plugin:3.0.0-M2:enforce (enforce-maven-version) @ fuse-example-cxf-jaxws-fuse7-undertow ---
[INFO] 
[INFO] --- maven-enforcer-plugin:3.0.0-M2:enforce (enforce-maven) @ fuse-example-cxf-jaxws-fuse7-undertow ---
[INFO] 
[INFO] --- buildnumber-maven-plugin:1.4:create (get-scm-revision) @ fuse-example-cxf-jaxws-fuse7-undertow ---
[INFO] 
[INFO] --- maven-resources-plugin:3.0.1:resources (default-resources) @ fuse-example-cxf-jaxws-fuse7-undertow ---
[INFO] Using 'UTF-8' encoding to copy filtered resources.
[INFO] Copying 2 resources
[INFO] 
[INFO] --- maven-compiler-plugin:3.8.1-jboss-1:compile (default-compile) @ fuse-example-cxf-jaxws-fuse7-undertow ---
[INFO] Changes detected - recompiling the module!
[INFO] Compiling 8 source files to /home/target/testsuite/integration-arquillian/test-apps/fuse/cxf-jaxws-fuse7-undertow/target/classes
[WARNING] bootstrap class path not set in conjunction with -source 1.7
[INFO] 
[INFO] --- maven-resources-plugin:3.0.1:testResources (default-testResources) @ fuse-example-cxf-jaxws-fuse7-undertow ---
[INFO] Using 'UTF-8' encoding to copy filtered resources.
[INFO] skip non existing resourceDirectory /home/target/testsuite/integration-arquillian/test-apps/fuse/cxf-jaxws-fuse7-undertow/src/test/resources
[INFO] 
[INFO] --- maven-compiler-plugin:3.8.1-jboss-1:testCompile (default-testCompile) @ fuse-example-cxf-jaxws-fuse7-undertow ---
[INFO] No sources to compile
[INFO] 
[INFO] --- maven-surefire-plugin:3.0.0-M5:test (default-test) @ fuse-example-cxf-jaxws-fuse7-undertow ---
[INFO] No tests to run.
[INFO] 
[INFO] ------------------------------------------------------------------------
[INFO] Skipping Product Portal - Secured in Karaf/Fuse
[INFO] This project has been banned from the build due to previous failures.
[INFO] ------------------------------------------------------------------------
[INFO] 
[INFO] ------------------------------------------------------------------------
[INFO] Skipping Product Portal - Secured in Karaf/Fuse 7 on Undertow
[INFO] This project has been banned from the build due to previous failures.
[INFO] ------------------------------------------------------------------------
[INFO] 
[INFO] ------------------------------------------------------------------------
[INFO] Skipping Camel endpoint example - Secured in Karaf/Fuse
[INFO] This project has been banned from the build due to previous failures.
[INFO] ------------------------------------------------------------------------
[INFO] 
[INFO] ------------------------------------------------------------------------
[INFO] Skipping Camel endpoint example - Secured in Karaf/Fuse 7.0 on Undertow
[INFO] This project has been banned from the build due to previous failures.
[INFO] ------------------------------------------------------------------------
[INFO] 
[INFO] -------< org.keycloak.testsuite:fuse-example-keycloak-features >--------
[INFO] Building Keycloak Fuse Example - Features 16.0.0-SNAPSHOT       [75/192]
[INFO] --------------------------------[ jar ]---------------------------------
[INFO] 
[INFO] --- maven-enforcer-plugin:3.0.0-M2:enforce (enforce-java-version) @ fuse-example-keycloak-features ---
[INFO] 
[INFO] --- maven-enforcer-plugin:3.0.0-M2:enforce (enforce-maven-version) @ fuse-example-keycloak-features ---
[INFO] 
[INFO] --- maven-enforcer-plugin:3.0.0-M2:enforce (enforce-maven) @ fuse-example-keycloak-features ---
[INFO] 
[INFO] --- buildnumber-maven-plugin:1.4:create (get-scm-revision) @ fuse-example-keycloak-features ---
[INFO] 
[INFO] --- maven-resources-plugin:3.0.1:resources (filter) @ fuse-example-keycloak-features ---
[INFO] Using 'UTF-8' encoding to copy filtered resources.
[INFO] Copying 1 resource
[INFO] 
[INFO] --- maven-resources-plugin:3.0.1:resources (default-resources) @ fuse-example-keycloak-features ---
[INFO] Using 'UTF-8' encoding to copy filtered resources.
[INFO] Copying 1 resource
[INFO] 
[INFO] --- maven-compiler-plugin:3.8.1-jboss-1:compile (default-compile) @ fuse-example-keycloak-features ---
[INFO] No sources to compile
[INFO] 
[INFO] --- maven-resources-plugin:3.0.1:testResources (default-testResources) @ fuse-example-keycloak-features ---
[INFO] Using 'UTF-8' encoding to copy filtered resources.
[INFO] skip non existing resourceDirectory /home/target/testsuite/integration-arquillian/test-apps/fuse/features/src/test/resources
[INFO] 
[INFO] --- maven-compiler-plugin:3.8.1-jboss-1:testCompile (default-testCompile) @ fuse-example-keycloak-features ---
[INFO] No sources to compile
[INFO] 
[INFO] --- maven-surefire-plugin:3.0.0-M5:test (default-test) @ fuse-example-keycloak-features ---
[INFO] No tests to run.
[INFO] 
[INFO] ------------------------------------------------------------------------
[INFO] Skipping Keycloak Examples - External Config
[INFO] This project has been banned from the build due to previous failures.
[INFO] ------------------------------------------------------------------------
[INFO] 
[INFO] ------------------------------------------------------------------------
[INFO] Skipping spring-boot-adapter-app
[INFO] This project has been banned from the build due to previous failures.
[INFO] ------------------------------------------------------------------------
[INFO] 
[INFO] -------< org.keycloak.testsuite:integration-arquillian-servers >--------
[INFO] Building Servers 16.0.0-SNAPSHOT                                [76/192]
[INFO] --------------------------------[ pom ]---------------------------------
[INFO] 
[INFO] --- maven-enforcer-plugin:3.0.0-M2:enforce (enforce-java-version) @ integration-arquillian-servers ---
[INFO] 
[INFO] --- maven-enforcer-plugin:3.0.0-M2:enforce (enforce-maven-version) @ integration-arquillian-servers ---
[INFO] 
[INFO] --- maven-enforcer-plugin:3.0.0-M2:enforce (enforce-maven) @ integration-arquillian-servers ---
[INFO] 
[INFO] --- buildnumber-maven-plugin:1.4:create (get-scm-revision) @ integration-arquillian-servers ---
[INFO] 
[INFO] --< org.keycloak.testsuite:integration-arquillian-servers-auth-server >--
[INFO] Building Auth Server 16.0.0-SNAPSHOT                            [77/192]
[INFO] --------------------------------[ pom ]---------------------------------
[INFO] 
[INFO] --- maven-enforcer-plugin:3.0.0-M2:enforce (enforce-java-version) @ integration-arquillian-servers-auth-server ---
[INFO] 
[INFO] --- maven-enforcer-plugin:3.0.0-M2:enforce (enforce-maven-version) @ integration-arquillian-servers-auth-server ---
[INFO] 
[INFO] --- maven-enforcer-plugin:3.0.0-M2:enforce (enforce-maven) @ integration-arquillian-servers-auth-server ---
[INFO] 
[INFO] --- buildnumber-maven-plugin:1.4:create (get-scm-revision) @ integration-arquillian-servers-auth-server ---
[INFO] 
[INFO] --< org.keycloak.testsuite:integration-arquillian-servers-auth-server-services >--
[INFO] Building Auth Server Services 16.0.0-SNAPSHOT                   [78/192]
[INFO] --------------------------------[ pom ]---------------------------------
[INFO] 
[INFO] --- maven-enforcer-plugin:3.0.0-M2:enforce (enforce-java-version) @ integration-arquillian-servers-auth-server-services ---
[INFO] 
[INFO] --- maven-enforcer-plugin:3.0.0-M2:enforce (enforce-maven-version) @ integration-arquillian-servers-auth-server-services ---
[INFO] 
[INFO] --- maven-enforcer-plugin:3.0.0-M2:enforce (enforce-maven) @ integration-arquillian-servers-auth-server-services ---
[INFO] 
[INFO] --- buildnumber-maven-plugin:1.4:create (get-scm-revision) @ integration-arquillian-servers-auth-server-services ---
[INFO] 
[INFO] ------------------------------------------------------------------------
[INFO] Skipping Auth Server Services - Testsuite Providers
[INFO] This project has been banned from the build due to previous failures.
[INFO] ------------------------------------------------------------------------
[INFO] 
[INFO] --< org.keycloak.testsuite:integration-arquillian-servers-auth-server-jboss >--
[INFO] Building Auth Server - JBoss 16.0.0-SNAPSHOT                    [79/192]
[INFO] --------------------------------[ pom ]---------------------------------
[INFO] 
[INFO] --- maven-enforcer-plugin:3.0.0-M2:enforce (enforce-java-version) @ integration-arquillian-servers-auth-server-jboss ---
[INFO] 
[INFO] --- maven-enforcer-plugin:3.0.0-M2:enforce (enforce-maven-version) @ integration-arquillian-servers-auth-server-jboss ---
[INFO] 
[INFO] --- maven-enforcer-plugin:3.0.0-M2:enforce (enforce-maven) @ integration-arquillian-servers-auth-server-jboss ---
[INFO] 
[INFO] --- buildnumber-maven-plugin:1.4:create (get-scm-revision) @ integration-arquillian-servers-auth-server-jboss ---
[INFO] 
[INFO] ------------------------------------------------------------------------
[INFO] Skipping Keycloak TestSuite Utils
[INFO] This project has been banned from the build due to previous failures.
[INFO] ------------------------------------------------------------------------
[INFO] 
[INFO] ------------------------------------------------------------------------
[INFO] Skipping Test Util
[INFO] This project has been banned from the build due to previous failures.
[INFO] ------------------------------------------------------------------------
[INFO] 
[INFO] ------------------------------------------------------------------------
[INFO] Skipping Auth Server - Undertow
[INFO] This project has been banned from the build due to previous failures.
[INFO] ------------------------------------------------------------------------
[INFO] 
[INFO] --< org.keycloak.testsuite:integration-arquillian-servers-app-server >--
[INFO] Building App Server 16.0.0-SNAPSHOT                             [80/192]
[INFO] --------------------------------[ pom ]---------------------------------
[INFO] 
[INFO] --- maven-enforcer-plugin:3.0.0-M2:enforce (enforce-java-version) @ integration-arquillian-servers-app-server ---
[INFO] 
[INFO] --- maven-enforcer-plugin:3.0.0-M2:enforce (enforce-maven-version) @ integration-arquillian-servers-app-server ---
[INFO] 
[INFO] --- maven-enforcer-plugin:3.0.0-M2:enforce (enforce-maven) @ integration-arquillian-servers-app-server ---
[INFO] 
[INFO] --- buildnumber-maven-plugin:1.4:create (get-scm-revision) @ integration-arquillian-servers-app-server ---
[INFO] 
[INFO] --< org.keycloak.testsuite:integration-arquillian-servers-app-server-spi >--
[INFO] Building App Server - SPI 16.0.0-SNAPSHOT                       [81/192]
[INFO] --------------------------------[ jar ]---------------------------------
[INFO] 
[INFO] --- maven-enforcer-plugin:3.0.0-M2:enforce (enforce-java-version) @ integration-arquillian-servers-app-server-spi ---
[INFO] 
[INFO] --- maven-enforcer-plugin:3.0.0-M2:enforce (enforce-maven-version) @ integration-arquillian-servers-app-server-spi ---
[INFO] 
[INFO] --- maven-enforcer-plugin:3.0.0-M2:enforce (enforce-maven) @ integration-arquillian-servers-app-server-spi ---
[INFO] 
[INFO] --- buildnumber-maven-plugin:1.4:create (get-scm-revision) @ integration-arquillian-servers-app-server-spi ---
[INFO] 
[INFO] --- maven-resources-plugin:3.0.1:resources (default-resources) @ integration-arquillian-servers-app-server-spi ---
[INFO] Using 'UTF-8' encoding to copy filtered resources.
[INFO] skip non existing resourceDirectory /home/target/testsuite/integration-arquillian/servers/app-server/app-server-spi/src/main/resources
[INFO] 
[INFO] --- maven-compiler-plugin:3.8.1-jboss-1:compile (default-compile) @ integration-arquillian-servers-app-server-spi ---
[INFO] Nothing to compile - all classes are up to date
[INFO] 
[INFO] --- maven-resources-plugin:3.0.1:testResources (default-testResources) @ integration-arquillian-servers-app-server-spi ---
[INFO] Using 'UTF-8' encoding to copy filtered resources.
[INFO] skip non existing resourceDirectory /home/target/testsuite/integration-arquillian/servers/app-server/app-server-spi/src/test/resources
[INFO] 
[INFO] --- maven-compiler-plugin:3.8.1-jboss-1:testCompile (default-testCompile) @ integration-arquillian-servers-app-server-spi ---
[INFO] No sources to compile
[INFO] 
[INFO] --- maven-surefire-plugin:3.0.0-M5:test (default-test) @ integration-arquillian-servers-app-server-spi ---
[INFO] No tests to run.
[INFO] 
[INFO] --< org.keycloak.testsuite:integration-arquillian-servers-app-server-jboss >--
[INFO] Building App Server - JBoss 16.0.0-SNAPSHOT                     [82/192]
[INFO] --------------------------------[ pom ]---------------------------------
[INFO] 
[INFO] --- maven-enforcer-plugin:3.0.0-M2:enforce (enforce-java-version) @ integration-arquillian-servers-app-server-jboss ---
[INFO] 
[INFO] --- maven-enforcer-plugin:3.0.0-M2:enforce (enforce-maven-version) @ integration-arquillian-servers-app-server-jboss ---
[INFO] 
[INFO] --- maven-enforcer-plugin:3.0.0-M2:enforce (enforce-maven) @ integration-arquillian-servers-app-server-jboss ---
[INFO] 
[INFO] --- buildnumber-maven-plugin:1.4:create (get-scm-revision) @ integration-arquillian-servers-app-server-jboss ---
[INFO] 
[INFO] --< org.keycloak.testsuite:integration-arquillian-servers-app-server-karaf >--
[INFO] Building App Server - Karaf 16.0.0-SNAPSHOT                     [83/192]
[INFO] --------------------------------[ pom ]---------------------------------
[INFO] 
[INFO] --- maven-enforcer-plugin:3.0.0-M2:enforce (enforce-java-version) @ integration-arquillian-servers-app-server-karaf ---
[INFO] 
[INFO] --- maven-enforcer-plugin:3.0.0-M2:enforce (enforce-maven-version) @ integration-arquillian-servers-app-server-karaf ---
[INFO] 
[INFO] --- maven-enforcer-plugin:3.0.0-M2:enforce (enforce-maven) @ integration-arquillian-servers-app-server-karaf ---
[INFO] 
[INFO] --- buildnumber-maven-plugin:1.4:create (get-scm-revision) @ integration-arquillian-servers-app-server-karaf ---
[INFO] 
[INFO] --< org.keycloak.testsuite:integration-arquillian-servers-app-server-tomcat >--
[INFO] Building App Server - Tomcat 16.0.0-SNAPSHOT                    [84/192]
[INFO] --------------------------------[ pom ]---------------------------------
[INFO] 
[INFO] --- maven-enforcer-plugin:3.0.0-M2:enforce (enforce-java-version) @ integration-arquillian-servers-app-server-tomcat ---
[INFO] 
[INFO] --- maven-enforcer-plugin:3.0.0-M2:enforce (enforce-maven-version) @ integration-arquillian-servers-app-server-tomcat ---
[INFO] 
[INFO] --- maven-enforcer-plugin:3.0.0-M2:enforce (enforce-maven) @ integration-arquillian-servers-app-server-tomcat ---
[INFO] 
[INFO] --- buildnumber-maven-plugin:1.4:create (get-scm-revision) @ integration-arquillian-servers-app-server-tomcat ---
[INFO] 
[INFO] ------------------------------------------------------------------------
[INFO] Skipping App Server - Undertow
[INFO] This project has been banned from the build due to previous failures.
[INFO] ------------------------------------------------------------------------
[INFO] 
[INFO] --< org.keycloak.testsuite:integration-arquillian-servers-app-server-jetty >--
[INFO] Building App Server - Jetty Parent 16.0.0-SNAPSHOT              [85/192]
[INFO] --------------------------------[ pom ]---------------------------------
[INFO] 
[INFO] --- maven-enforcer-plugin:3.0.0-M2:enforce (enforce-java-version) @ integration-arquillian-servers-app-server-jetty ---
[INFO] 
[INFO] --- maven-enforcer-plugin:3.0.0-M2:enforce (enforce-maven-version) @ integration-arquillian-servers-app-server-jetty ---
[INFO] 
[INFO] --- maven-enforcer-plugin:3.0.0-M2:enforce (enforce-maven) @ integration-arquillian-servers-app-server-jetty ---
[INFO] 
[INFO] --- buildnumber-maven-plugin:1.4:create (get-scm-revision) @ integration-arquillian-servers-app-server-jetty ---
[INFO] 
[INFO] --< org.keycloak.testsuite:integration-arquillian-servers-cache-server >--
[INFO] Building Keycloak Arquillian Integration TestSuite - Cache Server 16.0.0-SNAPSHOT [86/192]
[INFO] --------------------------------[ pom ]---------------------------------
[INFO] 
[INFO] --- maven-enforcer-plugin:3.0.0-M2:enforce (enforce-java-version) @ integration-arquillian-servers-cache-server ---
[INFO] 
[INFO] --- maven-enforcer-plugin:3.0.0-M2:enforce (enforce-maven-version) @ integration-arquillian-servers-cache-server ---
[INFO] 
[INFO] --- maven-enforcer-plugin:3.0.0-M2:enforce (enforce-maven) @ integration-arquillian-servers-cache-server ---
[INFO] 
[INFO] --- buildnumber-maven-plugin:1.4:create (get-scm-revision) @ integration-arquillian-servers-cache-server ---
[INFO] 
[INFO] --< org.keycloak.testsuite:integration-arquillian-servers-cache-server-infinispan >--
[INFO] Building Keycloak Arquillian Integration TestSuite - Cache Server - Infinispan 16.0.0-SNAPSHOT [87/192]
[INFO] --------------------------------[ pom ]---------------------------------
[INFO] 
[INFO] --- maven-enforcer-plugin:3.0.0-M2:enforce (enforce-java-version) @ integration-arquillian-servers-cache-server-infinispan ---
[INFO] 
[INFO] --- maven-enforcer-plugin:3.0.0-M2:enforce (enforce-maven-version) @ integration-arquillian-servers-cache-server-infinispan ---
[INFO] 
[INFO] --- maven-enforcer-plugin:3.0.0-M2:enforce (enforce-maven) @ integration-arquillian-servers-cache-server-infinispan ---
[INFO] 
[INFO] --- buildnumber-maven-plugin:1.4:create (get-scm-revision) @ integration-arquillian-servers-cache-server-infinispan ---
[INFO] 
[INFO] --< org.keycloak.testsuite:integration-arquillian-servers-cache-server-legacy >--
[INFO] Building Keycloak Arquillian Integration TestSuite - Cache Server - Legacy 16.0.0-SNAPSHOT [88/192]
[INFO] --------------------------------[ pom ]---------------------------------
[INFO] 
[INFO] --- maven-enforcer-plugin:3.0.0-M2:enforce (enforce-java-version) @ integration-arquillian-servers-cache-server-legacy ---
[INFO] 
[INFO] --- maven-enforcer-plugin:3.0.0-M2:enforce (enforce-maven-version) @ integration-arquillian-servers-cache-server-legacy ---
[INFO] 
[INFO] --- maven-enforcer-plugin:3.0.0-M2:enforce (enforce-maven) @ integration-arquillian-servers-cache-server-legacy ---
[INFO] 
[INFO] --- buildnumber-maven-plugin:1.4:create (get-scm-revision) @ integration-arquillian-servers-cache-server-legacy ---
[INFO] 
[INFO] --------< org.keycloak.testsuite:integration-arquillian-tests >---------
[INFO] Building Tests 16.0.0-SNAPSHOT                                  [89/192]
[INFO] --------------------------------[ pom ]---------------------------------
[INFO] 
[INFO] --- maven-enforcer-plugin:3.0.0-M2:enforce (enforce-java-version) @ integration-arquillian-tests ---
[INFO] 
[INFO] --- maven-enforcer-plugin:3.0.0-M2:enforce (enforce-maven-version) @ integration-arquillian-tests ---
[INFO] 
[INFO] --- maven-enforcer-plugin:3.0.0-M2:enforce (enforce-maven) @ integration-arquillian-tests ---
[INFO] 
[INFO] --- buildnumber-maven-plugin:1.4:create (get-scm-revision) @ integration-arquillian-tests ---
[INFO] 
[INFO] --- shrinkwrap-resolver-maven-plugin:3.1.4:propagate-execution-context (default) @ integration-arquillian-tests ---
[INFO] 
[INFO] ------------------------------------------------------------------------
[INFO] Skipping Base TestSuite
[INFO] This project has been banned from the build due to previous failures.
[INFO] ------------------------------------------------------------------------
[INFO] 
[INFO] -----< org.keycloak.testsuite:integration-arquillian-tests-other >------
[INFO] Building Other Tests Modules 16.0.0-SNAPSHOT                    [90/192]
[INFO] --------------------------------[ pom ]---------------------------------
[INFO] 
[INFO] --- maven-enforcer-plugin:3.0.0-M2:enforce (enforce-java-version) @ integration-arquillian-tests-other ---
[INFO] 
[INFO] --- maven-enforcer-plugin:3.0.0-M2:enforce (enforce-maven-version) @ integration-arquillian-tests-other ---
[INFO] 
[INFO] --- maven-enforcer-plugin:3.0.0-M2:enforce (enforce-maven) @ integration-arquillian-tests-other ---
[INFO] 
[INFO] --- buildnumber-maven-plugin:1.4:create (get-scm-revision) @ integration-arquillian-tests-other ---
[INFO] 
[INFO] --- shrinkwrap-resolver-maven-plugin:3.1.4:propagate-execution-context (default) @ integration-arquillian-tests-other ---
[INFO] 
[INFO] ----< org.keycloak.testsuite:integration-arquillian-tests-adapters >----
[INFO] Building Adapter Tests 16.0.0-SNAPSHOT                          [91/192]
[INFO] --------------------------------[ pom ]---------------------------------
[INFO] 
[INFO] --- maven-enforcer-plugin:3.0.0-M2:enforce (enforce-java-version) @ integration-arquillian-tests-adapters ---
[INFO] 
[INFO] --- maven-enforcer-plugin:3.0.0-M2:enforce (enforce-maven-version) @ integration-arquillian-tests-adapters ---
[INFO] 
[INFO] --- maven-enforcer-plugin:3.0.0-M2:enforce (enforce-maven) @ integration-arquillian-tests-adapters ---
[INFO] 
[INFO] --- buildnumber-maven-plugin:1.4:create (get-scm-revision) @ integration-arquillian-tests-adapters ---
[INFO] 
[INFO] --- shrinkwrap-resolver-maven-plugin:3.1.4:propagate-execution-context (default) @ integration-arquillian-tests-adapters ---
[INFO] 
[INFO] --< org.keycloak.testsuite:integration-arquillian-tests-adapters-jboss >--
[INFO] Building Adapter Tests - JBoss 16.0.0-SNAPSHOT                  [92/192]
[INFO] --------------------------------[ pom ]---------------------------------
[INFO] 
[INFO] --- maven-enforcer-plugin:3.0.0-M2:enforce (enforce-java-version) @ integration-arquillian-tests-adapters-jboss ---
[INFO] 
[INFO] --- maven-enforcer-plugin:3.0.0-M2:enforce (enforce-maven-version) @ integration-arquillian-tests-adapters-jboss ---
[INFO] 
[INFO] --- maven-enforcer-plugin:3.0.0-M2:enforce (enforce-maven) @ integration-arquillian-tests-adapters-jboss ---
[INFO] 
[INFO] --- buildnumber-maven-plugin:1.4:create (get-scm-revision) @ integration-arquillian-tests-adapters-jboss ---
[INFO] 
[INFO] --- shrinkwrap-resolver-maven-plugin:3.1.4:propagate-execution-context (default) @ integration-arquillian-tests-adapters-jboss ---
[INFO] 
[INFO] --< org.keycloak.testsuite:integration-arquillian-tests-adapters-karaf >--
[INFO] Building Adapter Tests - Karaf 16.0.0-SNAPSHOT                  [93/192]
[INFO] --------------------------------[ pom ]---------------------------------
[INFO] 
[INFO] --- maven-enforcer-plugin:3.0.0-M2:enforce (enforce-java-version) @ integration-arquillian-tests-adapters-karaf ---
[INFO] 
[INFO] --- maven-enforcer-plugin:3.0.0-M2:enforce (enforce-maven-version) @ integration-arquillian-tests-adapters-karaf ---
[INFO] 
[INFO] --- maven-enforcer-plugin:3.0.0-M2:enforce (enforce-maven) @ integration-arquillian-tests-adapters-karaf ---
[INFO] 
[INFO] --- buildnumber-maven-plugin:1.4:create (get-scm-revision) @ integration-arquillian-tests-adapters-karaf ---
[INFO] 
[INFO] --- shrinkwrap-resolver-maven-plugin:3.1.4:propagate-execution-context (default) @ integration-arquillian-tests-adapters-karaf ---
[INFO] 
[INFO] --< org.keycloak.testsuite:integration-arquillian-tests-adapters-was >--
[INFO] Building Adapter Tests - WAS 16.0.0-SNAPSHOT                    [94/192]
[INFO] --------------------------------[ pom ]---------------------------------
[INFO] 
[INFO] --- maven-enforcer-plugin:3.0.0-M2:enforce (enforce-java-version) @ integration-arquillian-tests-adapters-was ---
[INFO] 
[INFO] --- maven-enforcer-plugin:3.0.0-M2:enforce (enforce-maven-version) @ integration-arquillian-tests-adapters-was ---
[INFO] 
[INFO] --- maven-enforcer-plugin:3.0.0-M2:enforce (enforce-maven) @ integration-arquillian-tests-adapters-was ---
[INFO] 
[INFO] --- buildnumber-maven-plugin:1.4:create (get-scm-revision) @ integration-arquillian-tests-adapters-was ---
[INFO] 
[INFO] --- shrinkwrap-resolver-maven-plugin:3.1.4:propagate-execution-context (default) @ integration-arquillian-tests-adapters-was ---
[INFO] 
[INFO] --< org.keycloak.testsuite:integration-arquillian-tests-adapters-wls >--
[INFO] Building Adapter Tests - WLS 16.0.0-SNAPSHOT                    [95/192]
[INFO] --------------------------------[ pom ]---------------------------------
[INFO] 
[INFO] --- maven-enforcer-plugin:3.0.0-M2:enforce (enforce-java-version) @ integration-arquillian-tests-adapters-wls ---
[INFO] 
[INFO] --- maven-enforcer-plugin:3.0.0-M2:enforce (enforce-maven-version) @ integration-arquillian-tests-adapters-wls ---
[INFO] 
[INFO] --- maven-enforcer-plugin:3.0.0-M2:enforce (enforce-maven) @ integration-arquillian-tests-adapters-wls ---
[INFO] 
[INFO] --- buildnumber-maven-plugin:1.4:create (get-scm-revision) @ integration-arquillian-tests-adapters-wls ---
[INFO] 
[INFO] --- shrinkwrap-resolver-maven-plugin:3.1.4:propagate-execution-context (default) @ integration-arquillian-tests-adapters-wls ---
[INFO] 
[INFO] ------------------------------------------------------------------------
[INFO] Skipping SSSD tests
[INFO] This project has been banned from the build due to previous failures.
[INFO] ------------------------------------------------------------------------
[INFO] 
[INFO] ------------------------------------------------------------------------
[INFO] Skipping Tests for logical storage layer
[INFO] This project has been banned from the build due to previous failures.
[INFO] ------------------------------------------------------------------------
[INFO] 
[INFO] ---------------< org.keycloak:keycloak-examples-parent >----------------
[INFO] Building Keycloak Examples 16.0.0-SNAPSHOT                      [96/192]
[INFO] --------------------------------[ pom ]---------------------------------
[INFO] 
[INFO] --- maven-enforcer-plugin:3.0.0-M2:enforce (enforce-java-version) @ keycloak-examples-parent ---
[INFO] 
[INFO] --- maven-enforcer-plugin:3.0.0-M2:enforce (enforce-maven-version) @ keycloak-examples-parent ---
[INFO] 
[INFO] --- buildnumber-maven-plugin:1.4:create (get-scm-revision) @ keycloak-examples-parent ---
[INFO] 
[INFO] ------------------------------------------------------------------------
[INFO] Skipping Keycloak Examples - Admin Client
[INFO] This project has been banned from the build due to previous failures.
[INFO] ------------------------------------------------------------------------
[INFO] 
[INFO] ------------< org.keycloak:keycloak-examples-broker-parent >------------
[INFO] Building Broker Examples 16.0.0-SNAPSHOT                        [97/192]
[INFO] --------------------------------[ pom ]---------------------------------
[INFO] 
[INFO] --- maven-enforcer-plugin:3.0.0-M2:enforce (enforce-java-version) @ keycloak-examples-broker-parent ---
[INFO] 
[INFO] --- maven-enforcer-plugin:3.0.0-M2:enforce (enforce-maven-version) @ keycloak-examples-broker-parent ---
[INFO] 
[INFO] --- buildnumber-maven-plugin:1.4:create (get-scm-revision) @ keycloak-examples-broker-parent ---
[INFO] 
[INFO] ----------------< org.keycloak:facebook-authentication >----------------
[INFO] Building Keycloak Broker Examples - Facebook Authentication 16.0.0-SNAPSHOT [98/192]
[INFO] --------------------------------[ war ]---------------------------------
[INFO] 
[INFO] --- maven-enforcer-plugin:3.0.0-M2:enforce (enforce-java-version) @ facebook-authentication ---
[INFO] 
[INFO] --- maven-enforcer-plugin:3.0.0-M2:enforce (enforce-maven-version) @ facebook-authentication ---
[INFO] 
[INFO] --- buildnumber-maven-plugin:1.4:create (get-scm-revision) @ facebook-authentication ---
[INFO] 
[INFO] --- maven-resources-plugin:3.1.0:resources (default-resources) @ facebook-authentication ---
[INFO] Using 'UTF-8' encoding to copy filtered resources.
[INFO] skip non existing resourceDirectory /home/target/examples/broker/facebook-authentication/src/main/resources
[INFO] 
[INFO] --- maven-compiler-plugin:3.8.1-jboss-1:compile (default-compile) @ facebook-authentication ---
[INFO] No sources to compile
[INFO] 
[INFO] --- maven-resources-plugin:3.1.0:testResources (default-testResources) @ facebook-authentication ---
[INFO] Using 'UTF-8' encoding to copy filtered resources.
[INFO] skip non existing resourceDirectory /home/target/examples/broker/facebook-authentication/src/test/resources
[INFO] 
[INFO] --- maven-compiler-plugin:3.8.1-jboss-1:testCompile (default-testCompile) @ facebook-authentication ---
[INFO] No sources to compile
[INFO] 
[INFO] --- maven-surefire-plugin:3.0.0-M5:test (default-test) @ facebook-authentication ---
[INFO] No tests to run.
[INFO] 
[INFO] -----------------< org.keycloak:google-authentication >-----------------
[INFO] Building Keycloak Broker Examples - Google Authentication 16.0.0-SNAPSHOT [99/192]
[INFO] --------------------------------[ war ]---------------------------------
[INFO] 
[INFO] --- maven-enforcer-plugin:3.0.0-M2:enforce (enforce-java-version) @ google-authentication ---
[INFO] 
[INFO] --- maven-enforcer-plugin:3.0.0-M2:enforce (enforce-maven-version) @ google-authentication ---
[INFO] 
[INFO] --- buildnumber-maven-plugin:1.4:create (get-scm-revision) @ google-authentication ---
[INFO] 
[INFO] --- maven-resources-plugin:3.1.0:resources (default-resources) @ google-authentication ---
[INFO] Using 'UTF-8' encoding to copy filtered resources.
[INFO] skip non existing resourceDirectory /home/target/examples/broker/google-authentication/src/main/resources
[INFO] 
[INFO] --- maven-compiler-plugin:3.8.1-jboss-1:compile (default-compile) @ google-authentication ---
[INFO] No sources to compile
[INFO] 
[INFO] --- maven-resources-plugin:3.1.0:testResources (default-testResources) @ google-authentication ---
[INFO] Using 'UTF-8' encoding to copy filtered resources.
[INFO] skip non existing resourceDirectory /home/target/examples/broker/google-authentication/src/test/resources
[INFO] 
[INFO] --- maven-compiler-plugin:3.8.1-jboss-1:testCompile (default-testCompile) @ google-authentication ---
[INFO] No sources to compile
[INFO] 
[INFO] --- maven-surefire-plugin:3.0.0-M5:test (default-test) @ google-authentication ---
[INFO] No tests to run.
[INFO] 
[INFO] --------------< org.keycloak:saml-broker-authentication >---------------
[INFO] Building Keycloak Broker Examples - SAML Identity Provider Brokering 16.0.0-SNAPSHOT [100/192]
[INFO] --------------------------------[ war ]---------------------------------
[INFO] 
[INFO] --- maven-enforcer-plugin:3.0.0-M2:enforce (enforce-java-version) @ saml-broker-authentication ---
[INFO] 
[INFO] --- maven-enforcer-plugin:3.0.0-M2:enforce (enforce-maven-version) @ saml-broker-authentication ---
[INFO] 
[INFO] --- buildnumber-maven-plugin:1.4:create (get-scm-revision) @ saml-broker-authentication ---
[INFO] 
[INFO] --- maven-resources-plugin:3.1.0:resources (default-resources) @ saml-broker-authentication ---
[INFO] Using 'UTF-8' encoding to copy filtered resources.
[INFO] skip non existing resourceDirectory /home/target/examples/broker/saml-broker-authentication/src/main/resources
[INFO] 
[INFO] --- maven-compiler-plugin:3.8.1-jboss-1:compile (default-compile) @ saml-broker-authentication ---
[INFO] No sources to compile
[INFO] 
[INFO] --- maven-resources-plugin:3.1.0:testResources (default-testResources) @ saml-broker-authentication ---
[INFO] Using 'UTF-8' encoding to copy filtered resources.
[INFO] skip non existing resourceDirectory /home/target/examples/broker/saml-broker-authentication/src/test/resources
[INFO] 
[INFO] --- maven-compiler-plugin:3.8.1-jboss-1:testCompile (default-testCompile) @ saml-broker-authentication ---
[INFO] No sources to compile
[INFO] 
[INFO] --- maven-surefire-plugin:3.0.0-M5:test (default-test) @ saml-broker-authentication ---
[INFO] No tests to run.
[INFO] 
[INFO] ------------------------------------------------------------------------
[INFO] Skipping Keycloak Broker Examples - Twitter Authentication
[INFO] This project has been banned from the build due to previous failures.
[INFO] ------------------------------------------------------------------------
[INFO] 
[INFO] -------------< org.keycloak:keycloak-examples-cors-parent >-------------
[INFO] Building Keycloak Examples - CORS 16.0.0-SNAPSHOT              [101/192]
[INFO] --------------------------------[ pom ]---------------------------------
[INFO] 
[INFO] --- maven-enforcer-plugin:3.0.0-M2:enforce (enforce-java-version) @ keycloak-examples-cors-parent ---
[INFO] 
[INFO] --- maven-enforcer-plugin:3.0.0-M2:enforce (enforce-maven-version) @ keycloak-examples-cors-parent ---
[INFO] 
[INFO] --- buildnumber-maven-plugin:1.4:create (get-scm-revision) @ keycloak-examples-cors-parent ---
[INFO] 
[INFO] -------< org.keycloak.example.demo:cors-angular-product-example >-------
[INFO] Building Angular Product Portal JS 16.0.0-SNAPSHOT             [102/192]
[INFO] --------------------------------[ war ]---------------------------------
[INFO] 
[INFO] --- maven-enforcer-plugin:3.0.0-M2:enforce (enforce-java-version) @ cors-angular-product-example ---
[INFO] 
[INFO] --- maven-enforcer-plugin:3.0.0-M2:enforce (enforce-maven-version) @ cors-angular-product-example ---
[INFO] 
[INFO] --- buildnumber-maven-plugin:1.4:create (get-scm-revision) @ cors-angular-product-example ---
[INFO] 
[INFO] --- maven-resources-plugin:3.1.0:resources (default-resources) @ cors-angular-product-example ---
[INFO] Using 'UTF-8' encoding to copy filtered resources.
[INFO] skip non existing resourceDirectory /home/target/examples/cors/angular-product-app/src/main/resources
[INFO] 
[INFO] --- maven-compiler-plugin:3.8.1-jboss-1:compile (default-compile) @ cors-angular-product-example ---
[INFO] No sources to compile
[INFO] 
[INFO] --- maven-resources-plugin:3.1.0:testResources (default-testResources) @ cors-angular-product-example ---
[INFO] Using 'UTF-8' encoding to copy filtered resources.
[INFO] skip non existing resourceDirectory /home/target/examples/cors/angular-product-app/src/test/resources
[INFO] 
[INFO] --- maven-compiler-plugin:3.8.1-jboss-1:testCompile (default-testCompile) @ cors-angular-product-example ---
[INFO] No sources to compile
[INFO] 
[INFO] --- maven-surefire-plugin:3.0.0-M5:test (default-test) @ cors-angular-product-example ---
[INFO] No tests to run.
[INFO] 
[INFO] ------------------------------------------------------------------------
[INFO] Skipping JAX-RS Database Service Using OAuth Bearer Tokens
[INFO] This project has been banned from the build due to previous failures.
[INFO] ------------------------------------------------------------------------
[INFO] 
[INFO] ----------< org.keycloak:keycloak-examples-providers-parent >-----------
[INFO] Building Provider Examples 16.0.0-SNAPSHOT                     [103/192]
[INFO] --------------------------------[ pom ]---------------------------------
[INFO] 
[INFO] --- maven-enforcer-plugin:3.0.0-M2:enforce (enforce-java-version) @ keycloak-examples-providers-parent ---
[INFO] 
[INFO] --- maven-enforcer-plugin:3.0.0-M2:enforce (enforce-maven-version) @ keycloak-examples-providers-parent ---
[INFO] 
[INFO] --- buildnumber-maven-plugin:1.4:create (get-scm-revision) @ keycloak-examples-providers-parent ---
[INFO] 
[INFO] ------------------------------------------------------------------------
[INFO] Skipping REST Example
[INFO] This project has been banned from the build due to previous failures.
[INFO] ------------------------------------------------------------------------
[INFO] 
[INFO] ------------------------------------------------------------------------
[INFO] Skipping Domain Extension Example
[INFO] This project has been banned from the build due to previous failures.
[INFO] ------------------------------------------------------------------------
[INFO] 
[INFO] ------------------------------------------------------------------------
[INFO] Skipping Authenticator Example
[INFO] This project has been banned from the build due to previous failures.
[INFO] ------------------------------------------------------------------------
[INFO] 
[INFO] ----------------< org.keycloak.example.demo:js-console >----------------
[INFO] Building JS Console 16.0.0-SNAPSHOT                            [104/192]
[INFO] --------------------------------[ war ]---------------------------------
[INFO] 
[INFO] --- maven-enforcer-plugin:3.0.0-M2:enforce (enforce-java-version) @ js-console ---
[INFO] 
[INFO] --- maven-enforcer-plugin:3.0.0-M2:enforce (enforce-maven-version) @ js-console ---
[INFO] 
[INFO] --- buildnumber-maven-plugin:1.4:create (get-scm-revision) @ js-console ---
[INFO] 
[INFO] --- maven-resources-plugin:3.1.0:resources (default-resources) @ js-console ---
[INFO] Using 'UTF-8' encoding to copy filtered resources.
[INFO] skip non existing resourceDirectory /home/target/examples/js-console/src/main/resources
[INFO] 
[INFO] --- maven-compiler-plugin:3.8.1-jboss-1:compile (default-compile) @ js-console ---
[INFO] No sources to compile
[INFO] 
[INFO] --- maven-resources-plugin:3.1.0:testResources (default-testResources) @ js-console ---
[INFO] Using 'UTF-8' encoding to copy filtered resources.
[INFO] skip non existing resourceDirectory /home/target/examples/js-console/src/test/resources
[INFO] 
[INFO] --- maven-compiler-plugin:3.8.1-jboss-1:testCompile (default-testCompile) @ js-console ---
[INFO] No sources to compile
[INFO] 
[INFO] --- maven-surefire-plugin:3.0.0-M5:test (default-test) @ js-console ---
[INFO] No tests to run.
[INFO] 
[INFO] ------------------------------------------------------------------------
[INFO] Skipping Keycloak Examples - Kerberos Credential Delegation
[INFO] This project has been banned from the build due to previous failures.
[INFO] ------------------------------------------------------------------------
[INFO] 
[INFO] ----------------< org.keycloak:keycloak-example-themes >----------------
[INFO] Building Themes Examples 16.0.0-SNAPSHOT                       [105/192]
[INFO] --------------------------------[ jar ]---------------------------------
[INFO] 
[INFO] --- maven-enforcer-plugin:3.0.0-M2:enforce (enforce-java-version) @ keycloak-example-themes ---
[INFO] 
[INFO] --- maven-enforcer-plugin:3.0.0-M2:enforce (enforce-maven-version) @ keycloak-example-themes ---
[INFO] 
[INFO] --- buildnumber-maven-plugin:1.4:create (get-scm-revision) @ keycloak-example-themes ---
[INFO] 
[INFO] --- maven-resources-plugin:3.1.0:resources (default-resources) @ keycloak-example-themes ---
[INFO] Using 'UTF-8' encoding to copy filtered resources.
[INFO] Copying 23 resources
[INFO] 
[INFO] --- maven-compiler-plugin:3.8.1-jboss-1:compile (default-compile) @ keycloak-example-themes ---
[INFO] No sources to compile
[INFO] 
[INFO] --- maven-resources-plugin:3.1.0:testResources (default-testResources) @ keycloak-example-themes ---
[INFO] Using 'UTF-8' encoding to copy filtered resources.
[INFO] skip non existing resourceDirectory /home/target/examples/themes/src/test/resources
[INFO] 
[INFO] --- maven-compiler-plugin:3.8.1-jboss-1:testCompile (default-testCompile) @ keycloak-example-themes ---
[INFO] No sources to compile
[INFO] 
[INFO] --- maven-surefire-plugin:3.0.0-M5:test (default-test) @ keycloak-example-themes ---
[INFO] No tests to run.
[INFO] 
[INFO] -------------< org.keycloak:keycloak-examples-saml-parent >-------------
[INFO] Building SAML Examples 16.0.0-SNAPSHOT                         [106/192]
[INFO] --------------------------------[ pom ]---------------------------------
[INFO] 
[INFO] --- maven-enforcer-plugin:3.0.0-M2:enforce (enforce-java-version) @ keycloak-examples-saml-parent ---
[INFO] 
[INFO] --- maven-enforcer-plugin:3.0.0-M2:enforce (enforce-maven-version) @ keycloak-examples-saml-parent ---
[INFO] 
[INFO] --- buildnumber-maven-plugin:1.4:create (get-scm-revision) @ keycloak-examples-saml-parent ---
[INFO] 
[INFO] ------------------< org.keycloak:saml-servlet-filter >------------------
[INFO] Building Keycloak SAML Adapter as a Servlet Filter 16.0.0-SNAPSHOT [107/192]
[INFO] --------------------------------[ war ]---------------------------------
[INFO] 
[INFO] --- maven-enforcer-plugin:3.0.0-M2:enforce (enforce-java-version) @ saml-servlet-filter ---
[INFO] 
[INFO] --- maven-enforcer-plugin:3.0.0-M2:enforce (enforce-maven-version) @ saml-servlet-filter ---
[INFO] 
[INFO] --- buildnumber-maven-plugin:1.4:create (get-scm-revision) @ saml-servlet-filter ---
[INFO] 
[INFO] --- maven-resources-plugin:3.1.0:resources (default-resources) @ saml-servlet-filter ---
[INFO] Using 'UTF-8' encoding to copy filtered resources.
[INFO] skip non existing resourceDirectory /home/target/examples/saml/servlet-filter/src/main/resources
[INFO] 
[INFO] --- maven-compiler-plugin:3.8.1-jboss-1:compile (default-compile) @ saml-servlet-filter ---
[INFO] No sources to compile
[INFO] 
[INFO] --- maven-resources-plugin:3.1.0:testResources (default-testResources) @ saml-servlet-filter ---
[INFO] Using 'UTF-8' encoding to copy filtered resources.
[INFO] skip non existing resourceDirectory /home/target/examples/saml/servlet-filter/src/test/resources
[INFO] 
[INFO] --- maven-compiler-plugin:3.8.1-jboss-1:testCompile (default-testCompile) @ saml-servlet-filter ---
[INFO] No sources to compile
[INFO] 
[INFO] --- maven-surefire-plugin:3.0.0-M5:test (default-test) @ saml-servlet-filter ---
[INFO] No tests to run.
[INFO] 
[INFO] ------------------------------------------------------------------------
[INFO] Skipping LDAP Demo Application
[INFO] This project has been banned from the build due to previous failures.
[INFO] ------------------------------------------------------------------------
[INFO] ------------------------------------------------------------------------
[INFO] Reactor Summary for Keycloak 16.0.0-SNAPSHOT:
[INFO] 
[INFO] Keycloak BOM Parent ................................ SUCCESS [12 d 22:18 h]
[INFO] Keycloak BOM for adapters .......................... SUCCESS [  04:03 h]
[INFO] Keycloak BOM for server extensions ................. SUCCESS [  03:04 h]
[INFO] Keycloak BOM utilities for the quickstarts ......... SUCCESS [ 25.000 s]
[INFO] Keycloak ........................................... SUCCESS [ 22.000 s]
[INFO] Keycloak Common .................................... SUCCESS [77 d 19:03 h]
[INFO] Keycloak Core ...................................... FAILURE [235 d 16:38 h]
[INFO] Keycloak Server SPI ................................ SKIPPED
[INFO] Keycloak Server Private SPI ........................ SKIPPED
[INFO] Keycloak Kerberos Federation ....................... SKIPPED
[INFO] Keycloak LDAP UserStoreProvider .................... SKIPPED
[INFO] Keycloak SAML Core Public API ...................... SUCCESS [34 d 16:48 h]
[INFO] Keycloak SAML Core ................................. SUCCESS [111 d 21:00 h]
[INFO] Keycloak REST Services ............................. SKIPPED
[INFO] Keycloak JS Integration ............................ SUCCESS [124 d 16:57 h]
[INFO] Keycloak Themes .................................... SUCCESS [600 d 17:02 h]
[INFO] Keycloak Dependencies Parent ....................... SUCCESS [47:20 min]
[INFO] Keycloak Dependencies Server Min ................... SKIPPED
[INFO] Keycloak Model Parent .............................. SUCCESS [50:11 min]
[INFO] Keycloak Model JPA ................................. SKIPPED
[INFO] Keycloak Model Java Annotations and Processor ...... SUCCESS [2 d 02:51 h]
[INFO] Keycloak Model Map ................................. SKIPPED
[INFO] Keycloak Model Infinispan .......................... SKIPPED
[INFO] Keycloak Model Hot Rod ............................. SKIPPED
[INFO] Keycloak SSSD Federation ........................... SKIPPED
[INFO] KeyCloak Authz: Parent ............................. SUCCESS [  01:47 h]
[INFO] KeyCloak AuthZ: Provider Parent .................... SUCCESS [44:08 min]
[INFO] KeyCloak AuthZ: Common Policy Providers ............ SKIPPED
[INFO] Keycloak Dependencies Server All ................... SKIPPED
[INFO] Keycloak Federation ................................ SUCCESS [34:04 min]
[INFO] Keycloak Util Embedded LDAP ........................ SKIPPED
[INFO] Keycloak Util Parent ............................... SUCCESS [  01:09 h]
[INFO] Keycloak WildFly Integration ....................... SUCCESS [41:05 min]
[INFO] Keycloak WildFly Add User Script ................... SKIPPED
[INFO] Keycloak WildFly Extensions ........................ SKIPPED
[INFO] Keycloak WildFly Server Subsystem .................. SKIPPED
[INFO] Keycloak Integration ............................... SUCCESS [  19:04 h]
[INFO] Keycloak Admin REST Client ......................... SKIPPED
[INFO] Keycloak Client Registration API ................... SKIPPED
[INFO] Keycloak Client CLI ................................ SUCCESS [  02:30 h]
[INFO] Keycloak Client Registration CLI ................... SKIPPED
[INFO] Keycloak Admin CLI ................................. SKIPPED
[INFO] Keycloak Client CLI Distribution ................... SKIPPED
[INFO] Keycloak Adapter SPI ............................... SUCCESS [1 d 14:04 h]
[INFO] Keycloak Tomcat Adapter SPI ........................ SUCCESS [  16:19 h]
[INFO] Keycloak Undertow Integration SPI .................. SUCCESS [4 d 16:11 h]
[INFO] Keycloak Servlet Integration ....................... SUCCESS [2 d 23:27 h]
[INFO] Common JBoss/Wildfly Core Classes .................. SUCCESS [3 d 19:27 h]
[INFO] Keycloak Jetty Adapter SPI ......................... SUCCESS [5 d 09:19 h]
[INFO] Keycloak Client Adapter SPI Modules ................ SUCCESS [  01:26 h]
[INFO] Keycloak SAML Client Adapter Public API ............ SUCCESS [3 d 12:58 h]
[INFO] Keycloak SAML Client Adapter Core .................. SUCCESS [49 d 11:25 h]
[INFO] Keycloak Undertow SAML Adapter ..................... SUCCESS [5 d 16:26 h]
[INFO] Keycloak SAML Tomcat Integration ................... SUCCESS [  02:02 h]
[INFO] Keycloak Tomcat Core SAML Integration .............. SUCCESS [2 d 11:15 h]
[INFO] Keycloak Tomcat SAML Integration ................... SUCCESS [  09:51 h]
[INFO] Keycloak Tomcat 7 SAML Integration ................. SUCCESS [2 d 01:56 h]
[INFO] Keycloak Wildfly SAML Adapter ...................... SUCCESS [7 d 15:04 h]
[INFO] KeyCloak Authz: Client API ......................... SKIPPED
[INFO] Keycloak Adapter Core .............................. SKIPPED
[INFO] Keycloak WildFly Elytron SAML Adapter .............. SKIPPED
[INFO] Keycloak Wildfly SAML Adapter Subsystem ............ SKIPPED
[INFO] Keycloak SAML Wildfly Integration .................. SUCCESS [  01:12 h]
[INFO] Keycloak SAML Servlet Filter ....................... SUCCESS [1 d 13:42 h]
[INFO] Keycloak Jetty Core SAML Integration ............... SUCCESS [5 d 04:55 h]
[INFO] Keycloak Jetty 9.2.x SAML Integration .............. SUCCESS [3 d 22:14 h]
[INFO] Keycloak Jetty 9.3.x SAML Integration .............. SUCCESS [4 d 01:40 h]
[INFO] Keycloak Jetty 9.4.x SAML Integration .............. SUCCESS [2 d 10:32 h]
[INFO] Keycloak SAML Jetty Integration .................... SUCCESS [  05:45 h]
[INFO] Keycloak AS7 / JBoss EAP 6 Integration ............. SUCCESS [38:37 min]
[INFO] Keycloak AS7 SPI ................................... SUCCESS [26 d 20:49 h]
[INFO] Keycloak SAML EAP Integration ...................... SUCCESS [30:26 min]
[INFO] Keycloak SAML AS7 Integration ...................... SUCCESS [2 d 23:21 h]
[INFO] Keycloak SAML AS7 Subsystem ........................ FAILURE [3 d 21:44 h]
[INFO] Keycloak SAML Client Adapter Modules ............... SUCCESS [55:25 min]
[INFO] Keycloak Installed Application ..................... SKIPPED
[INFO] Keycloak Undertow Integration ...................... SKIPPED
[INFO] Keycloak Fuse 7.0 Integration ...................... SUCCESS [  01:10 h]
[INFO] Keycloak Fuse 7.0 Adapter - Camel + Undertow ....... SKIPPED
[INFO] Keycloak OSGI Adapter .............................. SKIPPED
[INFO] Keycloak Fuse 7.0 Adapter - Undertow ............... SKIPPED
[INFO] Keycloak Jetty Core Integration .................... SKIPPED
[INFO] Keycloak Jetty 9.4.x Integration ................... SKIPPED
[INFO] Keycloak Fuse 7.0 Adapter - Jetty 9.4 .............. SKIPPED
[INFO] Keycloak Tomcat Integration ........................ SUCCESS [  5.000 s]
[INFO] Keycloak Tomcat Core Integration ................... SKIPPED
[INFO] Keycloak Tomcat Integration ........................ SKIPPED
[INFO] Keycloak Fuse 7.0 Adapter - Tomcat 8 ............... SKIPPED
[INFO] Keycloak CLI SSO Framework ......................... SKIPPED
[INFO] Keycloak JAX-RS OAuth Client ....................... SKIPPED
[INFO] Keycloak Jetty 9.2.x Integration ................... SKIPPED
[INFO] Keycloak Jetty 9.3.x Integration ................... SKIPPED
[INFO] Keycloak Jetty Integration ......................... SUCCESS [11:20 min]
[INFO] Keycloak Servlet Filter Adapter Integration ........ SKIPPED
[INFO] spring-boot-container-bundle ....................... SKIPPED
[INFO] spring-boot-legacy-container-bundle ................ SKIPPED
[INFO] Keycloak Spring Security Integration ............... SKIPPED
[INFO] Keycloak Spring Boot Adapter Core .................. SKIPPED
[INFO] Keycloak Spring Boot Integration ................... SKIPPED
[INFO] Keycloak Spring Boot 2 Integration ................. SKIPPED
[INFO] Keycloak Tomcat 7 Integration ...................... SKIPPED
[INFO] Keycloak Wildfly Integration ....................... SKIPPED
[INFO] Keycloak Wildfly Elytron OIDC Adapter .............. SKIPPED
[INFO] Keycloak Wildfly Adapter Subsystem ................. SKIPPED
[INFO] Keycloak WildFly Integration ....................... SUCCESS [  01:49 h]
[INFO] Keycloak AS7 Integration ........................... SKIPPED
[INFO] Keycloak AS7 Subsystem ............................. SKIPPED
[INFO] Keycloak OIDC Client Adapter Modules ............... SUCCESS [ 10.000 s]
[INFO] Keycloak Adapters .................................. SUCCESS [ 10.000 s]
[INFO] Keycloak Misc ...................................... SUCCESS [  6.000 s]
[INFO] Keycloak :: Spring :: Boot ......................... SUCCESS [ 15.000 s]
[INFO] Keycloak :: Spring :: Boot :: Default ::  Starter .. SKIPPED
[INFO] Keycloak :: Spring :: Boot ......................... SUCCESS [1 d 04:40 h]
[INFO] Keycloak :: Legacy :: Spring :: Boot :: Default ::  Starter SKIPPED
[INFO] keycloak-test-helper ............................... SKIPPED
[INFO] Keycloak TestSuite ................................. SUCCESS [15:10 min]
[INFO] DB Allocator Plugin ................................ SUCCESS [64 d 05:49 h]
[INFO] Keycloak Arquillian Integration TestSuite .......... SUCCESS [  05:03 h]
[INFO] Test apps .......................................... SUCCESS [42:36 min]
[INFO] Test apps distribution ............................. SUCCESS [13 d 16:55 h]
[INFO] Keycloak Authz: PhotoZ  Test Parent ................ SUCCESS [  02:18 h]
[INFO] Keycloak Authz Test: Photoz RESTful API ............ SKIPPED
[INFO] Keycloak Authz Tests: Photoz HTML5 Client .......... SUCCESS [  09:17 h]
[INFO] Keycloak Authz Tests: Hello World Example .......... SUCCESS [  02:43 h]
[INFO] Keycloak Authz: Servlet Authorization Test ......... SKIPPED
[INFO] Keycloak Authz: Simple Servlet App with Policy Enforcer SUCCESS [1 d 03:42 h]
[INFO] integration-arquillian-test-apps-servlets .......... SKIPPED
[INFO] Keycloak Test App Profile JEE ...................... SKIPPED
[INFO] integration-arquillian-test-apps-cors-parent ....... SUCCESS [  9.000 s]
[INFO] Angular Product Portal JS .......................... FAILURE [20:56 min]
[INFO] JAX-RS Database Service Using OAuth Bearer Tokens .. SKIPPED
[INFO] Fuse Test Applications ............................. SUCCESS [  9.000 s]
[INFO] Customer Portal - Secured in Karaf/Fuse ............ SKIPPED
[INFO] CXF JAXRS Example - Secured in Karaf/Fuse .......... SUCCESS [3 d 23:42 h]
[INFO] CXF JAXRS Example - Secured in Karaf/Fuse 7 on Undertow SUCCESS [  10:29 h]
[INFO] CXF JAXWS Example - Secured in Karaf/Fuse .......... SUCCESS [7 d 12:24 h]
[INFO] CXF JAXWS Example - Secured in Karaf/Fuse 7 on Undertow SUCCESS [1 d 10:45 h]
[INFO] Product Portal - Secured in Karaf/Fuse ............. SKIPPED
[INFO] Product Portal - Secured in Karaf/Fuse 7 on Undertow SKIPPED
[INFO] Camel endpoint example - Secured in Karaf/Fuse ..... SKIPPED
[INFO] Camel endpoint example - Secured in Karaf/Fuse 7.0 on Undertow SKIPPED
[INFO] Keycloak Fuse Example - Features ................... SUCCESS [1 d 21:53 h]
[INFO] Keycloak Examples - External Config ................ SKIPPED
[INFO] spring-boot-adapter-app ............................ SKIPPED
[INFO] Servers ............................................ SUCCESS [  8.000 s]
[INFO] Auth Server ........................................ SUCCESS [  7.000 s]
[INFO] Auth Server Services ............................... SUCCESS [  01:53 h]
[INFO] Auth Server Services - Testsuite Providers ......... SKIPPED
[INFO] Auth Server - JBoss ................................ SUCCESS [  02:05 h]
[INFO] Keycloak TestSuite Utils ........................... SKIPPED
[INFO] Test Util .......................................... SKIPPED
[INFO] Auth Server - Undertow ............................. SKIPPED
[INFO] App Server ......................................... SUCCESS [  11:21 h]
[INFO] App Server - SPI ................................... SUCCESS [1 d 10:52 h]
[INFO] App Server - JBoss ................................. SUCCESS [  01:21 h]
[INFO] App Server - Karaf ................................. SUCCESS [  4.000 s]
[INFO] App Server - Tomcat ................................ SUCCESS [  9.000 s]
[INFO] App Server - Undertow .............................. SKIPPED
[INFO] App Server - Jetty Parent .......................... SUCCESS [  4.000 s]
[INFO] Keycloak Arquillian Integration TestSuite - Cache Server SUCCESS [51:21 min]
[INFO] Keycloak Arquillian Integration TestSuite - Cache Server - Infinispan SUCCESS [  6.000 s]
[INFO] Keycloak Arquillian Integration TestSuite - Cache Server - Legacy SUCCESS [17:04 min]
[INFO] Tests .............................................. SUCCESS [3 d 10:04 h]
[INFO] Base TestSuite ..................................... SKIPPED
[INFO] Other Tests Modules ................................ SUCCESS [  10:31 h]
[INFO] Adapter Tests ...................................... SUCCESS [  01:34 h]
[INFO] Adapter Tests - JBoss .............................. SUCCESS [  7.000 s]
[INFO] Adapter Tests - Karaf .............................. SUCCESS [  8.000 s]
[INFO] Adapter Tests - WAS ................................ SUCCESS [  13:17 h]
[INFO] Adapter Tests - WLS ................................ SUCCESS [1 d 09:40 h]
[INFO] SSSD tests ......................................... SKIPPED
[INFO] Tests for logical storage layer .................... SKIPPED
[INFO] Keycloak Examples .................................. SUCCESS [  01:21 h]
[INFO] Keycloak Examples - Admin Client ................... SKIPPED
[INFO] Broker Examples .................................... SUCCESS [ 20.000 s]
[INFO] Keycloak Broker Examples - Facebook Authentication . SUCCESS [  03:59 h]
[INFO] Keycloak Broker Examples - Google Authentication ... SUCCESS [56:16 min]
[INFO] Keycloak Broker Examples - SAML Identity Provider Brokering SUCCESS [  20:57 h]
[INFO] Keycloak Broker Examples - Twitter Authentication .. SKIPPED
[INFO] Keycloak Examples - CORS ........................... SUCCESS [37:13 min]
[INFO] Angular Product Portal JS .......................... SUCCESS [  01:23 h]
[INFO] JAX-RS Database Service Using OAuth Bearer Tokens .. SKIPPED
[INFO] Provider Examples .................................. SUCCESS [  04:37 h]
[INFO] REST Example ....................................... SKIPPED
[INFO] Domain Extension Example ........................... SKIPPED
[INFO] Authenticator Example .............................. SKIPPED
[INFO] JS Console ......................................... SUCCESS [  11:42 h]
[INFO] Keycloak Examples - Kerberos Credential Delegation . SKIPPED
[INFO] Themes Examples .................................... SUCCESS [39:31 min]
[INFO] SAML Examples ...................................... SUCCESS [35:24 min]
[INFO] Keycloak SAML Adapter as a Servlet Filter .......... SUCCESS [2 d 04:22 h]
[INFO] LDAP Demo Application .............................. SKIPPED
[INFO] ------------------------------------------------------------------------
[INFO] BUILD FAILURE
[INFO] ------------------------------------------------------------------------
[INFO] Total time:  1490 d 21:02 h
[INFO] Finished at: 2025-12-20T20:29:20Z
[INFO] ------------------------------------------------------------------------
[ERROR] Failed to execute goal org.apache.maven.plugins:maven-surefire-plugin:3.0.0-M5:test (default-test) on project keycloak-core: There are test failures.
[ERROR] 
[ERROR] Please refer to /home/target/core/target/surefire-reports for the individual test results.
[ERROR] Please refer to dump files (if any exist) [date].dump, [date]-jvmRun[N].dump and [date].dumpstream.
[ERROR] -> [Help 1]
[ERROR] Failed to execute goal on project keycloak-saml-as7-subsystem: Could not resolve dependencies for project org.keycloak:keycloak-saml-as7-subsystem:jar:16.0.0-SNAPSHOT: The following artifacts could not be resolved: org.jboss.com.sun.httpserver:httpserver:jar:1.0.1.Final, org.jacorb:jacorb:jar:2.3.2.jbossorg-4, org.jboss.security:jboss-negotiation-extras:jar:2.2.2.Final, org.jboss.security:jboss-negotiation-common:jar:2.2.2.Final, org.jboss.security:jboss-negotiation-spnego:jar:2.2.2.Final, org.jboss.web:jbossweb:jar:7.2.0.Final: Could not transfer artifact org.jboss.com.sun.httpserver:httpserver:jar:1.0.1.Final from/to central (https://repo.maven.apache.org/maven2): transfer failed for https://repo.maven.apache.org/maven2/org/jboss/com/sun/httpserver/httpserver/1.0.1.Final/httpserver-1.0.1.Final.jar: PKIX path validation failed: java.security.cert.CertPathValidatorException: validity check failed: NotAfter: Sun Jun 16 00:00:00 UTC 2024 -> [Help 2]
[ERROR] Failed to execute goal org.apache.maven.plugins:maven-dependency-plugin:3.1.2:unpack (unpack-javascript-adapter) on project integration-arquillian-test-apps-cors-angular-product: Artifact has not been packaged yet. When used on reactor artifact, unpack should be executed after packaging: see MDEP-98. -> [Help 3]
[ERROR] 
[ERROR] To see the full stack trace of the errors, re-run Maven with the -e switch.
[ERROR] Re-run Maven using the -X switch to enable full debug logging.
[ERROR] 
[ERROR] For more information about the errors and possible solutions, please read the following articles:
[ERROR] [Help 1] http://cwiki.apache.org/confluence/display/MAVEN/MojoFailureException
[ERROR] [Help 2] http://cwiki.apache.org/confluence/display/MAVEN/DependencyResolutionException
[ERROR] [Help 3] http://cwiki.apache.org/confluence/display/MAVEN/MojoExecutionException
[ERROR] 
[ERROR] After correcting the problems, you can resume the build with the command
[ERROR]   mvn <args> -rf :keycloak-core
{'error': True, 'log_file': 'output-2021-11-08T00:58:38-0375.log', 'message': '', 'start_time': '2021-11-08T00:58:38', 'end_time': '2021-11-08T00:59:59', 'command': ['mvn', '-fae', 'test'], 'faketime_str': '+0 i1.0', 'timezone': datetime.timezone(datetime.timedelta(0), 'UTC')}
